        -:    0:Source:dominion.c
        -:    0:Graph:dominion.gcno
        -:    0:Data:dominion.gcda
        -:    0:Runs:10
        -:    0:Programs:1
        -:    1:#include "dominion.h"
        -:    2:#include "dominion_helpers.h"
        -:    3:#include "rngs.h"
        -:    4:#include <stdio.h>
        -:    5:#include <math.h>
        -:    6:#include <stdlib.h>
        -:    7:
        -:    8:
function playSmithy called 23 returned 100% blocks executed 100%
        -:    9:int playSmithy(int currentPlayer, struct gameState *state, int handPos){
       23:   10:  int i = 0;
      184:   11:  for (i = 0; i < 3; i++)
branch  0 taken 75%
branch  1 taken 25%
        -:   12:  {
       69:   13:    drawCard(currentPlayer, state);
       69:   14:  }
        -:   15:      //discard card from hand
       23:   16:  discardCard(handPos, currentPlayer, state, 0);
       23:   17:  return 1;
        -:   18:}
        -:   19:
function playAdventurer called 17 returned 100% blocks executed 100%
        -:   20:int playAdventurer(int drawntreasure, struct gameState *state,int currentPlayer,int z,int temphand[MAX_HAND]){
        -:   21:  int cardDrawn;
        -:   22:
      216:   23:  while(drawntreasure<2){
branch  0 taken 84%
branch  1 taken 16%
       91:   24:    drawCard(currentPlayer, state);
       91:   25:    cardDrawn = state->hand[currentPlayer][state->handCount[currentPlayer]-1];//top card of hand is most recently drawn card.
        -:   26:
      223:   27:    if (cardDrawn == copper || cardDrawn == silver || cardDrawn == gold)
branch  0 taken 73%
branch  1 taken 27%
branch  2 taken 100%
branch  3 taken 0%
branch  4 taken 14%
branch  5 taken 86%
       34:   28:      drawntreasure++;
        -:   29:    else{
       57:   30:      temphand[z]=cardDrawn;
       57:   31:      state->handCount[currentPlayer]--; //this should just remove the top card (the most recently drawn one).
       57:   32:      z++;
        -:   33:    }
        -:   34:  }
        -:   35:
      148:   36:  while(z-1>=0){
branch  0 taken 77%
branch  1 taken 23%
       57:   37:    state->discard[currentPlayer][state->discardCount[currentPlayer]++]=temphand[z-1]; // discard all cards in play that have been drawn
       57:   38:    z=z-1;
        -:   39:  }
       17:   40:  return 0;
        -:   41:}
        -:   42:
function playVillage called 0 returned 0% blocks executed 0%
        -:   43:int playVillage(int handPos,struct gameState *state,int currentPlayer){
    #####:   44:  drawCard(currentPlayer, state);
    #####:   45:  state->numActions = state->numActions + 2;
    #####:   46:  discardCard(handPos, currentPlayer, state, 0);
    #####:   47:  return 0;
        -:   48:}
        -:   49:
function playGreat_hall called 0 returned 0% blocks executed 0%
        -:   50:int playGreat_hall(int handPos, struct gameState *state,int currentPlayer){
        -:   51:   //+1 Card
    #####:   52:  drawCard(currentPlayer, state);
        -:   53:      //+1 Actions
    #####:   54:  state->numActions--;
        -:   55:      //discard card from hand
    #####:   56:  discardCard(handPos, currentPlayer, state, 0);
    #####:   57:  return 0;
        -:   58:}
        -:   59:
        -:   60:
function playSteward called 8 returned 100% blocks executed 100%
        -:   61:int playSteward(int choice1,int choice2,int choice3,int currentPlayer,struct gameState *state,int handPos){
        8:   62:  if (choice1 == 1)
branch  0 taken 13%
branch  1 taken 88%
        -:   63:  {
        -:   64:    //+2 cards
        1:   65:    drawCard(currentPlayer, state);
        1:   66:    drawCard(currentPlayer, state);
        1:   67:  }
        7:   68:  else if (choice1 == 2)
branch  0 taken 14%
branch  1 taken 86%
        -:   69:  {
        -:   70:    //+2 coins
        1:   71:    state->coins = state->coins + 2;
        1:   72:  }
        -:   73:  else
        -:   74:  {
        -:   75:    //trash 2 cards in hand
        6:   76:    discardCard(choice2, currentPlayer, state, 1);
        6:   77:    discardCard(choice2, currentPlayer, state, 1);
        -:   78:  }
        -:   79:
        -:   80:      //discard card from hand
        8:   81:  discardCard(handPos, currentPlayer, state, 0);
        8:   82:  return 0;
        -:   83:}
        -:   84:
        -:   85:
function compare called 196951 returned 100% blocks executed 100%
        -:   86:int compare(const void* a, const void* b) {
   196951:   87:  if (*(int*)a > *(int*)b)
branch  0 taken 1%
branch  1 taken 99%
     1088:   88:    return 1;
   195863:   89:  if (*(int*)a < *(int*)b)
branch  0 taken 36%
branch  1 taken 64%
    70354:   90:    return -1;
   125509:   91:  return 0;
   196951:   92:}
        -:   93:
function newGame called 0 returned 0% blocks executed 0%
        -:   94:struct gameState* newGame() {
    #####:   95:  struct gameState* g = malloc(sizeof(struct gameState));
    #####:   96:  return g;
        -:   97:}
        -:   98:
function kingdomCards called 0 returned 0% blocks executed 0%
        -:   99:int* kingdomCards(int k1, int k2, int k3, int k4, int k5, int k6, int k7,
        -:  100:		  int k8, int k9, int k10) {
    #####:  101:  int* k = malloc(10 * sizeof(int));
    #####:  102:  k[0] = k1;
    #####:  103:  k[1] = k2;
    #####:  104:  k[2] = k3;
    #####:  105:  k[3] = k4;
    #####:  106:  k[4] = k5;
    #####:  107:  k[5] = k6;
    #####:  108:  k[6] = k7;
    #####:  109:  k[7] = k8;
    #####:  110:  k[8] = k9;
    #####:  111:  k[9] = k10;
    #####:  112:  return k;
        -:  113:}
        -:  114:
function initializeGame called 6725 returned 100% blocks executed 94%
        -:  115:int initializeGame(int numPlayers, int kingdomCards[10], int randomSeed,
        -:  116:		   struct gameState *state) {
        -:  117:
        -:  118:  int i;
        -:  119:  int j;
        -:  120:  int it;
        -:  121:  //set up random number generator
     6725:  122:  SelectStream(1);
     6725:  123:  PutSeed((long)randomSeed);
        -:  124:
        -:  125:  //check number of players
    13450:  126:  if (numPlayers > MAX_PLAYERS || numPlayers < 2)
branch  0 taken 100%
branch  1 taken 0%
branch  2 taken 0%
branch  3 taken 100%
        -:  127:    {
    #####:  128:      return -1;
        -:  129:    }
        -:  130:
        -:  131:  //set number of players
     6725:  132:  state->numPlayers = numPlayers;
        -:  133:
        -:  134:  //check selected kingdom cards are different
   147950:  135:  for (i = 0; i < 10; i++)
branch  0 taken 91%
branch  1 taken 9%
        -:  136:    {
  1479500:  137:      for (j = 0; j < 10; j++)
branch  0 taken 91%
branch  1 taken 9%
        -:  138:        {
  1277750:  139:	  if (j != i && kingdomCards[j] == kingdomCards[i])
branch  0 taken 90%
branch  1 taken 10%
branch  2 taken 0%
branch  3 taken 100%
        -:  140:	    {
    #####:  141:	      return -1;
        -:  142:	    }
   672500:  143:        }
    67250:  144:    }
        -:  145:
        -:  146:
        -:  147:  //initialize supply
        -:  148:  ///////////////////////////////
        -:  149:
        -:  150:  //set number of Curse cards
     6725:  151:  if (numPlayers == 2)
branch  0 taken 97%
branch  1 taken 3%
        -:  152:    {
     6500:  153:      state->supplyCount[curse] = 10;
     6500:  154:    }
      225:  155:  else if (numPlayers == 3)
branch  0 taken 0%
branch  1 taken 100%
        -:  156:    {
    #####:  157:      state->supplyCount[curse] = 20;
    #####:  158:    }
        -:  159:  else
        -:  160:    {
      225:  161:      state->supplyCount[curse] = 30;
        -:  162:    }
        -:  163:
        -:  164:  //set number of Victory cards
     6725:  165:  if (numPlayers == 2)
branch  0 taken 97%
branch  1 taken 3%
        -:  166:    {
     6500:  167:      state->supplyCount[estate] = 8;
     6500:  168:      state->supplyCount[duchy] = 8;
     6500:  169:      state->supplyCount[province] = 8;
     6500:  170:    }
        -:  171:  else
        -:  172:    {
      225:  173:      state->supplyCount[estate] = 12;
      225:  174:      state->supplyCount[duchy] = 12;
      225:  175:      state->supplyCount[province] = 12;
        -:  176:    }
        -:  177:
        -:  178:  //set number of Treasure cards
     6725:  179:  state->supplyCount[copper] = 60 - (7 * numPlayers);
     6725:  180:  state->supplyCount[silver] = 40;
     6725:  181:  state->supplyCount[gold] = 30;
        -:  182:
        -:  183:  //set number of Kingdom cards
   282450:  184:  for (i = adventurer; i <= treasure_map; i++)       	//loop all cards
branch  0 taken 95%
branch  1 taken 5%
        -:  185:    {
  2219250:  186:      for (j = 0; j < 10; j++)           		//loop chosen cards
branch  0 taken 94%
branch  1 taken 6%
        -:  187:	{
  1042375:  188:	  if (kingdomCards[j] == i)
branch  0 taken 6%
branch  1 taken 94%
        -:  189:	    {
        -:  190:	      //check if card is a 'Victory' Kingdom card
   127775:  191:	      if (kingdomCards[j] == great_hall || kingdomCards[j] == gardens)
branch  0 taken 90%
branch  1 taken 10%
branch  2 taken 11%
branch  3 taken 89%
        -:  192:		{
    13450:  193:		  if (numPlayers == 2){
branch  0 taken 97%
branch  1 taken 3%
    13000:  194:		    state->supplyCount[i] = 8;
    13000:  195:		  }
      450:  196:		  else{ state->supplyCount[i] = 12; }
    13450:  197:		}
        -:  198:	      else
        -:  199:		{
    53800:  200:		  state->supplyCount[i] = 10;
        -:  201:		}
    67250:  202:	      break;
        -:  203:	    }
        -:  204:	  else    //card is not in the set choosen for the game
        -:  205:	    {
   975125:  206:	      state->supplyCount[i] = -1;
        -:  207:	    }
   975125:  208:	}
        -:  209:
   134500:  210:    }
        -:  211:
        -:  212:  ////////////////////////
        -:  213:  //supply intilization complete
        -:  214:
        -:  215:  //set player decks
    41250:  216:  for (i = 0; i < numPlayers; i++)
branch  0 taken 67%
branch  1 taken 33%
        -:  217:    {
    13900:  218:      state->deckCount[i] = 0;
   111200:  219:      for (j = 0; j < 3; j++)
branch  0 taken 75%
branch  1 taken 25%
        -:  220:	{
    41700:  221:	  state->deck[i][j] = estate;
    41700:  222:	  state->deckCount[i]++;
    41700:  223:	}
   222400:  224:      for (j = 3; j < 10; j++)
branch  0 taken 88%
branch  1 taken 13%
        -:  225:	{
    97300:  226:	  state->deck[i][j] = copper;
    97300:  227:	  state->deckCount[i]++;
    97300:  228:	}
    13900:  229:    }
        -:  230:
        -:  231:  //shuffle player decks
    41250:  232:  for (i = 0; i < numPlayers; i++)
branch  0 taken 67%
branch  1 taken 33%
        -:  233:    {
    13900:  234:      if ( shuffle(i, state) < 0 )
branch  0 taken 0%
branch  1 taken 100%
        -:  235:	{
    #####:  236:	  return -1;
        -:  237:	}
    13900:  238:    }
        -:  239:
        -:  240:  //draw player hands
    41250:  241:  for (i = 0; i < numPlayers; i++)
branch  0 taken 67%
branch  1 taken 33%
        -:  242:    {
        -:  243:      //initialize hand size to zero
    13900:  244:      state->handCount[i] = 0;
    13900:  245:      state->discardCount[i] = 0;
        -:  246:      //draw 5 cards
        -:  247:      // for (j = 0; j < 5; j++)
        -:  248:      //	{
        -:  249:      //	  drawCard(i, state);
        -:  250:      //	}
    13900:  251:    }
        -:  252:
        -:  253:  //set embargo tokens to 0 for all supply piles
   376600:  254:  for (i = 0; i <= treasure_map; i++)
branch  0 taken 96%
branch  1 taken 4%
        -:  255:    {
   181575:  256:      state->embargoTokens[i] = 0;
   181575:  257:    }
        -:  258:
        -:  259:  //initialize first player's turn
     6725:  260:  state->outpostPlayed = 0;
     6725:  261:  state->phase = 0;
     6725:  262:  state->numActions = 1;
     6725:  263:  state->numBuys = 1;
     6725:  264:  state->playedCardCount = 0;
     6725:  265:  state->whoseTurn = 0;
     6725:  266:  state->handCount[state->whoseTurn] = 0;
        -:  267:  //int it; move to top
        -:  268:
        -:  269:  //Moved draw cards to here, only drawing at the start of a turn
    80700:  270:  for (it = 0; it < 5; it++){
branch  0 taken 83%
branch  1 taken 17%
    33625:  271:    drawCard(state->whoseTurn, state);
    33625:  272:  }
        -:  273:
     6725:  274:  updateCoins(state->whoseTurn, state, 0);
        -:  275:
     6725:  276:  return 0;
     6725:  277:}
        -:  278:
function shuffle called 13915 returned 100% blocks executed 100%
        -:  279:int shuffle(int player, struct gameState *state) {
        -:  280:
        -:  281:
        -:  282:  int newDeck[MAX_DECK];
    13915:  283:  int newDeckPos = 0;
        -:  284:  int card;
        -:  285:  int i;
        -:  286:
    13915:  287:  if (state->deckCount[player] < 1)
branch  0 taken 1%
branch  1 taken 99%
        5:  288:    return -1;
    13910:  289:  qsort ((void*)(state->deck[player]), state->deckCount[player], sizeof(int), compare);
        -:  290:  /* SORT CARDS IN DECK TO ENSURE DETERMINISM! */
        -:  291:
   306968:  292:  while (state->deckCount[player] > 0) {
branch  0 taken 91%
branch  1 taken 9%
   139574:  293:    card = floor(Random() * state->deckCount[player]);
   139574:  294:    newDeck[newDeckPos] = state->deck[player][card];
   139574:  295:    newDeckPos++;
   961436:  296:    for (i = card; i < state->deckCount[player]-1; i++) {
branch  0 taken 71%
branch  1 taken 29%
   341144:  297:      state->deck[player][i] = state->deck[player][i+1];
   341144:  298:    }
   139574:  299:    state->deckCount[player]--;
        -:  300:  }
   306968:  301:  for (i = 0; i < newDeckPos; i++) {
branch  0 taken 91%
branch  1 taken 9%
   139574:  302:    state->deck[player][i] = newDeck[i];
   139574:  303:    state->deckCount[player]++;
   139574:  304:  }
        -:  305:
    13910:  306:  return 0;
    13915:  307:}
        -:  308:
function playCard called 2000 returned 100% blocks executed 75%
        -:  309:int playCard(int handPos, int choice1, int choice2, int choice3, struct gameState *state)
        -:  310:{
        -:  311:  int card;
     2000:  312:  int coin_bonus = 0; 		//tracks coins gain from actions
        -:  313:
        -:  314:  //check if it is the right phase
     2000:  315:  if (state->phase != 0)
branch  0 taken 67%
branch  1 taken 33%
        -:  316:    {
     1341:  317:      return -1;
        -:  318:    }
        -:  319:
        -:  320:  //check if player has enough actions
      659:  321:  if ( state->numActions < 1 )
branch  0 taken 5%
branch  1 taken 95%
        -:  322:    {
       36:  323:      return -1;
        -:  324:    }
        -:  325:
        -:  326:  //get card played
      623:  327:  card = handCard(handPos, state);
        -:  328:
        -:  329:  //check if selected card is an action
      945:  330:  if ( card < adventurer || card > treasure_map )
branch  0 taken 52%
branch  1 taken 48%
branch  2 taken 100%
branch  3 taken 0%
        -:  331:    {
      623:  332:      return -1;
        -:  333:    }
        -:  334:
        -:  335:  //play card
    #####:  336:  if ( cardEffect(card, choice1, choice2, choice3, state, handPos, &coin_bonus) < 0 )
branch  0 never executed
branch  1 never executed
        -:  337:    {
    #####:  338:      return -1;
        -:  339:    }
        -:  340:
        -:  341:  //reduce number of actions
    #####:  342:  state->numActions--;
        -:  343:
        -:  344:  //update coins (Treasure cards may be added with card draws)
    #####:  345:  updateCoins(state->whoseTurn, state, coin_bonus);
        -:  346:
    #####:  347:  return 0;
     2000:  348:}
        -:  349:
function buyCard called 0 returned 0% blocks executed 0%
        -:  350:int buyCard(int supplyPos, struct gameState *state) {
        -:  351:  int who;
        -:  352:  if (DEBUG){
        -:  353:    printf("Entering buyCard...\n");
        -:  354:  }
        -:  355:
        -:  356:  // I don't know what to do about the phase thing.
        -:  357:
    #####:  358:  who = state->whoseTurn;
        -:  359:
    #####:  360:  if (state->numBuys < 1){
branch  0 never executed
branch  1 never executed
        -:  361:    if (DEBUG)
        -:  362:      printf("You do not have any buys left\n");
    #####:  363:    return -1;
    #####:  364:  } else if (supplyCount(supplyPos, state) <1){
branch  0 never executed
branch  1 never executed
        -:  365:    if (DEBUG)
        -:  366:      printf("There are not any of that type of card left\n");
    #####:  367:    return -1;
    #####:  368:  } else if (state->coins < getCost(supplyPos)){
branch  0 never executed
branch  1 never executed
        -:  369:    if (DEBUG)
        -:  370:      printf("You do not have enough money to buy that. You have %d coins.\n", state->coins);
    #####:  371:    return -1;
        -:  372:  } else {
    #####:  373:    state->phase=1;
        -:  374:    //state->supplyCount[supplyPos]--;
    #####:  375:    gainCard(supplyPos, state, 0, who); //card goes in discard, this might be wrong.. (2 means goes into hand, 0 goes into discard)
        -:  376:
    #####:  377:    state->coins = (state->coins) - (getCost(supplyPos));
    #####:  378:    state->numBuys--;
        -:  379:    if (DEBUG)
        -:  380:      printf("You bought card number %d for %d coins. You now have %d buys and %d coins.\n", supplyPos, getCost(supplyPos), state->numBuys, state->coins);
        -:  381:  }
        -:  382:
        -:  383:  //state->discard[who][state->discardCount[who]] = supplyPos;
        -:  384:  //state->discardCount[who]++;
        -:  385:
    #####:  386:  return 0;
    #####:  387:}
        -:  388:
function numHandCards called 0 returned 0% blocks executed 0%
        -:  389:int numHandCards(struct gameState *state) {
    #####:  390:  return state->handCount[ whoseTurn(state) ];
        -:  391:}
        -:  392:
function handCard called 2623 returned 100% blocks executed 100%
        -:  393:int handCard(int handPos, struct gameState *state) {
     2623:  394:  int currentPlayer = whoseTurn(state);
     2623:  395:  return state->hand[currentPlayer][handPos];
        -:  396:}
        -:  397:
function supplyCount called 0 returned 0% blocks executed 0%
        -:  398:int supplyCount(int card, struct gameState *state) {
    #####:  399:  return state->supplyCount[card];
        -:  400:}
        -:  401:
function fullDeckCount called 6500 returned 100% blocks executed 100%
        -:  402:int fullDeckCount(int player, int card, struct gameState *state) {
        -:  403:  int i;
     6500:  404:  int count = 0;
        -:  405:
    39000:  406:  for (i = 0; i < state->deckCount[player]; i++)
branch  0 taken 67%
branch  1 taken 33%
        -:  407:    {
    13500:  408:      if (state->deck[player][i] == card) count++;
branch  0 taken 4%
branch  1 taken 96%
    13000:  409:    }
        -:  410:
    39000:  411:  for (i = 0; i < state->handCount[player]; i++)
branch  0 taken 67%
branch  1 taken 33%
        -:  412:    {
    13500:  413:      if (state->hand[player][i] == card) count++;
branch  0 taken 4%
branch  1 taken 96%
    13000:  414:    }
        -:  415:
    39000:  416:  for (i = 0; i < state->discardCount[player]; i++)
branch  0 taken 67%
branch  1 taken 33%
        -:  417:    {
    13500:  418:      if (state->discard[player][i] == card) count++;
branch  0 taken 4%
branch  1 taken 96%
    13000:  419:    }
        -:  420:
     6500:  421:  return count;
        -:  422:}
        -:  423:
function whoseTurn called 2693 returned 100% blocks executed 100%
        -:  424:int whoseTurn(struct gameState *state) {
     2693:  425:  return state->whoseTurn;
        -:  426:}
        -:  427:
function endTurn called 0 returned 0% blocks executed 0%
        -:  428:int endTurn(struct gameState *state) {
        -:  429:  int k;
        -:  430:  int i;
    #####:  431:  int currentPlayer = whoseTurn(state);
        -:  432:
        -:  433:  //Discard hand
    #####:  434:  for (i = 0; i < state->handCount[currentPlayer]; i++){
branch  0 never executed
branch  1 never executed
    #####:  435:    state->discard[currentPlayer][state->discardCount[currentPlayer]++] = state->hand[currentPlayer][i];//Discard
    #####:  436:    state->hand[currentPlayer][i] = -1;//Set card to -1
    #####:  437:  }
    #####:  438:  state->handCount[currentPlayer] = 0;//Reset hand count
        -:  439:
        -:  440:  //Code for determining the player
    #####:  441:  if (currentPlayer < (state->numPlayers - 1)){
branch  0 never executed
branch  1 never executed
    #####:  442:    state->whoseTurn = currentPlayer + 1;//Still safe to increment
    #####:  443:  }
        -:  444:  else{
    #####:  445:    state->whoseTurn = 0;//Max player has been reached, loop back around to player 1
        -:  446:  }
        -:  447:
    #####:  448:  state->outpostPlayed = 0;
    #####:  449:  state->phase = 0;
    #####:  450:  state->numActions = 1;
    #####:  451:  state->coins = 0;
    #####:  452:  state->numBuys = 1;
    #####:  453:  state->playedCardCount = 0;
    #####:  454:  state->handCount[state->whoseTurn] = 0;
        -:  455:
        -:  456:  //int k; move to top
        -:  457:  //Next player draws hand
    #####:  458:  for (k = 0; k < 5; k++){
branch  0 never executed
branch  1 never executed
    #####:  459:    drawCard(state->whoseTurn, state);//Draw a card
    #####:  460:  }
        -:  461:
        -:  462:  //Update money
    #####:  463:  updateCoins(state->whoseTurn, state , 0);
        -:  464:
    #####:  465:  return 0;
        -:  466:}
        -:  467:
function isGameOver called 13850 returned 100% blocks executed 100%
        -:  468:int isGameOver(struct gameState *state) {
        -:  469:  int i;
        -:  470:  int j;
        -:  471:
        -:  472:  //if stack of Province cards is empty, the game ends
    13850:  473:  if (state->supplyCount[province] == 0)
branch  0 taken 12%
branch  1 taken 88%
        -:  474:    {
     1657:  475:      return 1;
        -:  476:    }
        -:  477:
        -:  478:  //if three supply pile are at 0, the game ends
    12193:  479:  j = 0;
   634036:  480:  for (i = 0; i < 25; i++)
branch  0 taken 96%
branch  1 taken 4%
        -:  481:    {
   304825:  482:      if (state->supplyCount[i] == 0)
branch  0 taken 12%
branch  1 taken 88%
        -:  483:	{
    36502:  484:	  j++;
    36502:  485:	}
   304825:  486:    }
    12193:  487:  if ( j >= 3)
branch  0 taken 99%
branch  1 taken 1%
        -:  488:    {
    12144:  489:      return 1;
        -:  490:    }
        -:  491:
       49:  492:  return 0;
    13850:  493:}
        -:  494:
function scoreFor called 0 returned 0% blocks executed 0%
        -:  495:int scoreFor (int player, struct gameState *state) {
        -:  496:
        -:  497:  int i;
    #####:  498:  int score = 0;
        -:  499:  //score from hand
    #####:  500:  for (i = 0; i < state->handCount[player]; i++)
branch  0 never executed
branch  1 never executed
        -:  501:    {
    #####:  502:      if (state->hand[player][i] == curse) { score = score - 1; };
branch  0 never executed
branch  1 never executed
    #####:  503:      if (state->hand[player][i] == estate) { score = score + 1; };
branch  0 never executed
branch  1 never executed
    #####:  504:      if (state->hand[player][i] == duchy) { score = score + 3; };
branch  0 never executed
branch  1 never executed
    #####:  505:      if (state->hand[player][i] == province) { score = score + 6; };
branch  0 never executed
branch  1 never executed
    #####:  506:      if (state->hand[player][i] == great_hall) { score = score + 1; };
branch  0 never executed
branch  1 never executed
    #####:  507:      if (state->hand[player][i] == gardens) { score = score + ( fullDeckCount(player, 0, state) / 10 ); };
branch  0 never executed
branch  1 never executed
    #####:  508:    }
        -:  509:
        -:  510:  //score from discard
    #####:  511:  for (i = 0; i < state->discardCount[player]; i++)
branch  0 never executed
branch  1 never executed
        -:  512:    {
    #####:  513:      if (state->discard[player][i] == curse) { score = score - 1; };
branch  0 never executed
branch  1 never executed
    #####:  514:      if (state->discard[player][i] == estate) { score = score + 1; };
branch  0 never executed
branch  1 never executed
    #####:  515:      if (state->discard[player][i] == duchy) { score = score + 3; };
branch  0 never executed
branch  1 never executed
    #####:  516:      if (state->discard[player][i] == province) { score = score + 6; };
branch  0 never executed
branch  1 never executed
    #####:  517:      if (state->discard[player][i] == great_hall) { score = score + 1; };
branch  0 never executed
branch  1 never executed
    #####:  518:      if (state->discard[player][i] == gardens) { score = score + ( fullDeckCount(player, 0, state) / 10 ); };
branch  0 never executed
branch  1 never executed
    #####:  519:    }
        -:  520:
        -:  521:  //score from deck
    #####:  522:  for (i = 0; i < state->discardCount[player]; i++)
branch  0 never executed
branch  1 never executed
        -:  523:    {
    #####:  524:      if (state->deck[player][i] == curse) { score = score - 1; };
branch  0 never executed
branch  1 never executed
    #####:  525:      if (state->deck[player][i] == estate) { score = score + 1; };
branch  0 never executed
branch  1 never executed
    #####:  526:      if (state->deck[player][i] == duchy) { score = score + 3; };
branch  0 never executed
branch  1 never executed
    #####:  527:      if (state->deck[player][i] == province) { score = score + 6; };
branch  0 never executed
branch  1 never executed
    #####:  528:      if (state->deck[player][i] == great_hall) { score = score + 1; };
branch  0 never executed
branch  1 never executed
    #####:  529:      if (state->deck[player][i] == gardens) { score = score + ( fullDeckCount(player, 0, state) / 10 ); };
branch  0 never executed
branch  1 never executed
    #####:  530:    }
        -:  531:
    #####:  532:  return score;
        -:  533:}
        -:  534:
function getWinners called 0 returned 0% blocks executed 0%
        -:  535:int getWinners(int players[MAX_PLAYERS], struct gameState *state) {
        -:  536:  int i;
        -:  537:  int j;
        -:  538:  int highScore;
        -:  539:  int currentPlayer;
        -:  540:
        -:  541:  //get score for each player
    #####:  542:  for (i = 0; i < MAX_PLAYERS; i++)
branch  0 never executed
branch  1 never executed
        -:  543:    {
        -:  544:      //set unused player scores to -9999
    #####:  545:      if (i >= state->numPlayers)
branch  0 never executed
branch  1 never executed
        -:  546:	{
    #####:  547:	  players[i] = -9999;
    #####:  548:	}
        -:  549:      else
        -:  550:	{
    #####:  551:	  players[i] = scoreFor (i, state);
        -:  552:	}
    #####:  553:    }
        -:  554:
        -:  555:  //find highest score
    #####:  556:  j = 0;
    #####:  557:  for (i = 0; i < MAX_PLAYERS; i++)
branch  0 never executed
branch  1 never executed
        -:  558:    {
    #####:  559:      if (players[i] > players[j])
branch  0 never executed
branch  1 never executed
        -:  560:	{
    #####:  561:	  j = i;
    #####:  562:	}
    #####:  563:    }
    #####:  564:  highScore = players[j];
        -:  565:
        -:  566:  //add 1 to players who had less turns
    #####:  567:  currentPlayer = whoseTurn(state);
    #####:  568:  for (i = 0; i < MAX_PLAYERS; i++)
branch  0 never executed
branch  1 never executed
        -:  569:    {
    #####:  570:      if ( players[i] == highScore && i > currentPlayer )
branch  0 never executed
branch  1 never executed
branch  2 never executed
branch  3 never executed
        -:  571:	{
    #####:  572:	  players[i]++;
    #####:  573:	}
    #####:  574:    }
        -:  575:
        -:  576:  //find new highest score
    #####:  577:  j = 0;
    #####:  578:  for (i = 0; i < MAX_PLAYERS; i++)
branch  0 never executed
branch  1 never executed
        -:  579:    {
    #####:  580:      if ( players[i] > players[j] )
branch  0 never executed
branch  1 never executed
        -:  581:	{
    #####:  582:	  j = i;
    #####:  583:	}
    #####:  584:    }
    #####:  585:  highScore = players[j];
        -:  586:
        -:  587:  //set winners in array to 1 and rest to 0
    #####:  588:  for (i = 0; i < MAX_PLAYERS; i++)
branch  0 never executed
branch  1 never executed
        -:  589:    {
    #####:  590:      if ( players[i] == highScore )
branch  0 never executed
branch  1 never executed
        -:  591:	{
    #####:  592:	  players[i] = 1;
    #####:  593:	}
        -:  594:      else
        -:  595:	{
    #####:  596:	  players[i] = 0;
        -:  597:	}
    #####:  598:    }
        -:  599:
    #####:  600:  return 0;
        -:  601:}
        -:  602:
function drawCard called 33843 returned 100% blocks executed 100%
        -:  603:int drawCard(int player, struct gameState *state)
        -:  604:{	int count;
        -:  605:  int deckCounter;
    33843:  606:  if (state->deckCount[player] <= 0){//Deck is empty
branch  0 taken 1%
branch  1 taken 99%
        -:  607:
        -:  608:    //Step 1 Shuffle the discard pile back into a deck
        -:  609:    int i;
        -:  610:    //Move discard to deck
     1178:  611:    for (i = 0; i < state->discardCount[player];i++){
branch  0 taken 97%
branch  1 taken 3%
      574:  612:      state->deck[player][i] = state->discard[player][i];
      574:  613:      state->discard[player][i] = -1;
      574:  614:    }
        -:  615:
       15:  616:    state->deckCount[player] = state->discardCount[player];
       15:  617:    state->discardCount[player] = 0;//Reset discard
        -:  618:
        -:  619:    //Shufffle the deck
       15:  620:    shuffle(player, state);//Shuffle the deck up and make it so that we can draw
        -:  621:
        -:  622:    if (1){//Debug statements
        -:  623:      //printf("Deck count now: %d\n", state->deckCount[player]);
        -:  624:    }
        -:  625:
       15:  626:    state->discardCount[player] = 0;
        -:  627:
        -:  628:    //Step 2 Draw Card
       15:  629:    count = state->handCount[player];//Get current player's hand count
        -:  630:
        -:  631:    if (1){//Debug statements
        -:  632:      //printf("Current hand count: %d\n", count);
        -:  633:    }
        -:  634:
       15:  635:    deckCounter = state->deckCount[player];//Create a holder for the deck count
        -:  636:
       15:  637:    if (deckCounter == 0)
branch  0 taken 33%
branch  1 taken 67%
        5:  638:      return -1;
        -:  639:
       10:  640:    state->hand[player][count] = state->deck[player][deckCounter - 1];//Add card to hand
       10:  641:    state->deckCount[player]--;
       10:  642:    state->handCount[player]++;//Increment hand count
       10:  643:  }
        -:  644:
        -:  645:  else{
    33828:  646:    int count = state->handCount[player];//Get current hand count for player
        -:  647:    int deckCounter;
        -:  648:    if (1){//Debug statements
        -:  649:      //printf("Current hand count: %d\n", count);
        -:  650:    }
        -:  651:
    33828:  652:    deckCounter = state->deckCount[player];//Create holder for the deck count
    33828:  653:    state->hand[player][count] = state->deck[player][deckCounter - 1];//Add card to the hand
    33828:  654:    state->deckCount[player]--;
    33828:  655:    state->handCount[player]++;//Increment hand count
        -:  656:  }
        -:  657:
    33838:  658:  return 0;
    33843:  659:}
        -:  660:
function getCost called 0 returned 0% blocks executed 0%
        -:  661:int getCost(int cardNumber)
        -:  662:{
    #####:  663:  switch( cardNumber )
branch  0 never executed
branch  1 never executed
branch  2 never executed
branch  3 never executed
branch  4 never executed
branch  5 never executed
branch  6 never executed
branch  7 never executed
branch  8 never executed
branch  9 never executed
branch 10 never executed
branch 11 never executed
branch 12 never executed
branch 13 never executed
branch 14 never executed
branch 15 never executed
branch 16 never executed
branch 17 never executed
branch 18 never executed
branch 19 never executed
branch 20 never executed
branch 21 never executed
branch 22 never executed
branch 23 never executed
branch 24 never executed
branch 25 never executed
branch 26 never executed
branch 27 never executed
        -:  664:    {
        -:  665:    case curse:
    #####:  666:      return 0;
        -:  667:    case estate:
    #####:  668:      return 2;
        -:  669:    case duchy:
    #####:  670:      return 5;
        -:  671:    case province:
    #####:  672:      return 8;
        -:  673:    case copper:
    #####:  674:      return 0;
        -:  675:    case silver:
    #####:  676:      return 3;
        -:  677:    case gold:
    #####:  678:      return 6;
        -:  679:    case adventurer:
    #####:  680:      return 6;
        -:  681:    case council_room:
    #####:  682:      return 5;
        -:  683:    case feast:
    #####:  684:      return 4;
        -:  685:    case gardens:
    #####:  686:      return 4;
        -:  687:    case mine:
    #####:  688:      return 5;
        -:  689:    case remodel:
    #####:  690:      return 4;
        -:  691:    case smithy:
    #####:  692:      return 4;
        -:  693:    case village:
    #####:  694:      return 3;
        -:  695:    case baron:
    #####:  696:      return 4;
        -:  697:    case great_hall:
    #####:  698:      return 3;
        -:  699:    case minion:
    #####:  700:      return 5;
        -:  701:    case steward:
    #####:  702:      return 3;
        -:  703:    case tribute:
    #####:  704:      return 5;
        -:  705:    case ambassador:
    #####:  706:      return 3;
        -:  707:    case cutpurse:
    #####:  708:      return 4;
        -:  709:    case embargo:
    #####:  710:      return 2;
        -:  711:    case outpost:
    #####:  712:      return 5;
        -:  713:    case salvager:
    #####:  714:      return 4;
        -:  715:    case sea_hag:
    #####:  716:      return 4;
        -:  717:    case treasure_map:
    #####:  718:      return 4;
        -:  719:    }
        -:  720:
    #####:  721:  return -1;
    #####:  722:}
        -:  723:
function cardEffect called 50 returned 100% blocks executed 8%
        -:  724:int cardEffect(int card, int choice1, int choice2, int choice3, struct gameState *state, int handPos, int *bonus)
        -:  725:{
        -:  726:  int i;
        -:  727:  int j;
        -:  728:  int k;
        -:  729:  int x;
        -:  730:  int index;
       50:  731:  int currentPlayer = whoseTurn(state);
       50:  732:  int nextPlayer = currentPlayer + 1;
        -:  733:
       50:  734:  int tributeRevealedCards[2] = {-1, -1};
        -:  735:  int temphand[MAX_HAND];// moved above the if statement
       50:  736:  int drawntreasure=0;
        -:  737:  int cardDrawn;
       50:  738:  int z = 0;// this is the counter for the temp hand
       50:  739:  if (nextPlayer > (state->numPlayers - 1)){
branch  0 taken 24%
branch  1 taken 76%
       12:  740:    nextPlayer = 0;
       12:  741:  }
        -:  742:
        -:  743:
        -:  744:  //uses switch to select card and perform actions
       50:  745:  switch( card )
branch  0 taken 34%
branch  1 taken 0%
branch  2 taken 0%
branch  3 taken 0%
branch  4 taken 0%
branch  5 taken 0%
branch  6 taken 46%
branch  7 taken 0%
branch  8 taken 0%
branch  9 taken 0%
branch 10 taken 0%
branch 11 taken 16%
branch 12 taken 0%
branch 13 taken 0%
branch 14 taken 4%
branch 15 taken 0%
branch 16 taken 0%
branch 17 taken 0%
branch 18 taken 0%
branch 19 taken 0%
branch 20 taken 0%
        -:  746:    {
        -:  747:    case adventurer:
       17:  748:      playAdventurer(drawntreasure, state,currentPlayer,z,temphand);
       17:  749:      return 0;
        -:  750:
        -:  751:    case council_room:
        -:  752:      //+4 Cards
    #####:  753:      for (i = 0; i < 4; i++)
branch  0 never executed
branch  1 never executed
        -:  754:	{
    #####:  755:	  drawCard(currentPlayer, state);
    #####:  756:	}
        -:  757:
        -:  758:      //+1 Buy
    #####:  759:      state->numBuys++;
        -:  760:
        -:  761:      //Each other player draws a card
    #####:  762:      for (i = 0; i < state->numPlayers; i++)
branch  0 never executed
branch  1 never executed
        -:  763:	{
    #####:  764:	  if ( i != currentPlayer )
branch  0 never executed
branch  1 never executed
        -:  765:	    {
    #####:  766:	      drawCard(i, state);
    #####:  767:	    }
    #####:  768:	}
        -:  769:
        -:  770:      //put played card in played card pile
    #####:  771:      discardCard(handPos, currentPlayer, state, 0);
        -:  772:
    #####:  773:      return 0;
        -:  774:
        -:  775:    case feast:
        -:  776:      //gain card with cost up to 5
        -:  777:      //Backup hand
    #####:  778:      for (i = 0; i <= state->handCount[currentPlayer]; i++){
branch  0 never executed
branch  1 never executed
    #####:  779:	temphand[i] = state->hand[currentPlayer][i];//Backup card
    #####:  780:	state->hand[currentPlayer][i] = -1;//Set to nothing
    #####:  781:      }
        -:  782:      //Backup hand
        -:  783:
        -:  784:      //Update Coins for Buy
    #####:  785:      updateCoins(currentPlayer, state, 5);
    #####:  786:      x = 1;//Condition to loop on
    #####:  787:      while( x == 1) {//Buy one card
branch  0 never executed
branch  1 never executed
    #####:  788:	if (supplyCount(choice1, state) <= 0){
branch  0 never executed
branch  1 never executed
        -:  789:	  if (DEBUG)
        -:  790:	    printf("None of that card left, sorry!\n");
        -:  791:
        -:  792:	  if (DEBUG){
        -:  793:	    printf("Cards Left: %d\n", supplyCount(choice1, state));
        -:  794:	  }
    #####:  795:	}
    #####:  796:	else if (state->coins < getCost(choice1)){
branch  0 never executed
branch  1 never executed
    #####:  797:	  printf("That card is too expensive!\n");
        -:  798:
        -:  799:	  if (DEBUG){
        -:  800:	    printf("Coins: %d < %d\n", state->coins, getCost(choice1));
        -:  801:	  }
    #####:  802:	}
        -:  803:	else{
        -:  804:
        -:  805:	  if (DEBUG){
        -:  806:	    printf("Deck Count: %d\n", state->handCount[currentPlayer] + state->deckCount[currentPlayer] + state->discardCount[currentPlayer]);
        -:  807:	  }
        -:  808:
    #####:  809:	  gainCard(choice1, state, 0, currentPlayer);//Gain the card
    #####:  810:	  x = 0;//No more buying cards
        -:  811:
        -:  812:	  if (DEBUG){
        -:  813:	    printf("Deck Count: %d\n", state->handCount[currentPlayer] + state->deckCount[currentPlayer] + state->discardCount[currentPlayer]);
        -:  814:	  }
        -:  815:
        -:  816:	}
        -:  817:      }
        -:  818:
        -:  819:      //Reset Hand
    #####:  820:      for (i = 0; i <= state->handCount[currentPlayer]; i++){
branch  0 never executed
branch  1 never executed
    #####:  821:	state->hand[currentPlayer][i] = temphand[i];
    #####:  822:	temphand[i] = -1;
    #####:  823:      }
        -:  824:      //Reset Hand
        -:  825:
    #####:  826:      return 0;
        -:  827:
        -:  828:    case gardens:
    #####:  829:      return -1;
        -:  830:
        -:  831:    case mine:
    #####:  832:      j = state->hand[currentPlayer][choice1];  //store card we will trash
        -:  833:
    #####:  834:      if (state->hand[currentPlayer][choice1] < copper || state->hand[currentPlayer][choice1] > gold)
branch  0 never executed
branch  1 never executed
branch  2 never executed
branch  3 never executed
        -:  835:	{
    #####:  836:	  return -1;
        -:  837:	}
        -:  838:
    #####:  839:      if (choice2 > treasure_map || choice2 < curse)
branch  0 never executed
branch  1 never executed
branch  2 never executed
branch  3 never executed
        -:  840:	{
    #####:  841:	  return -1;
        -:  842:	}
        -:  843:
    #####:  844:      if ( (getCost(state->hand[currentPlayer][choice1]) + 3) > getCost(choice2) )
branch  0 never executed
branch  1 never executed
        -:  845:	{
    #####:  846:	  return -1;
        -:  847:	}
        -:  848:
    #####:  849:      gainCard(choice2, state, 2, currentPlayer);
        -:  850:
        -:  851:      //discard card from hand
    #####:  852:      discardCard(handPos, currentPlayer, state, 0);
        -:  853:
        -:  854:      //discard trashed card
    #####:  855:      for (i = 0; i < state->handCount[currentPlayer]; i++)
branch  0 never executed
branch  1 never executed
        -:  856:	{
    #####:  857:	  if (state->hand[currentPlayer][i] == j)
branch  0 never executed
branch  1 never executed
        -:  858:	    {
    #####:  859:	      discardCard(i, currentPlayer, state, 0);
    #####:  860:	      break;
        -:  861:	    }
    #####:  862:	}
        -:  863:
    #####:  864:      return 0;
        -:  865:
        -:  866:    case remodel:
    #####:  867:      j = state->hand[currentPlayer][choice1];  //store card we will trash
        -:  868:
    #####:  869:      if ( (getCost(state->hand[currentPlayer][choice1]) + 2) > getCost(choice2) )
branch  0 never executed
branch  1 never executed
        -:  870:	{
    #####:  871:	  return -1;
        -:  872:	}
        -:  873:
    #####:  874:      gainCard(choice2, state, 0, currentPlayer);
        -:  875:
        -:  876:      //discard card from hand
    #####:  877:      discardCard(handPos, currentPlayer, state, 0);
        -:  878:
        -:  879:      //discard trashed card
    #####:  880:      for (i = 0; i < state->handCount[currentPlayer]; i++)
branch  0 never executed
branch  1 never executed
        -:  881:	{
    #####:  882:	  if (state->hand[currentPlayer][i] == j)
branch  0 never executed
branch  1 never executed
        -:  883:	    {
    #####:  884:	      discardCard(i, currentPlayer, state, 0);
    #####:  885:	      break;
        -:  886:	    }
    #####:  887:	}
        -:  888:
        -:  889:
    #####:  890:      return 0;
        -:  891:
        -:  892:    case smithy:
       23:  893:      if (playSmithy(currentPlayer, state, handPos))
branch  0 taken 100%
branch  1 taken 0%
       23:  894:        return 0;
    #####:  895:      return 0;
        -:  896:
        -:  897:    case village:
    #####:  898:      playVillage(handPos, state, currentPlayer);
    #####:  899:      return 0;
        -:  900:
        -:  901:    case baron:
    #####:  902:      state->numBuys++;//Increase buys by 1!
    #####:  903:      if (choice1 > 0){//Boolean true or going to discard an estate
branch  0 never executed
branch  1 never executed
    #####:  904:	int p = 0;//Iterator for hand!
    #####:  905:	int card_not_discarded = 1;//Flag for discard set!
    #####:  906:	while(card_not_discarded){
branch  0 never executed
branch  1 never executed
    #####:  907:	  if (state->hand[currentPlayer][p] == estate){//Found an estate card!
branch  0 never executed
branch  1 never executed
    #####:  908:	    state->coins += 4;//Add 4 coins to the amount of coins
    #####:  909:	    state->discard[currentPlayer][state->discardCount[currentPlayer]] = state->hand[currentPlayer][p];
    #####:  910:	    state->discardCount[currentPlayer]++;
    #####:  911:	    for (;p < state->handCount[currentPlayer]; p++){
branch  0 never executed
branch  1 never executed
    #####:  912:	      state->hand[currentPlayer][p] = state->hand[currentPlayer][p+1];
    #####:  913:	    }
    #####:  914:	    state->hand[currentPlayer][state->handCount[currentPlayer]] = -1;
    #####:  915:	    state->handCount[currentPlayer]--;
    #####:  916:	    card_not_discarded = 0;//Exit the loop
    #####:  917:	  }
    #####:  918:	  else if (p > state->handCount[currentPlayer]){
branch  0 never executed
branch  1 never executed
        -:  919:	    if(DEBUG) {
        -:  920:	      printf("No estate cards in your hand, invalid choice\n");
        -:  921:	      printf("Must gain an estate if there are any\n");
        -:  922:	    }
    #####:  923:	    if (supplyCount(estate, state) > 0){
branch  0 never executed
branch  1 never executed
    #####:  924:	      gainCard(estate, state, 0, currentPlayer);
    #####:  925:	      state->supplyCount[estate]--;//Decrement estates
    #####:  926:	      if (supplyCount(estate, state) == 0){
branch  0 never executed
branch  1 never executed
    #####:  927:		isGameOver(state);
    #####:  928:	      }
    #####:  929:	    }
    #####:  930:	    card_not_discarded = 0;//Exit the loop
    #####:  931:	  }
        -:  932:
        -:  933:	  else{
    #####:  934:	    p++;//Next card
        -:  935:	  }
        -:  936:	}
    #####:  937:      }
        -:  938:
        -:  939:      else{
    #####:  940:	if (supplyCount(estate, state) > 0){
branch  0 never executed
branch  1 never executed
    #####:  941:	  gainCard(estate, state, 0, currentPlayer);//Gain an estate
    #####:  942:	  state->supplyCount[estate]--;//Decrement Estates
    #####:  943:	  if (supplyCount(estate, state) == 0){
branch  0 never executed
branch  1 never executed
    #####:  944:	    isGameOver(state);
    #####:  945:	  }
    #####:  946:	}
        -:  947:      }
        -:  948:
        -:  949:
    #####:  950:      return 0;
        -:  951:
        -:  952:    case great_hall:
    #####:  953:      playGreat_hall(handPos, state,currentPlayer);
    #####:  954:      return 0;
        -:  955:
        -:  956:    case minion:
        -:  957:      //+1 action
    #####:  958:      state->numActions++;
        -:  959:
        -:  960:      //discard card from hand
    #####:  961:      discardCard(handPos, currentPlayer, state, 0);
        -:  962:
    #####:  963:      if (choice1)		//+2 coins
branch  0 never executed
branch  1 never executed
        -:  964:	{
    #####:  965:	  state->coins = state->coins + 2;
    #####:  966:	}
        -:  967:
    #####:  968:      else if (choice2)		//discard hand, redraw 4, other players with 5+ cards discard hand and draw 4
branch  0 never executed
branch  1 never executed
        -:  969:	{
        -:  970:	  //discard hand
    #####:  971:	  while(numHandCards(state) > 0)
branch  0 never executed
branch  1 never executed
        -:  972:	    {
    #####:  973:	      discardCard(handPos, currentPlayer, state, 0);
        -:  974:	    }
        -:  975:
        -:  976:	  //draw 4
    #####:  977:	  for (i = 0; i < 4; i++)
branch  0 never executed
branch  1 never executed
        -:  978:	    {
    #####:  979:	      drawCard(currentPlayer, state);
    #####:  980:	    }
        -:  981:
        -:  982:	  //other players discard hand and redraw if hand size > 4
    #####:  983:	  for (i = 0; i < state->numPlayers; i++)
branch  0 never executed
branch  1 never executed
        -:  984:	    {
    #####:  985:	      if (i != currentPlayer)
branch  0 never executed
branch  1 never executed
        -:  986:		{
    #####:  987:		  if ( state->handCount[i] > 4 )
branch  0 never executed
branch  1 never executed
        -:  988:		    {
        -:  989:		      //discard hand
    #####:  990:		      while( state->handCount[i] > 0 )
branch  0 never executed
branch  1 never executed
        -:  991:			{
    #####:  992:			  discardCard(handPos, i, state, 0);
        -:  993:			}
        -:  994:
        -:  995:		      //draw 4
    #####:  996:		      for (j = 0; j < 4; j++)
branch  0 never executed
branch  1 never executed
        -:  997:			{
    #####:  998:			  drawCard(i, state);
    #####:  999:			}
    #####: 1000:		    }
    #####: 1001:		}
    #####: 1002:	    }
        -: 1003:
    #####: 1004:	}
    #####: 1005:      return 0;
        -: 1006:
        -: 1007:    case steward:
        8: 1008:      playSteward(choice1,choice2,choice3,currentPlayer,state,handPos);
        8: 1009:      return 0;
        -: 1010:
        -: 1011:    case tribute:
    #####: 1012:      if ((state->discardCount[nextPlayer] + state->deckCount[nextPlayer]) <= 1){
branch  0 never executed
branch  1 never executed
    #####: 1013:	if (state->deckCount[nextPlayer] > 0){
branch  0 never executed
branch  1 never executed
    #####: 1014:	  tributeRevealedCards[0] = state->deck[nextPlayer][state->deckCount[nextPlayer]-1];
    #####: 1015:	  state->deckCount[nextPlayer]--;
    #####: 1016:	}
    #####: 1017:	else if (state->discardCount[nextPlayer] > 0){
branch  0 never executed
branch  1 never executed
    #####: 1018:	  tributeRevealedCards[0] = state->discard[nextPlayer][state->discardCount[nextPlayer]-1];
    #####: 1019:	  state->discardCount[nextPlayer]--;
    #####: 1020:	}
        -: 1021:	else{
        -: 1022:	  //No Card to Reveal
        -: 1023:	  if (DEBUG){
        -: 1024:	    printf("No cards to reveal\n");
        -: 1025:	  }
        -: 1026:	}
    #####: 1027:      }
        -: 1028:
        -: 1029:      else{
    #####: 1030:	if (state->deckCount[nextPlayer] == 0){
branch  0 never executed
branch  1 never executed
    #####: 1031:	  for (i = 0; i < state->discardCount[nextPlayer]; i++){
branch  0 never executed
branch  1 never executed
    #####: 1032:	    state->deck[nextPlayer][i] = state->discard[nextPlayer][i];//Move to deck
    #####: 1033:	    state->deckCount[nextPlayer]++;
    #####: 1034:	    state->discard[nextPlayer][i] = -1;
    #####: 1035:	    state->discardCount[nextPlayer]--;
    #####: 1036:	  }
        -: 1037:
    #####: 1038:	  shuffle(nextPlayer,state);//Shuffle the deck
    #####: 1039:	}
    #####: 1040:	tributeRevealedCards[0] = state->deck[nextPlayer][state->deckCount[nextPlayer]-1];
    #####: 1041:	state->deck[nextPlayer][state->deckCount[nextPlayer]--] = -1;
    #####: 1042:	state->deckCount[nextPlayer]--;
    #####: 1043:	tributeRevealedCards[1] = state->deck[nextPlayer][state->deckCount[nextPlayer]-1];
    #####: 1044:	state->deck[nextPlayer][state->deckCount[nextPlayer]--] = -1;
    #####: 1045:	state->deckCount[nextPlayer]--;
        -: 1046:      }
        -: 1047:
    #####: 1048:      if (tributeRevealedCards[0] == tributeRevealedCards[1]){//If we have a duplicate card, just drop one
branch  0 never executed
branch  1 never executed
    #####: 1049:	state->playedCards[state->playedCardCount] = tributeRevealedCards[1];
    #####: 1050:	state->playedCardCount++;
    #####: 1051:	tributeRevealedCards[1] = -1;
    #####: 1052:      }
        -: 1053:
    #####: 1054:      for (i = 0; i <= 2; i ++){
branch  0 never executed
branch  1 never executed
    #####: 1055:	if (tributeRevealedCards[i] == copper || tributeRevealedCards[i] == silver || tributeRevealedCards[i] == gold){//Treasure cards
branch  0 never executed
branch  1 never executed
branch  2 never executed
branch  3 never executed
branch  4 never executed
branch  5 never executed
    #####: 1056:	  state->coins += 2;
    #####: 1057:	}
        -: 1058:
    #####: 1059:	else if (tributeRevealedCards[i] == estate || tributeRevealedCards[i] == duchy || tributeRevealedCards[i] == province || tributeRevealedCards[i] == gardens || tributeRevealedCards[i] == great_hall){//Victory Card Found
branch  0 never executed
branch  1 never executed
branch  2 never executed
branch  3 never executed
branch  4 never executed
branch  5 never executed
branch  6 never executed
branch  7 never executed
branch  8 never executed
branch  9 never executed
    #####: 1060:	  drawCard(currentPlayer, state);
    #####: 1061:	  drawCard(currentPlayer, state);
    #####: 1062:	}
        -: 1063:	else{//Action Card
    #####: 1064:	  state->numActions = state->numActions + 2;
        -: 1065:	}
    #####: 1066:      }
        -: 1067:
    #####: 1068:      return 0;
        -: 1069:
        -: 1070:    case ambassador:
    #####: 1071:      j = 0;		//used to check if player has enough cards to discard
        -: 1072:
    #####: 1073:      if (choice2 > 2 || choice2 < 0)
branch  0 never executed
branch  1 never executed
branch  2 never executed
branch  3 never executed
        -: 1074:	{
    #####: 1075:	  return -1;
        -: 1076:	}
        -: 1077:
    #####: 1078:      if (choice1 == handPos)
branch  0 never executed
branch  1 never executed
        -: 1079:	{
    #####: 1080:	  return -1;
        -: 1081:	}
        -: 1082:
    #####: 1083:      for (i = 0; i < state->handCount[currentPlayer]; i++)
branch  0 never executed
branch  1 never executed
        -: 1084:	{
    #####: 1085:	  if (i != handPos && i == state->hand[currentPlayer][choice1] && i != choice1)
branch  0 never executed
branch  1 never executed
branch  2 never executed
branch  3 never executed
branch  4 never executed
branch  5 never executed
        -: 1086:	    {
    #####: 1087:	      j++;
    #####: 1088:	    }
    #####: 1089:	}
    #####: 1090:      if (j < choice2)
branch  0 never executed
branch  1 never executed
        -: 1091:	{
    #####: 1092:	  return -1;
        -: 1093:	}
        -: 1094:
        -: 1095:      if (DEBUG)
        -: 1096:	printf("Player %d reveals card number: %d\n", currentPlayer, state->hand[currentPlayer][choice1]);
        -: 1097:
        -: 1098:      //increase supply count for choosen card by amount being discarded
    #####: 1099:      state->supplyCount[state->hand[currentPlayer][choice1]] += choice2;
        -: 1100:
        -: 1101:      //each other player gains a copy of revealed card
    #####: 1102:      for (i = 0; i < state->numPlayers; i++)
branch  0 never executed
branch  1 never executed
        -: 1103:	{
    #####: 1104:	  if (i != currentPlayer)
branch  0 never executed
branch  1 never executed
        -: 1105:	    {
    #####: 1106:	      gainCard(state->hand[currentPlayer][choice1], state, 0, i);
    #####: 1107:	    }
    #####: 1108:	}
        -: 1109:
        -: 1110:      //discard played card from hand
    #####: 1111:      discardCard(handPos, currentPlayer, state, 0);
        -: 1112:
        -: 1113:      //trash copies of cards returned to supply
    #####: 1114:      for (j = 0; j < choice2; j++)
branch  0 never executed
branch  1 never executed
        -: 1115:	{
    #####: 1116:	  for (i = 0; i < state->handCount[currentPlayer]; i++)
branch  0 never executed
branch  1 never executed
        -: 1117:	    {
    #####: 1118:	      if (state->hand[currentPlayer][i] == state->hand[currentPlayer][choice1])
branch  0 never executed
branch  1 never executed
        -: 1119:		{
    #####: 1120:		  discardCard(i, currentPlayer, state, 1);
    #####: 1121:		  break;
        -: 1122:		}
    #####: 1123:	    }
    #####: 1124:	}
        -: 1125:
    #####: 1126:      return 0;
        -: 1127:
        -: 1128:    case cutpurse:
        -: 1129:
        2: 1130:      updateCoins(currentPlayer, state, 2);
       20: 1131:      for (i = 0; i < state->numPlayers; i++)
branch  0 taken 80%
branch  1 taken 20%
        -: 1132:	{
        8: 1133:	  if (i != currentPlayer)
branch  0 taken 75%
branch  1 taken 25%
        -: 1134:	    {
       12: 1135:	      for (j = 0; j < state->handCount[i]; j++)
branch  0 taken 33%
branch  1 taken 67%
        -: 1136:		{
        2: 1137:		  if (state->hand[i][j] == copper)
branch  0 taken 100%
branch  1 taken 0%
        -: 1138:		    {
        2: 1139:		      discardCard(j, i, state, 0);
        2: 1140:		      break;
        -: 1141:		    }
    #####: 1142:		  if (j == state->handCount[i])
branch  0 never executed
branch  1 never executed
        -: 1143:		    {
    #####: 1144:		      for (k = 0; k < state->handCount[i]; k++)
branch  0 never executed
branch  1 never executed
        -: 1145:			{
        -: 1146:			  if (DEBUG)
        -: 1147:			    printf("Player %d reveals card number %d\n", i, state->hand[i][k]);
    #####: 1148:			}
    #####: 1149:		      break;
        -: 1150:		    }
    #####: 1151:		}
        -: 1152:
        6: 1153:	    }
        -: 1154:
        8: 1155:	}
        -: 1156:
        -: 1157:      //discard played card from hand
        2: 1158:      discardCard(handPos, currentPlayer, state, 0);
        -: 1159:
        2: 1160:      return 0;
        -: 1161:
        -: 1162:
        -: 1163:    case embargo:
        -: 1164:      //+2 Coins
    #####: 1165:      state->coins = state->coins + 2;
        -: 1166:
        -: 1167:      //see if selected pile is in play
    #####: 1168:      if ( state->supplyCount[choice1] == -1 )
branch  0 never executed
branch  1 never executed
        -: 1169:	{
    #####: 1170:	  return -1;
        -: 1171:	}
        -: 1172:
        -: 1173:      //add embargo token to selected supply pile
    #####: 1174:      state->embargoTokens[choice1]++;
        -: 1175:
        -: 1176:      //trash card
    #####: 1177:      discardCard(handPos, currentPlayer, state, 1);
    #####: 1178:      return 0;
        -: 1179:
        -: 1180:    case outpost:
        -: 1181:      //set outpost flag
    #####: 1182:      state->outpostPlayed++;
        -: 1183:
        -: 1184:      //discard card
    #####: 1185:      discardCard(handPos, currentPlayer, state, 0);
    #####: 1186:      return 0;
        -: 1187:
        -: 1188:    case salvager:
        -: 1189:      //+1 buy
    #####: 1190:      state->numBuys++;
        -: 1191:
    #####: 1192:      if (choice1)
branch  0 never executed
branch  1 never executed
        -: 1193:	{
        -: 1194:	  //gain coins equal to trashed card
    #####: 1195:	  state->coins = state->coins + getCost( handCard(choice1, state) );
        -: 1196:	  //trash card
    #####: 1197:	  discardCard(choice1, currentPlayer, state, 1);
    #####: 1198:	}
        -: 1199:
        -: 1200:      //discard card
    #####: 1201:      discardCard(handPos, currentPlayer, state, 0);
    #####: 1202:      return 0;
        -: 1203:
        -: 1204:    case sea_hag:
    #####: 1205:      for (i = 0; i < state->numPlayers; i++){
branch  0 never executed
branch  1 never executed
    #####: 1206:	if (i != currentPlayer){
branch  0 never executed
branch  1 never executed
    #####: 1207:	  state->discard[i][state->discardCount[i]] = state->deck[i][state->deckCount[i]--];			    state->deckCount[i]--;
    #####: 1208:	  state->discardCount[i]++;
    #####: 1209:	  state->deck[i][state->deckCount[i]--] = curse;//Top card now a curse
    #####: 1210:	}
    #####: 1211:      }
    #####: 1212:      return 0;
        -: 1213:
        -: 1214:    case treasure_map:
        -: 1215:      //search hand for another treasure_map
    #####: 1216:      index = -1;
    #####: 1217:      for (i = 0; i < state->handCount[currentPlayer]; i++)
branch  0 never executed
branch  1 never executed
        -: 1218:	{
    #####: 1219:	  if (state->hand[currentPlayer][i] == treasure_map && i != handPos)
branch  0 never executed
branch  1 never executed
branch  2 never executed
branch  3 never executed
        -: 1220:	    {
    #####: 1221:	      index = i;
    #####: 1222:	      break;
        -: 1223:	    }
    #####: 1224:	}
    #####: 1225:      if (index > -1)
branch  0 never executed
branch  1 never executed
        -: 1226:	{
        -: 1227:	  //trash both treasure cards
    #####: 1228:	  discardCard(handPos, currentPlayer, state, 1);
    #####: 1229:	  discardCard(index, currentPlayer, state, 1);
        -: 1230:
        -: 1231:	  //gain 4 Gold cards
    #####: 1232:	  for (i = 0; i < 4; i++)
branch  0 never executed
branch  1 never executed
        -: 1233:	    {
    #####: 1234:	      gainCard(gold, state, 1, currentPlayer);
    #####: 1235:	    }
        -: 1236:
        -: 1237:	  //return success
    #####: 1238:	  return 1;
        -: 1239:	}
        -: 1240:
        -: 1241:      //no second treasure_map found in hand
    #####: 1242:      return -1;
        -: 1243:    }
        -: 1244:
    #####: 1245:  return -1;
       50: 1246:}
        -: 1247:
function discardCard called 47 returned 100% blocks executed 90%
        -: 1248:int discardCard(int handPos, int currentPlayer, struct gameState *state, int trashFlag)
        -: 1249:{
        -: 1250:
        -: 1251:  //if card is not trashed, added to Played pile
       47: 1252:  if (trashFlag < 1)
branch  0 taken 74%
branch  1 taken 26%
        -: 1253:    {
        -: 1254:      //add card to played pile
       35: 1255:      state->playedCards[state->playedCardCount] = state->hand[currentPlayer][handPos];
       35: 1256:      state->playedCardCount++;
       35: 1257:    }
        -: 1258:
        -: 1259:  //set played card to -1
       47: 1260:  state->hand[currentPlayer][handPos] = -1;
        -: 1261:
        -: 1262:  //remove card from player's hand
       47: 1263:  if ( handPos == (state->handCount[currentPlayer] - 1) ) 	//last card in hand array is played
branch  0 taken 11%
branch  1 taken 89%
        -: 1264:    {
        -: 1265:      //reduce number of cards in hand
        5: 1266:      state->handCount[currentPlayer]--;
        5: 1267:    }
       42: 1268:  else if ( state->handCount[currentPlayer] == 1 ) //only one card in hand
branch  0 taken 0%
branch  1 taken 100%
        -: 1269:    {
        -: 1270:      //reduce number of cards in hand
    #####: 1271:      state->handCount[currentPlayer]--;
    #####: 1272:    }
        -: 1273:  else
        -: 1274:    {
        -: 1275:      //replace discarded card with last card in hand
       42: 1276:      state->hand[currentPlayer][handPos] = state->hand[currentPlayer][ (state->handCount[currentPlayer] - 1)];
        -: 1277:      //set last card to -1
       42: 1278:      state->hand[currentPlayer][state->handCount[currentPlayer] - 1] = -1;
        -: 1279:      //reduce number of cards in hand
       42: 1280:      state->handCount[currentPlayer]--;
        -: 1281:    }
        -: 1282:
       47: 1283:  return 0;
        -: 1284:}
        -: 1285:
function gainCard called 0 returned 0% blocks executed 0%
        -: 1286:int gainCard(int supplyPos, struct gameState *state, int toFlag, int player)
        -: 1287:{
        -: 1288:  //Note: supplyPos is enum of choosen card
        -: 1289:
        -: 1290:  //check if supply pile is empty (0) or card is not used in game (-1)
    #####: 1291:  if ( supplyCount(supplyPos, state) < 1 )
branch  0 never executed
branch  1 never executed
        -: 1292:    {
    #####: 1293:      return -1;
        -: 1294:    }
        -: 1295:
        -: 1296:  //added card for [whoseTurn] current player:
        -: 1297:  // toFlag = 0 : add to discard
        -: 1298:  // toFlag = 1 : add to deck
        -: 1299:  // toFlag = 2 : add to hand
        -: 1300:
    #####: 1301:  if (toFlag == 1)
branch  0 never executed
branch  1 never executed
        -: 1302:    {
    #####: 1303:      state->deck[ player ][ state->deckCount[player] ] = supplyPos;
    #####: 1304:      state->deckCount[player]++;
    #####: 1305:    }
    #####: 1306:  else if (toFlag == 2)
branch  0 never executed
branch  1 never executed
        -: 1307:    {
    #####: 1308:      state->hand[ player ][ state->handCount[player] ] = supplyPos;
    #####: 1309:      state->handCount[player]++;
    #####: 1310:    }
        -: 1311:  else
        -: 1312:    {
    #####: 1313:      state->discard[player][ state->discardCount[player] ] = supplyPos;
    #####: 1314:      state->discardCount[player]++;
        -: 1315:    }
        -: 1316:
        -: 1317:  //decrease number in supply pile
    #####: 1318:  state->supplyCount[supplyPos]--;
        -: 1319:
    #####: 1320:  return 0;
    #####: 1321:}
        -: 1322:
function updateCoins called 7387 returned 100% blocks executed 100%
        -: 1323:int updateCoins(int player, struct gameState *state, int bonus)
        -: 1324:{
        -: 1325:  int i;
        -: 1326:
        -: 1327:  //reset coin count
     7387: 1328:  state->coins = 0;
        -: 1329:
        -: 1330:  //add coins for each Treasure card in player's hand
    86004: 1331:  for (i = 0; i < state->handCount[player]; i++)
branch  0 taken 83%
branch  1 taken 17%
        -: 1332:    {
    35615: 1333:      if (state->hand[player][i] == copper)
branch  0 taken 77%
branch  1 taken 23%
        -: 1334:	{
    27568: 1335:	  state->coins += 1;
    27568: 1336:	}
     8047: 1337:      else if (state->hand[player][i] == silver)
branch  0 taken 8%
branch  1 taken 92%
        -: 1338:	{
      660: 1339:	  state->coins += 2;
      660: 1340:	}
     7387: 1341:      else if (state->hand[player][i] == gold)
branch  0 taken 9%
branch  1 taken 91%
        -: 1342:	{
      660: 1343:	  state->coins += 3;
      660: 1344:	}
    35615: 1345:    }
        -: 1346:
        -: 1347:  //add bonus
     7387: 1348:  state->coins += bonus;
        -: 1349:
     7387: 1350:  return 0;
        -: 1351:}
