        -:    0:Source:unittest2.c
        -:    0:Graph:unittest2.gcno
        -:    0:Data:unittest2.gcda
        -:    0:Runs:1
        -:    0:Programs:1
        -:    1:#include "dominion.h"
        -:    2:#include "dominion_helpers.h"
        -:    3:#include <string.h>
        -:    4:#include <stdio.h>
        -:    5:#include <assert.h>
        -:    6:#include "rngs.h"
        -:    7:#include <time.h>
        -:    8:
        1:    9:int main() {
        -:   10:
        1:   11:	printf("-------------------------------------\n");
        1:   12:	printf("START of the unittest2 - KingdomCards\n");
        1:   13:	printf("-------------------------------------\n");
        -:   14:
        -:   15:	int i;
        1:   16:	int k1[10] = {adventurer, council_room, feast, gardens, mine, remodel, smithy, village, baron, great_hall};
        1:   17:	int *k2 = kingdomCards(adventurer, council_room, feast, gardens, mine, remodel, smithy, village, baron, great_hall);
        -:   18:
       11:   19:	for(i = 0; i < 10; i++) {
       10:   20:		int ret = compare(&k1[i], &	k2[i]);
       10:   21:		if(ret != 0)
    #####:   22:			printf("FAIL: return val should be 0, got %d\n", ret);
       10:   23:		assert(ret == 0);
        -:   24:	}
        1:   25:	printf("PASS: kingdom cards allocated correctly\n");
        -:   26:
        1:   27:	return 0;
        -:   28:}
