        -:    0:Source:cardtest2.c
        -:    0:Graph:cardtest2.gcno
        -:    0:Data:cardtest2.gcda
        -:    0:Runs:1
        -:    0:Programs:1
        -:    1:/*
        -:    2:**Card test 2: Smithy
        -:    3:**Written by: Tom Gariepy
        -:    4:**CS 325 Winter 2016
        -:    5:*/
        -:    6:
        -:    7:#include "dominion.h"
        -:    8:#include "dominion_helpers.h"
        -:    9:#include <string.h>
        -:   10:#include <stdio.h>
        -:   11:#include <assert.h>
        -:   12:#include "rngs.h"
        -:   13:
        -:   14:/*void playSmithyCard(int currentPlayer, struct gameState *state, int handPos)*/
        -:   15:
        1:   16:int main(int argc, char const *argv[]) {
        1:   17:    int seed = 1000;
        1:   18:    int numPlayer = 2;
        -:   19:    int p, r, handCount;
        -:   20:    int k[10] = {adventurer, council_room, feast, gardens, mine
        1:   21:               , remodel, smithy, village, baron, great_hall};
        -:   22:    struct gameState G;
        1:   23:    int maxHandCount = 5;
        -:   24:
        -:   25:    // arrays of all smithy
        -:   26:    int smy[MAX_HAND];
        -:   27:    int i;
      501:   28:    for (i = 0; i < MAX_HAND; i++)
        -:   29:    {
      500:   30:        smy[i] = smithy;
        -:   31:    }
        -:   32:
        1:   33:    printf ("TESTING smithy card:\n");
        3:   34:    for (p = 0; p < numPlayer; p++) {
        -:   35:    	// int x;
       14:   36:    	for (handCount = 0; handCount <= maxHandCount; handCount++) {
       12:   37:    		printf("Test player %d playing Smithy card, hand size: %d\n", p, handCount);
        -:   38:    		
       12:   39:    		memset(&G, 23, sizeof(struct gameState));   // clear the game state
       12:   40:            r = initializeGame(numPlayer, k, seed, &G); // initialize a new game
       12:   41:            G.whoseTurn = p;
       12:   42:            G.handCount[p] = handCount;
       12:   43:            memcpy(G.hand[p], smy, sizeof(int) * handCount);
        -:   44:
       12:   45:            r = playCard(0, 0, 0, 0, &G);
        -:   46:
       12:   47:            printf("G.handCount = %d, expected = %d\n", G.handCount[p], handCount + 2);
        -:   48:
       12:   49:            if (G.handCount[p] == handCount + 2) {
    #####:   50:            	printf("The Smithy card worked correctly\n");
        -:   51:            }
        -:   52:            else {
       12:   53:            	printf("The Smithy card did not work correctly\n");
        -:   54:            }
        -:   55:    	}
        -:   56:    }
        -:   57:
        1:   58:	return 0;
        -:   59:}