        -:    0:Source:randomtestadventurer.c
        -:    0:Graph:randomtestadventurer.gcno
        -:    0:Data:randomtestadventurer.gcda
        -:    0:Runs:1
        -:    0:Programs:1
        -:    1:/* ---------------------------------------------------------------------------
        -:    2: * David Vogel
        -:    3: * CS362 Assignment 4
        -:    4: * Due Feb 14, 2016
        -:    5: * Filename: randomtestadventurer.c
        -:    6: *   random test adventurer card
        -:    7: *
        -:    8: * Include the following lines in your makefile:
        -:    9: *   randomtestadventurer: randomtestadventurer.c dominion.o rngs.o
        -:   10: *     gcc -o randomtestadventurer -g randomtestadventurer.c dominion.o rngs.o $(CFLAGS)
        -:   11: *  
        -:   12: * Requirements for adventurer:
        -:   13: *   - Action should draw 2 treasure cards, giving total of 6, after action is discarded
        -:   14: *   - Player should have same amount of cards in discard pile as were drawn and discarded
        -:   15: *   - Player should have 2 extra treasure cards 
        -:   16: *        (these will be coppers since that is what is started with)
        -:   17: *   - No state change should occur for other players.
        -:   18: *   - No state change should occur to the Victory card piles and Kingdom card piles.
        -:   19: * ---------------------------------------------------------------------------*/
        -:   20:#include "dominion.h"
        -:   21:#include "dominion_helpers.h"
        -:   22:#include "rngs.h"
        -:   23:#include <string.h>
        -:   24:#include <stdio.h>
        -:   25:#include <stdlib.h>
        -:   26:#include <time.h>
        -:   27:#include <sys/stat.h>
        -:   28:#include <unistd.h>
        -:   29:#include <limits.h>
        -:   30:#include <math.h>
        -:   31:#include <sys/time.h>
        -:   32:
        -:   33:enum MY_CARDS {
        -:   34:  CURSE = 0, ESTATE = 1, DUCHY = 2, PROVINCE = 3, COPPER = 4, SILVER = 5, GOLD = 6, ADVENTURER = 7, COUNCIL_ROOM = 8, FEAST = 9, GARDENS = 10,
        -:   35:  MINE = 11, REMODEL = 12, SMITHY = 13, VILLAGE = 14, BARON = 15, GREAT_HALL = 16, MINION = 17, STEWARD = 18, TRIBUTE = 19, AMBASSADOR = 20,
        -:   36:  CUTPURSE = 21, EMBARGO = 22, OUTPOST = 23, SALVAGER = 24, SEA_HAG = 25, TREASURE_MAP = 26
        -:   37:};
        -:   38:
        -:   39:#define MAX_HAND_SIZE 5         //max starting hand size
        -:   40:#define MIN_HAND_SIZE 1         //min hand size
        -:   41:#define NUM_PLAYERS 2           //num players for game init
        -:   42:#define TEST_PLAYER 0           //test player is always 0
        -:   43:#define OTHER_PLAYER 1          //this is the computer
        -:   44:#define TEST_CARD ADVENTURER
        -:   45:
        -:   46:/* 
        -:   47:This is a shuffle routine for randomizing
        -:   48:http://stackoverflow.com/questions/6127503/shuffle-array-in-c
        -:   49:Arrange the N elements of ARRAY in random order.
        -:   50:Only effective if N is much smaller than RAND_MAX;
        -:   51:if this may not be the case, use a better random
        -:   52:number generator. */
function myShuffle2 called 2000 returned 100% blocks executed 100%
        -:   53:void myShuffle2(int *rooms, int n) {
        -:   54:  struct timeval t1;
     2000:   55:  gettimeofday(&t1, NULL);
     2000:   56:  srand(t1.tv_usec * t1.tv_sec);
     2000:   57:  if (n > 1) {
branch  0 taken 100%
branch  1 taken 0%
        -:   58:    int i;
    44000:   59:    for (i = 0; i < n - 1; i++) {
branch  0 taken 91%
branch  1 taken 9%
    20000:   60:      int j = i + rand() / (RAND_MAX / (n - i) + 1);
    20000:   61:      int t = rooms[j];
    20000:   62:      rooms[j] = rooms[i];
    20000:   63:      rooms[i] = t;
    20000:   64:    }
     2000:   65:  }
     2000:   66:}
        -:   67:
function main called 1 returned 100% blocks executed 82%
        -:   68:int main() {
        1:   69:  int shuffledCards = 0;        //cards gained if deck becomes empty
        1:   70:  int i = 0, j = 0, m = 0;                    //index counters
        1:   71:  int expectedHandCount = 0;    //desired value for hand count
        1:   72:  int actualHandCount = 0;      //actual value for expected hand count
        1:   73:  int expectedDeckCount = 0;    //desired value for deck count
        1:   74:  int actualDeckCount = 0;      //actual value for expected hand count
        1:   75:  int successfulTests = 0;      //number of successful tests
        1:   76:  int failedTests = 0;          //number of failed tests
        1:   77:  int totalNumberOfTests = 0;   //total number of tests run
        -:   78:  int handSize;                 //from 1 to 5 cards in hand
        1:   79:  int cardsGained = 2;            //should gain 2 cards
        1:   80:  int cardsDiscarded = 1;         //should have discarded 1 card after playing
        1:   81:  int expectedExtraCoins = 2;     //should have 2 new coppers
        1:   82:  int actualExtraCoins = 0;      //actual coins received
        -:   83:  //passed to cardEffect:
        1:   84:  int choice1 = 0, choice2 = 0, choice3 = 0, bonus = 0, handPos = 0;
        -:   85:
        1:   86:  srand(time(NULL)); //random seed
        -:   87:
        -:   88:  //actual game state & tested game state
        -:   89:  struct gameState actualGameState, testGameState;
        -:   90:
        -:   91:  //kingdom cards for game
        -:   92:  int kingdom_Cards[10]; //to be shuffled from all_k_cards
        1:   93:  int all_k_cards[] =
        -:   94:      {ADVENTURER, COUNCIL_ROOM, FEAST, GARDENS, MINE, REMODEL, SMITHY, VILLAGE, BARON, GREAT_HALL, MINION, STEWARD, TRIBUTE, AMBASSADOR, CUTPURSE,
        -:   95:       EMBARGO, OUTPOST, SALVAGER, SEA_HAG, TREASURE_MAP};
        -:   96:
        -:   97:  //victory cards for game (to be shuffled)
        1:   98:  int victory_Cards[] = {ESTATE, DUCHY, PROVINCE};
        -:   99:  // int all_tres_cards[] = {COPPER, SILVER, GOLD};
        -:  100:
        -:  101:  //random test loop
     2002:  102:  for (m = 0; m < 1000; m++) {
branch  0 taken 99%
branch  1 taken 1%
     1000:  103:    myShuffle2(all_k_cards, 19); //shuffle kingdom cards
    22000:  104:    for (j = 0; j < 10; j++) { //copy first 10 cards for use
branch  0 taken 91%
branch  1 taken 9%
    10000:  105:      kingdom_Cards[j] = all_k_cards[j];
    10000:  106:    }
     1000:  107:    myShuffle2(victory_Cards, 3); //shuffle victory cards
        -:  108:    //initialize game & copy state for reference
     1000:  109:    initializeGame(NUM_PLAYERS, kingdom_Cards, 2, &actualGameState);
     1000:  110:    memcpy(&testGameState, &actualGameState, sizeof(struct gameState));
     1000:  111:    handSize = rand() % MAX_HAND_SIZE + 1; //rand handSize between 1 & 5
     1000:  112:    handPos = rand() % handSize; //rand handPos between 0 & handSize
        -:  113:
        -:  114:    //call the adventurer card
        -:  115:    // cardEffect(adventurer, choice1, choice2, choice3, &testGameState, handPos, &bonus);
     1000:  116:    playAdventurer(TEST_PLAYER, &testGameState); //test ian's adventurer refactor
        -:  117:    //begin tests
     1000:  118:    printf("**************************** TESTING ADVENTURER CARD ****************************\n");
        -:  119:    /* ---------------------- TEST 1 --------------------- */
        -:  120:    //test player should receive 2 cards
     1000:  121:    printf("---------------- TEST 1: TESTING CARDS RECEIVED ----------------\n");
     1000:  122:    printf("Player should receive 2 cards...\n");
        -:  123:    // cardEffect(adventurer, choice1, choice2, choice3, &testGameState, handPos, &bonus);
     1000:  124:    actualHandCount = testGameState.handCount[TEST_PLAYER];
     1000:  125:    expectedHandCount = actualGameState.handCount[TEST_PLAYER] + cardsGained - cardsDiscarded;
     1000:  126:    printf("Actual hand count: %d\n", actualHandCount);
     1000:  127:    printf("Expected hand count: %d\n", expectedHandCount);
     1000:  128:    if (actualHandCount == expectedHandCount) {
branch  0 taken 0%
branch  1 taken 100%
    #####:  129:      printf("***SUCCESS: HAND COUNT GAME STATE FOR CURRENT PLAYER IS THE SAME!\n\n");
    #####:  130:      ++successfulTests;
    #####:  131:    }
        -:  132:    else {
     1000:  133:      printf("***FAIL: HAND COUNT GAME STATE FOR CURRENT PLAYER IS DIFFERENT!\n\n");
     1000:  134:      ++failedTests;
        -:  135:    }
     1000:  136:    ++totalNumberOfTests;
        -:  137:
        -:  138:    /* ---------------------- TEST 2 --------------------- */
        -:  139:    //The 2 cards should come from the test player's pile
     1000:  140:    printf("------------------------- TEST 2: TESTING DECK COUNT -------------------------\n");
     1000:  141:    printf("2 Cards should come from current player's deck count...\n");
     1000:  142:    actualDeckCount = testGameState.deckCount[TEST_PLAYER];
     1000:  143:    expectedDeckCount = actualGameState.deckCount[TEST_PLAYER] - cardsGained + shuffledCards;
     1000:  144:    printf("Actual deck count: %d\n", actualDeckCount);
     1000:  145:    printf("Expected deck count: %d\n", expectedDeckCount);
        -:  146:
        -:  147:    //test game state of deckCount for test player
     1000:  148:    if (expectedDeckCount == actualDeckCount) {
branch  0 taken 0%
branch  1 taken 100%
    #####:  149:      printf("***SUCCESS: DECK COUNT GAME STATE FOR CURRENT PLAYER IS THE SAME!\n\n");
    #####:  150:      ++successfulTests;
    #####:  151:    }
        -:  152:    else {
     1000:  153:      printf("***FAIL: DECK COUNT GAME STATE FOR CURRENT PLAYER IS DIFFERENT!\n\n");
     1000:  154:      ++failedTests;
        -:  155:    }
     1000:  156:    ++totalNumberOfTests;
        -:  157:
        -:  158:    /* ---------------------- TEST 3 --------------------- */
        -:  159:    //Player should have 2 extra coins
     1000:  160:    printf("------------------------- TEST 3: TESTING EXTRA COINS -------------------------\n");
     1000:  161:    printf("Player should have 2 extra coins...\n");
     1000:  162:    updateCoins(TEST_PLAYER, &testGameState, bonus);
     1000:  163:    actualExtraCoins = testGameState.coins - actualGameState.coins;
     1000:  164:    printf("Actual extra coins: %d\n", actualExtraCoins);
     1000:  165:    printf("Expected extra coins: %d\n", expectedExtraCoins);
        -:  166:
        -:  167:    //test game state of coins for test player
     1000:  168:    if (expectedExtraCoins == actualExtraCoins) {
branch  0 taken 0%
branch  1 taken 100%
    #####:  169:      printf("***SUCCESS: GAME STATE COINS FOR CURRENT PLAYER IS THE SAME!\n\n");
    #####:  170:      ++successfulTests;
    #####:  171:    }
        -:  172:    else {
     1000:  173:      printf("***FAIL: GAME STATE COINS FOR CURRENT PLAYER IS DIFFERENT!\n\n");
     1000:  174:      ++failedTests;
        -:  175:    }
     1000:  176:    ++totalNumberOfTests;
        -:  177:
        -:  178:    /* ---------------------- TEST 4 --------------------- */
        -:  179:    //test that game state for victory cards & kingdom cards did not change
     1000:  180:    printf("-------- TEST 4: TESTING THAT NUMBER OF VICTORY CARDS HAS NOT CHANGED --------\n");
     8000:  181:    for (i = 0; i < 3; i++) {
branch  0 taken 75%
branch  1 taken 25%
     3000:  182:      if (testGameState.supplyCount[victory_Cards[i]] == actualGameState.supplyCount[victory_Cards[i]]) {
branch  0 taken 100%
branch  1 taken 0%
     3000:  183:        printf("***SUCCESS: VICTORY CARD %d SUCCEEDED!\n", i);
     3000:  184:        ++successfulTests;
     3000:  185:      }
        -:  186:      else {
    #####:  187:        printf("***FAIL: VICTORY CARD %d FAILED!\n", i);
    #####:  188:        ++failedTests;
        -:  189:      }
     3000:  190:      ++totalNumberOfTests;
     3000:  191:    }
     1000:  192:    printf("\n");
        -:  193:
        -:  194:    /* ---------------------- TEST 5 --------------------- */
     1000:  195:    printf("-------- TEST 5: TESTING THAT NUMBER OF KINGDOM CARDS HAS NOT CHANGED --------\n");
    22000:  196:    for (i = 0; i < 10; i++) {
branch  0 taken 91%
branch  1 taken 9%
    10000:  197:      if (testGameState.supplyCount[kingdom_Cards[i]] == actualGameState.supplyCount[kingdom_Cards[i]]) {
branch  0 taken 100%
branch  1 taken 0%
    10000:  198:        printf("***SUCCESS: KINGDOM CARD %d SUCCEEDED!\n", i);
    10000:  199:        ++successfulTests;
    10000:  200:      }
        -:  201:      else {
    #####:  202:        printf("***FAIL: KINGDOM CARD %d FAILED!\n", i);
    #####:  203:        ++failedTests;
        -:  204:      }
    10000:  205:      ++totalNumberOfTests;
    10000:  206:    }
     1000:  207:    printf("\n");
        -:  208:
        -:  209:    /* ---------------------- TEST 6 --------------------- */
     1000:  210:    printf("------ TEST 6: TESTING THAT GAME STATE FOR OTHER PLAYER HASN'T CHANGED ------\n");
        -:  211:    //test that game state hasn't changed for other player
     1000:  212:    printf("Testing game state for other player...\n");
     2000:  213:    if (testGameState.handCount[OTHER_PLAYER] == actualGameState.handCount[OTHER_PLAYER]
branch  0 taken 100%
branch  1 taken 0%
     2000:  214:        && testGameState.deckCount[OTHER_PLAYER] == actualGameState.deckCount[OTHER_PLAYER]
branch  0 taken 100%
branch  1 taken 0%
     2000:  215:        && testGameState.discardCount[OTHER_PLAYER] == actualGameState.discardCount[OTHER_PLAYER]) {
branch  0 taken 100%
branch  1 taken 0%
     1000:  216:      printf("***SUCCESS: GAME STATE FOR OTHER PLAYER IS THE SAME!\n\n");
     1000:  217:      ++successfulTests;
     1000:  218:    }
        -:  219:    else {
    #####:  220:      printf("***FAIL: GAME STATE FOR OTHER PLAYER IS DIFFERENT!\n\n");
    #####:  221:      ++failedTests;
        -:  222:    }
     1000:  223:    ++totalNumberOfTests;
        -:  224:
        -:  225:    /* ---------------------- TEST RESULTS --------------------- */
     1000:  226:    if (totalNumberOfTests == successfulTests) {
branch  0 taken 0%
branch  1 taken 100%
    #####:  227:      printf("************ SUCCESS: ALL TESTS PASSED FOR ADVENTURER CARD ************\n");
    #####:  228:    }
        -:  229:    else {
     1000:  230:      printf("************ FAIL: NOT ALL TESTS PASSED FOR ADVENTURER CARD ************\n");
        -:  231:    }
     1000:  232:    printf("The number of tests run was: %d\n", totalNumberOfTests);
     1000:  233:    printf("The number of tests passed was: %d\n", successfulTests);
     1000:  234:    printf("The number of tests failed was: %d\n", failedTests);
     1000:  235:  }
        1:  236:  return 0;
        -:  237:}
