        -:    0:Source:unittest4.c
        -:    0:Graph:unittest4.gcno
        -:    0:Data:unittest4.gcda
        -:    0:Runs:1
        -:    0:Programs:1
        -:    1:/* Author:      Ian Bender
        -:    2: * Course:      CS362
        -:    3: * Due Date:    2/3/2016
        -:    4: * Description: Unit test for isGameOver() function.
        -:    5: * Requirements
        -:    6: *      - game is over when province stack is at 0
        -:    7: *      - game is over when any 3 supply stacks are at 0
        -:    8: */
        -:    9:
        -:   10:
        -:   11:#include "dominion.h"
        -:   12:#include "dominion_helpers.h"
        -:   13:#include <string.h>
        -:   14:#include <stdio.h>
        -:   15:#include <assert.h>
        -:   16:#include "rngs.h"
        -:   17:
function main called 1 returned 100% blocks executed 77%
        -:   18:int main() 
        -:   19:{
        -:   20:    int i, j;
        -:   21:    int outcome;
        1:   22:    int seed = 1000;
        -:   23:    struct gameState G, testG;
        1:   24:    int k[10] = {adventurer, council_room, feast, gardens, mine,
        -:   25:                    remodel, smithy, village, baron, great_hall};
        -:   26:
        1:   27:    printf("TESTING - isGameOver\n\n");
        -:   28:    //initialize game state
        1:   29:    outcome = initializeGame(MAX_PLAYERS, k, seed, &G);
        1:   30:    if (outcome == -1)
branch  0 taken 0%
branch  1 taken 100%
    #####:   31:        printf("ERROR - Game initialization failed.\n");
        1:   32:    memcpy(&testG, &G, sizeof(struct gameState));
        -:   33:
        -:   34:    //supply of province > 0, game continues
        1:   35:    printf("supplyCount[province] = %d\n", G.supplyCount[province]);
        1:   36:    if (isGameOver(&G))
branch  0 taken 0%
branch  1 taken 100%
    #####:   37:        printf("ERROR - game over but should continue.\n");
        -:   38:    else
        1:   39:        printf("SUCCESS - Game continues.\n");
        -:   40:
        -:   41:    //supply of province = 0, game over 
        1:   42:    G.supplyCount[province] = 0;
        1:   43:    printf("supplyCount[province] = %d\n", G.supplyCount[province]);
        1:   44:    if (isGameOver(&G))
branch  0 taken 100%
branch  1 taken 0%
        1:   45:        printf("SUCCESS - Game over.\n");
        -:   46:    else
    #####:   47:        printf("ERROR - game continues but should be over.\n");
        -:   48:
        -:   49:    //reset supply count of province
        1:   50:    G.supplyCount[province] = 12;
        8:   51:    for (i = 0; i < 3; i++)
branch  0 taken 75%
branch  1 taken 25%
        -:   52:    {
        -:   53:        //set supply pile to 0
        3:   54:        G.supplyCount[i] = 0;
        3:   55:        printf("%d piles now have 0 cards.\n", i + 1);
        -:   56:        //if three supply piles are at 0, game is over
        4:   57:        if (isGameOver(&G) && i == 2)
branch  0 taken 33%
branch  1 taken 67%
branch  2 taken 100%
branch  3 taken 0%
        1:   58:            printf("SUCCESS - Game over.\n");
        2:   59:        else if (isGameOver(&G) && i < 2)
branch  0 taken 0%
branch  1 taken 100%
branch  2 never executed
branch  3 never executed
    #####:   60:            printf("ERROR - game over but should continue.\n");
        -:   61:        else
        2:   62:            printf("SUCCESS - Game continues.\n");
        3:   63:    }
        -:   64:
        1:   65:    printf("TEST COMPLETE\n\n");
        -:   66:
        1:   67:    return 0;
        -:   68:}
