        -:    0:Source:dominion.c
        -:    0:Graph:dominion.gcno
        -:    0:Data:dominion.gcda
        -:    0:Runs:2
        -:    0:Programs:1
        -:    1:#include "dominion.h"
        -:    2:#include "dominion_helpers.h"
        -:    3:#include "rngs.h"
        -:    4:#include <stdio.h>
        -:    5:#include <math.h>
        -:    6:#include <stdlib.h> 
        -:    7:
        -:    8:
        -:    9:
function compare called 94820381 returned 100% blocks executed 100%
 94820381:   10:int compare(const void* a, const void* b) {
 94820381:   11:  if (*(int*)a > *(int*)b)
branch  0 taken 45% (fallthrough)
branch  1 taken 55%
 42399775:   12:    return 1;
 52420606:   13:  if (*(int*)a < *(int*)b)
branch  0 taken 39% (fallthrough)
branch  1 taken 61%
 20284709:   14:    return -1;
 32135897:   15:  return 0;
        -:   16:}
        -:   17:
function newGame called 0 returned 0% blocks executed 0%
    #####:   18:struct gameState* newGame() {
    #####:   19:  struct gameState* g = malloc(sizeof(struct gameState));
    #####:   20:  return g;
        -:   21:}
        -:   22:
function kingdomCards called 0 returned 0% blocks executed 0%
    #####:   23:int* kingdomCards(int k1, int k2, int k3, int k4, int k5, int k6, int k7,
        -:   24:		  int k8, int k9, int k10) {
    #####:   25:  int* k = malloc(10 * sizeof(int));
    #####:   26:  k[0] = k1;
    #####:   27:  k[1] = k2;
    #####:   28:  k[2] = k3;
    #####:   29:  k[3] = k4;
    #####:   30:  k[4] = k5;
    #####:   31:  k[5] = k6;
    #####:   32:  k[6] = k7;
    #####:   33:  k[7] = k8;
    #####:   34:  k[8] = k9;
    #####:   35:  k[9] = k10;
    #####:   36:  return k;
        -:   37:}
        -:   38:
function newRandomGame called 101000 returned 100% blocks executed 94%
   101000:   39:struct gameState newRandomGame(int kc[10], int stream)
        -:   40:{
   101000:   41:  PlantSeeds(-1);
call    0 returned 100%
   101000:   42:  SelectStream(stream);
call    0 returned 100%
        -:   43:  int i, j, r, c, result, thisPlayer;
        -:   44:  int seed, numPlayers;
        -:   45:  struct gameState Game;
        -:   46:
        -:   47:  //valid random number of players
   101000:   48:  numPlayers = floor(Random() * 3) + 2;
call    0 returned 100%
        -:   49:
        -:   50:  //valid random seed
   101000:   51:  seed = floor(Random() * 1000000000);
call    0 returned 100%
        -:   52:  
        -:   53:  //make the game
   101000:   54:  result = initializeGame(numPlayers, kc, seed, &Game);
call    0 returned 100%
   101000:   55:  if (result == -1)
branch  0 taken 0% (fallthrough)
branch  1 taken 100%
        -:   56:  {
    #####:   57:    for (i = 0; i < 10; i++)
branch  0 never executed
branch  1 never executed
        -:   58:    {
    #####:   59:      printf("kc[%d] = %d   ", i, kc[i]);
call    0 never executed
        -:   60:    }
    #####:   61:    printf("\nnumPlayers: %d\n", numPlayers);
call    0 never executed
        -:   62:  }
        -:   63:
        -:   64:  //put the first player's hand back into the deck
   101000:   65:  Game.deck[0][5] = Game.hand[0][0];
   101000:   66:  Game.deck[0][6] = Game.hand[0][1];
   101000:   67:  Game.deck[0][7] = Game.hand[0][2];
   101000:   68:  Game.deck[0][8] = Game.hand[0][3];
   101000:   69:  Game.deck[0][9] = Game.hand[0][4];
   101000:   70:  Game.handCount[0] = 0;
   101000:   71:  Game.deckCount[0] = 10;
   101000:   72:  thisPlayer = floor(Random() * numPlayers);
call    0 returned 100%
   101000:   73:  Game.whoseTurn = thisPlayer;
        -:   74:
        -:   75:  //determine a random deckCount and discardCount for each player, and then fill with random cards
   402450:   76:  for (i = 0; i < numPlayers; i++)
branch  0 taken 75%
branch  1 taken 25% (fallthrough)
        -:   77:  {
        -:   78:    //determine a random deckCount and discardCount
   301450:   79:    r = floor(Random() * 100);
call    0 returned 100%
   301450:   80:    if (r < 60) //60% of the time
branch  0 taken 60% (fallthrough)
branch  1 taken 40%
        -:   81:    {
   180047:   82:      Game.deckCount[i] = 10 + floor(Random() * 20);
call    0 returned 100%
   180047:   83:      Game.discardCount[i] = floor(Random() * Game.deckCount[i]);
call    0 returned 100%
        -:   84:    }
   213448:   85:    else if (r >= 60 && r < 90) //30% of the time
branch  0 taken 100% (fallthrough)
branch  1 taken 0%
branch  2 taken 76% (fallthrough)
branch  3 taken 24%
        -:   86:    {
    92045:   87:      Game.deckCount[i] = 30 + floor(Random() * 40);
call    0 returned 100%
    92045:   88:      Game.discardCount[i] = floor(Random() * Game.deckCount[i]);
call    0 returned 100%
        -:   89:    }
        -:   90:    else  //10% of the time
        -:   91:    {
    29358:   92:      Game.deckCount[i] = floor(Random() * (MAX_DECK - 70)) + 70;
call    0 returned 100%
    29358:   93:      Game.discardCount[i] = floor(Random() * Game.deckCount[i]);
call    0 returned 100%
        -:   94:    }
        -:   95:
        -:   96:    //Fill in deck with random cards, leaving the starting 7 coppers and 3 estates in the first 10 spots.
 13632620:   97:    for (j = 10; j < Game.deckCount[i]; j++)
branch  0 taken 98%
branch  1 taken 2% (fallthrough)
        -:   98:    {
 13331170:   99:      r = floor(Random() * 17);
call    0 returned 100%
 13331170:  100:      if (r < 7)
branch  0 taken 41% (fallthrough)
branch  1 taken 59%
        -:  101:      {
  5474964:  102:        Game.deck[i][j] = r;
        -:  103:      }
        -:  104:      else
        -:  105:      {
  7856206:  106:        Game.deck[i][j] = kc[r-7];
        -:  107:      }
        -:  108:      
        -:  109:    }
        -:  110:
        -:  111:    //shuffle the deck with the new random cards
   301450:  112:    shuffle(i, &Game);
call    0 returned 100%
        -:  113:
        -:  114:    //add discardCount cards from top of deck to discard
  8165286:  115:    for (j = 0; j < Game.discardCount[i]; j++)
branch  0 taken 96%
branch  1 taken 4% (fallthrough)
        -:  116:    {
  7863836:  117:      Game.deckCount[i]--;
  7863836:  118:      Game.discard[i][j] = Game.deck[i][Game.deckCount[i]];        
        -:  119:    }
        -:  120:  }
        -:  121:
        -:  122:  //only set up hand for the player who's turn it is
   101000:  123:  r = floor(Random() * 100);
call    0 returned 100%
   101000:  124:  if (r != 0) //99% of the time, pick a typical handCount (under 10)
branch  0 taken 99% (fallthrough)
branch  1 taken 1%
        -:  125:  {
   100149:  126:    r = floor(Random() * 10) + 1;
call    0 returned 100%
   654188:  127:    for (i = 0; i < r; i++)
branch  0 taken 85%
branch  1 taken 15%
        -:  128:    {
   554039:  129:      drawCard(thisPlayer, &Game);
call    0 returned 100%
        -:  130:    }
        -:  131:  }
        -:  132:  else //1% of the time, test a large handCount up to the number of available cards
        -:  133:  {
      851:  134:    r = floor(Random() * (Game.deckCount[thisPlayer] + Game.discardCount[thisPlayer])) + 1;
call    0 returned 100%
    27584:  135:    for (i = 0; i < r; i++)
branch  0 taken 97%
branch  1 taken 3% (fallthrough)
        -:  136:    {
    26733:  137:      drawCard(thisPlayer, &Game);
call    0 returned 100%
        -:  138:    }
        -:  139:  }
   101000:  140:  if (DEBUG == 1)
        -:  141:  {
        -:  142:    printf("Hand of Player %d\n", thisPlayer);
        -:  143:    for (i = 0; i < Game.handCount[thisPlayer]; i++)
        -:  144:    {
        -:  145:      printf("\tcard[%d]: %d\n", i, Game.hand[thisPlayer][i]);     
        -:  146:    }
        -:  147:  }
        -:  148:
        -:  149:  //remove random numbers of cards from the supplies
   101000:  150:  Game.supplyCount[estate] = Game.supplyCount[estate] - floor(Random() * (3 * numPlayers));
call    0 returned 100%
   101000:  151:  Game.supplyCount[duchy] = Game.supplyCount[duchy] - floor(Random() * (3 * numPlayers));
call    0 returned 100%
   101000:  152:  Game.supplyCount[province] = Game.supplyCount[province] - floor(Random() * (3 * numPlayers));
call    0 returned 100%
   101000:  153:  Game.supplyCount[copper] = Game.supplyCount[copper] - floor(Random() * (60 - 7 * numPlayers));
call    0 returned 100%
   101000:  154:  Game.supplyCount[silver] = Game.supplyCount[silver] - floor(Random() * 40);
call    0 returned 100%
   101000:  155:  Game.supplyCount[gold] = Game.supplyCount[gold] - floor(Random() * 30);
call    0 returned 100%
   101000:  156:  Game.supplyCount[curse] = Game.supplyCount[curse] - floor(Random() * ((numPlayers-1) * 10));
call    0 returned 100%
  1111000:  157:  for (i = 0; i < 10; i++)
branch  0 taken 91%
branch  1 taken 9% (fallthrough)
        -:  158:  {
  1107082:  159:    if (kc[i] == great_hall || kc[i] == gardens)
branch  0 taken 95% (fallthrough)
branch  1 taken 5%
branch  2 taken 5% (fallthrough)
branch  3 taken 95%
        -:  160:    {
    97082:  161:      if (numPlayers == 2)
branch  0 taken 34% (fallthrough)
branch  1 taken 66%
        -:  162:      {
    32880:  163:        Game.supplyCount[kc[i]] = Game.supplyCount[kc[i]] - floor(Random() * 9);        
call    0 returned 100%
        -:  164:      }
        -:  165:      else
        -:  166:      {
    64202:  167:        Game.supplyCount[kc[i]] = Game.supplyCount[kc[i]] - floor(Random() * 13);
call    0 returned 100%
        -:  168:      }
        -:  169:    }
        -:  170:    else
        -:  171:    {
   912918:  172:      Game.supplyCount[kc[i]] = Game.supplyCount[kc[i]] - floor(Random() * 11);
call    0 returned 100%
        -:  173:    }
        -:  174:  }
        -:  175:
        -:  176:  //pick random playedCardCount
   101000:  177:  if (floor(Random() * 100) != 0) //99% of the time, test a typical playedCardCount (under 5)
call    0 returned 100%
branch  1 taken 99% (fallthrough)
branch  2 taken 1%
        -:  178:  {
    99830:  179:    Game.playedCardCount = floor(Random() * 5);
call    0 returned 100%
        -:  180:  }
        -:  181:  else //1% of the time, test a large playedCardCound
        -:  182:  {
     1170:  183:    Game.playedCardCount = floor(Random() * (Game.deckCount[thisPlayer] + 1));
call    0 returned 100%
        -:  184:  }
        -:  185:
   312909:  186:  for (i = 0; i < Game.playedCardCount; i++)
branch  0 taken 68%
branch  1 taken 32% (fallthrough)
        -:  187:  {
   211909:  188:    r = floor(Random() * 10);
call    0 returned 100%
   211909:  189:    Game.playedCards[i] = kc[r];
        -:  190:  }
   101000:  191:  return Game;
        -:  192:}
        -:  193:
function initializeGame called 101000 returned 100% blocks executed 95%
   101000:  194:int initializeGame(int numPlayers, int kingdomCards[10], int randomSeed,
        -:  195:		   struct gameState *state) {
        -:  196:
        -:  197:  int i;
        -:  198:  int j;
        -:  199:  int it;			
        -:  200:  //set up random number generator
   101000:  201:  SelectStream(1);
call    0 returned 100%
   101000:  202:  PutSeed((long)randomSeed);
call    0 returned 100%
        -:  203:  
        -:  204:  //check number of players
   101000:  205:  if (numPlayers > MAX_PLAYERS || numPlayers < 2)
branch  0 taken 100% (fallthrough)
branch  1 taken 0%
branch  2 taken 0% (fallthrough)
branch  3 taken 100%
        -:  206:    {
    #####:  207:      return -1;
        -:  208:    }
        -:  209:
        -:  210:  //set number of players
   101000:  211:  state->numPlayers = numPlayers;
        -:  212:
        -:  213:  //check selected kingdom cards are different
  1111000:  214:  for (i = 0; i < 10; i++)
branch  0 taken 91%
branch  1 taken 9% (fallthrough)
        -:  215:    {
 11110000:  216:      for (j = 0; j < 10; j++)
branch  0 taken 91%
branch  1 taken 9% (fallthrough)
        -:  217:        {
 10100000:  218:	  if (j != i && kingdomCards[j] == kingdomCards[i])
branch  0 taken 90% (fallthrough)
branch  1 taken 10%
branch  2 taken 0% (fallthrough)
branch  3 taken 100%
        -:  219:	    {
    #####:  220:	      return -1;
        -:  221:	    }
        -:  222:        }
        -:  223:    }
        -:  224:
        -:  225:
        -:  226:  //initialize supply
        -:  227:  ///////////////////////////////
        -:  228:
        -:  229:  //set number of Curse cards
   101000:  230:  if (numPlayers == 2)
branch  0 taken 34% (fallthrough)
branch  1 taken 66%
        -:  231:    {
    34461:  232:      state->supplyCount[curse] = 10;
        -:  233:    }
    66539:  234:  else if (numPlayers == 3)
branch  0 taken 51% (fallthrough)
branch  1 taken 49%
        -:  235:    {
    33628:  236:      state->supplyCount[curse] = 20;
        -:  237:    }
        -:  238:  else
        -:  239:    {
    32911:  240:      state->supplyCount[curse] = 30;
        -:  241:    }
        -:  242:
        -:  243:  //set number of Victory cards
   101000:  244:  if (numPlayers == 2)
branch  0 taken 34% (fallthrough)
branch  1 taken 66%
        -:  245:    {
    34461:  246:      state->supplyCount[estate] = 8;
    34461:  247:      state->supplyCount[duchy] = 8;
    34461:  248:      state->supplyCount[province] = 8;
        -:  249:    }
        -:  250:  else
        -:  251:    {
    66539:  252:      state->supplyCount[estate] = 12;
    66539:  253:      state->supplyCount[duchy] = 12;
    66539:  254:      state->supplyCount[province] = 12;
        -:  255:    }
        -:  256:
        -:  257:  //set number of Treasure cards
   101000:  258:  state->supplyCount[copper] = 60 - (7 * numPlayers);
   101000:  259:  state->supplyCount[silver] = 40;
   101000:  260:  state->supplyCount[gold] = 30;
        -:  261:
        -:  262:  //set number of Kingdom cards
  2121000:  263:  for (i = adventurer; i <= treasure_map; i++)       	//loop all cards
branch  0 taken 95%
branch  1 taken 5% (fallthrough)
        -:  264:    {
 16665000:  265:      for (j = 0; j < 10; j++)           		//loop chosen cards
branch  0 taken 94%
branch  1 taken 6% (fallthrough)
        -:  266:	{
 15655000:  267:	  if (kingdomCards[j] == i)
branch  0 taken 6% (fallthrough)
branch  1 taken 94%
        -:  268:	    {
        -:  269:	      //check if card is a 'Victory' Kingdom card
  1107082:  270:	      if (kingdomCards[j] == great_hall || kingdomCards[j] == gardens)
branch  0 taken 95% (fallthrough)
branch  1 taken 5%
branch  2 taken 5% (fallthrough)
branch  3 taken 95%
        -:  271:		{
    97082:  272:		  if (numPlayers == 2){ 
branch  0 taken 34% (fallthrough)
branch  1 taken 66%
    32880:  273:		    state->supplyCount[i] = 8; 
        -:  274:		  }
    64202:  275:		  else{ state->supplyCount[i] = 12; }
        -:  276:		}
        -:  277:	      else
        -:  278:		{
   912918:  279:		  state->supplyCount[i] = 10;
        -:  280:		}
  1010000:  281:	      break;
        -:  282:	    }
        -:  283:	  else    //card is not in the set choosen for the game
        -:  284:	    {
 14645000:  285:	      state->supplyCount[i] = -1;
        -:  286:	    }
        -:  287:	}
        -:  288:
        -:  289:    }
        -:  290:
        -:  291:  ////////////////////////
        -:  292:  //supply intilization complete
        -:  293:
        -:  294:  //set player decks
   402450:  295:  for (i = 0; i < numPlayers; i++)
branch  0 taken 75%
branch  1 taken 25% (fallthrough)
        -:  296:    {
   301450:  297:      state->deckCount[i] = 0;
  1205800:  298:      for (j = 0; j < 3; j++)
branch  0 taken 75%
branch  1 taken 25% (fallthrough)
        -:  299:	{
   904350:  300:	  state->deck[i][j] = estate;
   904350:  301:	  state->deckCount[i]++;
        -:  302:	}
  2411600:  303:      for (j = 3; j < 10; j++)
branch  0 taken 88%
branch  1 taken 13% (fallthrough)
        -:  304:	{
  2110150:  305:	  state->deck[i][j] = copper;
  2110150:  306:	  state->deckCount[i]++;		
        -:  307:	}
        -:  308:    }
        -:  309:
        -:  310:  //shuffle player decks
   402450:  311:  for (i = 0; i < numPlayers; i++)
branch  0 taken 75%
branch  1 taken 25% (fallthrough)
        -:  312:    {
   301450:  313:      if ( shuffle(i, state) < 0 )
call    0 returned 100%
branch  1 taken 0% (fallthrough)
branch  2 taken 100%
        -:  314:	{
    #####:  315:	  return -1;
        -:  316:	}
        -:  317:    }
        -:  318:
        -:  319:  //draw player hands
   402450:  320:  for (i = 0; i < numPlayers; i++)
branch  0 taken 75%
branch  1 taken 25% (fallthrough)
        -:  321:    {  
        -:  322:      //initialize hand size to zero
   301450:  323:      state->handCount[i] = 0;
   301450:  324:      state->discardCount[i] = 0;
        -:  325:      //draw 5 cards
        -:  326:      // for (j = 0; j < 5; j++)
        -:  327:      //	{
        -:  328:      //	  drawCard(i, state);
        -:  329:      //	}
        -:  330:    }
        -:  331:  
        -:  332:  //set embargo tokens to 0 for all supply piles
  2828000:  333:  for (i = 0; i <= treasure_map; i++)
branch  0 taken 96%
branch  1 taken 4% (fallthrough)
        -:  334:    {
  2727000:  335:      state->embargoTokens[i] = 0;
        -:  336:    }
        -:  337:
        -:  338:  //initialize first player's turn
   101000:  339:  state->outpostPlayed = 0;
   101000:  340:  state->phase = 0;
   101000:  341:  state->numActions = 1;
   101000:  342:  state->numBuys = 1;
   101000:  343:  state->playedCardCount = 0;
   101000:  344:  state->whoseTurn = 0;
   101000:  345:  state->handCount[state->whoseTurn] = 0;
        -:  346:  //int it; move to top
        -:  347:
        -:  348:  //Moved draw cards to here, only drawing at the start of a turn
   606000:  349:  for (it = 0; it < 5; it++){
branch  0 taken 83%
branch  1 taken 17% (fallthrough)
   505000:  350:    drawCard(state->whoseTurn, state);
call    0 returned 100%
        -:  351:  }
        -:  352:
   101000:  353:  updateCoins(state->whoseTurn, state, 0);
call    0 returned 100%
        -:  354:
   101000:  355:  return 0;
        -:  356:}
        -:  357:
function shuffle called 664748 returned 100% blocks executed 100%
   664748:  358:int shuffle(int player, struct gameState *state) {
        -:  359: 
        -:  360:
        -:  361:  int newDeck[MAX_DECK];
   664748:  362:  int newDeckPos = 0;
        -:  363:  int card;
        -:  364:  int i;
        -:  365:
   664748:  366:  if (state->deckCount[player] < 1)
branch  0 taken 4% (fallthrough)
branch  1 taken 96%
    24930:  367:    return -1;
   639818:  368:  qsort ((void*)(state->deck[player]), state->deckCount[player], sizeof(int), compare); 
call    0 returned 100%
        -:  369:  /* SORT CARDS IN DECK TO ENSURE DETERMINISM! */
        -:  370:
 21490346:  371:  while (state->deckCount[player] > 0) {
branch  0 taken 97%
branch  1 taken 3% (fallthrough)
 20210710:  372:    card = floor(Random() * state->deckCount[player]);
call    0 returned 100%
 20210710:  373:    newDeck[newDeckPos] = state->deck[player][card];
 20210710:  374:    newDeckPos++;
815866750:  375:    for (i = card; i < state->deckCount[player]-1; i++) {
branch  0 taken 98%
branch  1 taken 2% (fallthrough)
795656040:  376:      state->deck[player][i] = state->deck[player][i+1];
        -:  377:    }
 20210710:  378:    state->deckCount[player]--;
        -:  379:  }
 20850528:  380:  for (i = 0; i < newDeckPos; i++) {
branch  0 taken 97%
branch  1 taken 3% (fallthrough)
 20210710:  381:    state->deck[player][i] = newDeck[i];
 20210710:  382:    state->deckCount[player]++;
        -:  383:  }
        -:  384:
   639818:  385:  return 0;
        -:  386:}
        -:  387:
function playCard called 0 returned 0% blocks executed 0%
    #####:  388:int playCard(int handPos, int choice1, int choice2, int choice3, struct gameState *state) 
        -:  389:{	
        -:  390:  int card;
    #####:  391:  int coin_bonus = 0; 		//tracks coins gain from actions
        -:  392:
        -:  393:  //check if it is the right phase
    #####:  394:  if (state->phase != 0)
branch  0 never executed
branch  1 never executed
        -:  395:    {
    #####:  396:      return -1;
        -:  397:    }
        -:  398:	
        -:  399:  //check if player has enough actions
    #####:  400:  if ( state->numActions < 1 )
branch  0 never executed
branch  1 never executed
        -:  401:    {
    #####:  402:      return -1;
        -:  403:    }
        -:  404:	
        -:  405:  //get card played
    #####:  406:  card = handCard(handPos, state);
call    0 never executed
        -:  407:	
        -:  408:  //check if selected card is an action
    #####:  409:  if ( card < adventurer || card > treasure_map )
branch  0 never executed
branch  1 never executed
branch  2 never executed
branch  3 never executed
        -:  410:    {
    #####:  411:      return -1;
        -:  412:    }
        -:  413:	
        -:  414:  //play card
    #####:  415:  if ( cardEffect(card, choice1, choice2, choice3, state, handPos, &coin_bonus) < 0 )
call    0 never executed
branch  1 never executed
branch  2 never executed
        -:  416:    {
    #####:  417:      return -1;
        -:  418:    }
        -:  419:	
        -:  420:  //reduce number of actions
    #####:  421:  state->numActions--;
        -:  422:
        -:  423:  //update coins (Treasure cards may be added with card draws)
    #####:  424:  updateCoins(state->whoseTurn, state, coin_bonus);
call    0 never executed
        -:  425:	
    #####:  426:  return 0;
        -:  427:}
        -:  428:
function buyCard called 0 returned 0% blocks executed 0%
    #####:  429:int buyCard(int supplyPos, struct gameState *state) {
        -:  430:  int who;
    #####:  431:  if (DEBUG){
        -:  432:    printf("Entering buyCard...\n");
        -:  433:  }
        -:  434:
        -:  435:  // I don't know what to do about the phase thing.
        -:  436:
    #####:  437:  who = state->whoseTurn;
        -:  438:
    #####:  439:  if (state->numBuys < 1){
branch  0 never executed
branch  1 never executed
    #####:  440:    if (DEBUG)
        -:  441:      printf("You do not have any buys left\n");
    #####:  442:    return -1;
    #####:  443:  } else if (supplyCount(supplyPos, state) <1){
call    0 never executed
branch  1 never executed
branch  2 never executed
    #####:  444:    if (DEBUG)
        -:  445:      printf("There are not any of that type of card left\n");
    #####:  446:    return -1;
    #####:  447:  } else if (state->coins < getCost(supplyPos)){
call    0 never executed
branch  1 never executed
branch  2 never executed
    #####:  448:    if (DEBUG) 
        -:  449:      printf("You do not have enough money to buy that. You have %d coins.\n", state->coins);
    #####:  450:    return -1;
        -:  451:  } else {
    #####:  452:    state->phase=1;
        -:  453:    //state->supplyCount[supplyPos]--;
    #####:  454:    gainCard(supplyPos, state, 0, who); //card goes in discard, this might be wrong.. (2 means goes into hand, 0 goes into discard)
call    0 never executed
        -:  455:  
    #####:  456:    state->coins = (state->coins) - (getCost(supplyPos));
call    0 never executed
    #####:  457:    state->numBuys--;
    #####:  458:    if (DEBUG)
        -:  459:      printf("You bought card number %d for %d coins. You now have %d buys and %d coins.\n", supplyPos, getCost(supplyPos), state->numBuys, state->coins);
        -:  460:  }
        -:  461:
        -:  462:  //state->discard[who][state->discardCount[who]] = supplyPos;
        -:  463:  //state->discardCount[who]++;
        -:  464:    
    #####:  465:  return 0;
        -:  466:}
        -:  467:
function numHandCards called 0 returned 0% blocks executed 0%
    #####:  468:int numHandCards(struct gameState *state) {
    #####:  469:  return state->handCount[ whoseTurn(state) ];
call    0 never executed
        -:  470:}
        -:  471:
function handCard called 0 returned 0% blocks executed 0%
    #####:  472:int handCard(int handPos, struct gameState *state) {
    #####:  473:  int currentPlayer = whoseTurn(state);
call    0 never executed
    #####:  474:  return state->hand[currentPlayer][handPos];
        -:  475:}
        -:  476:
function supplyCount called 0 returned 0% blocks executed 0%
    #####:  477:int supplyCount(int card, struct gameState *state) {
    #####:  478:  return state->supplyCount[card];
        -:  479:}
        -:  480:
function fullDeckCount called 0 returned 0% blocks executed 0%
    #####:  481:int fullDeckCount(int player, int card, struct gameState *state) {
        -:  482:  int i;
    #####:  483:  int count = 0;
        -:  484:
    #####:  485:  for (i = 0; i < state->deckCount[player]; i++)
branch  0 never executed
branch  1 never executed
        -:  486:    {
    #####:  487:      if (state->deck[player][i] == card) count++;
branch  0 never executed
branch  1 never executed
        -:  488:    }
        -:  489:
    #####:  490:  for (i = 0; i < state->handCount[player]; i++)
branch  0 never executed
branch  1 never executed
        -:  491:    {
    #####:  492:      if (state->hand[player][i] == card) count++;
branch  0 never executed
branch  1 never executed
        -:  493:    }
        -:  494:
    #####:  495:  for (i = 0; i < state->discardCount[player]; i++)
branch  0 never executed
branch  1 never executed
        -:  496:    {
    #####:  497:      if (state->discard[player][i] == card) count++;
branch  0 never executed
branch  1 never executed
        -:  498:    }
        -:  499:
    #####:  500:  return count;
        -:  501:}
        -:  502:
function whoseTurn called 202000 returned 100% blocks executed 100%
   202000:  503:int whoseTurn(struct gameState *state) {
   202000:  504:  return state->whoseTurn;
        -:  505:}
        -:  506:
function endTurn called 0 returned 0% blocks executed 0%
    #####:  507:int endTurn(struct gameState *state) {
        -:  508:  int k;
        -:  509:  int i;
    #####:  510:  int currentPlayer = whoseTurn(state);
call    0 never executed
        -:  511:  
        -:  512:  //Discard hand
    #####:  513:  for (i = 0; i < state->handCount[currentPlayer]; i++){
branch  0 never executed
branch  1 never executed
    #####:  514:    state->discard[currentPlayer][state->discardCount[currentPlayer]++] = state->hand[currentPlayer][i];//Discard
    #####:  515:    state->hand[currentPlayer][i] = -1;//Set card to -1
        -:  516:  }
    #####:  517:  state->handCount[currentPlayer] = 0;//Reset hand count
        -:  518:    
        -:  519:  //Code for determining the player
    #####:  520:  if (currentPlayer < (state->numPlayers - 1)){ 
branch  0 never executed
branch  1 never executed
    #####:  521:    state->whoseTurn = currentPlayer + 1;//Still safe to increment
        -:  522:  }
        -:  523:  else{
    #####:  524:    state->whoseTurn = 0;//Max player has been reached, loop back around to player 1
        -:  525:  }
        -:  526:
    #####:  527:  state->outpostPlayed = 0;
    #####:  528:  state->phase = 0;
    #####:  529:  state->numActions = 1;
    #####:  530:  state->coins = 0;
    #####:  531:  state->numBuys = 1;
    #####:  532:  state->playedCardCount = 0;
    #####:  533:  state->handCount[state->whoseTurn] = 0;
        -:  534:
        -:  535:  //int k; move to top
        -:  536:  //Next player draws hand
    #####:  537:  for (k = 0; k < 5; k++){
branch  0 never executed
branch  1 never executed
    #####:  538:    drawCard(state->whoseTurn, state);//Draw a card
call    0 never executed
        -:  539:  }
        -:  540:
        -:  541:  //Update money
    #####:  542:  updateCoins(state->whoseTurn, state , 0);
call    0 never executed
        -:  543:
    #####:  544:  return 0;
        -:  545:}
        -:  546:
function isGameOver called 0 returned 0% blocks executed 0%
    #####:  547:int isGameOver(struct gameState *state) {
        -:  548:  int i;
        -:  549:  int j;
        -:  550:	
        -:  551:  //if stack of Province cards is empty, the game ends
    #####:  552:  if (state->supplyCount[province] == 0)
branch  0 never executed
branch  1 never executed
        -:  553:    {
    #####:  554:      return 1;
        -:  555:    }
        -:  556:
        -:  557:  //if three supply pile are at 0, the game ends
    #####:  558:  j = 0;
    #####:  559:  for (i = 0; i < 25; i++)
branch  0 never executed
branch  1 never executed
        -:  560:    {
    #####:  561:      if (state->supplyCount[i] == 0)
branch  0 never executed
branch  1 never executed
        -:  562:	{
    #####:  563:	  j++;
        -:  564:	}
        -:  565:    }
    #####:  566:  if ( j >= 3)
branch  0 never executed
branch  1 never executed
        -:  567:    {
    #####:  568:      return 1;
        -:  569:    }
        -:  570:
    #####:  571:  return 0;
        -:  572:}
        -:  573:
function scoreFor called 0 returned 0% blocks executed 0%
    #####:  574:int scoreFor (int player, struct gameState *state) {
        -:  575:
        -:  576:  int i;
    #####:  577:  int score = 0;
        -:  578:  //score from hand
    #####:  579:  for (i = 0; i < state->handCount[player]; i++)
branch  0 never executed
branch  1 never executed
        -:  580:    {
    #####:  581:      if (state->hand[player][i] == curse) { score = score - 1; };
branch  0 never executed
branch  1 never executed
    #####:  582:      if (state->hand[player][i] == estate) { score = score + 1; };
branch  0 never executed
branch  1 never executed
    #####:  583:      if (state->hand[player][i] == duchy) { score = score + 3; };
branch  0 never executed
branch  1 never executed
    #####:  584:      if (state->hand[player][i] == province) { score = score + 6; };
branch  0 never executed
branch  1 never executed
    #####:  585:      if (state->hand[player][i] == great_hall) { score = score + 1; };
branch  0 never executed
branch  1 never executed
    #####:  586:      if (state->hand[player][i] == gardens) { score = score + ( fullDeckCount(player, 0, state) / 10 ); };
branch  0 never executed
branch  1 never executed
call    2 never executed
        -:  587:    }
        -:  588:
        -:  589:  //score from discard
    #####:  590:  for (i = 0; i < state->discardCount[player]; i++)
branch  0 never executed
branch  1 never executed
        -:  591:    {
    #####:  592:      if (state->discard[player][i] == curse) { score = score - 1; };
branch  0 never executed
branch  1 never executed
    #####:  593:      if (state->discard[player][i] == estate) { score = score + 1; };
branch  0 never executed
branch  1 never executed
    #####:  594:      if (state->discard[player][i] == duchy) { score = score + 3; };
branch  0 never executed
branch  1 never executed
    #####:  595:      if (state->discard[player][i] == province) { score = score + 6; };
branch  0 never executed
branch  1 never executed
    #####:  596:      if (state->discard[player][i] == great_hall) { score = score + 1; };
branch  0 never executed
branch  1 never executed
    #####:  597:      if (state->discard[player][i] == gardens) { score = score + ( fullDeckCount(player, 0, state) / 10 ); };
branch  0 never executed
branch  1 never executed
call    2 never executed
        -:  598:    }
        -:  599:
        -:  600:  //score from deck
    #####:  601:  for (i = 0; i < state->discardCount[player]; i++)
branch  0 never executed
branch  1 never executed
        -:  602:    {
    #####:  603:      if (state->deck[player][i] == curse) { score = score - 1; };
branch  0 never executed
branch  1 never executed
    #####:  604:      if (state->deck[player][i] == estate) { score = score + 1; };
branch  0 never executed
branch  1 never executed
    #####:  605:      if (state->deck[player][i] == duchy) { score = score + 3; };
branch  0 never executed
branch  1 never executed
    #####:  606:      if (state->deck[player][i] == province) { score = score + 6; };
branch  0 never executed
branch  1 never executed
    #####:  607:      if (state->deck[player][i] == great_hall) { score = score + 1; };
branch  0 never executed
branch  1 never executed
    #####:  608:      if (state->deck[player][i] == gardens) { score = score + ( fullDeckCount(player, 0, state) / 10 ); };
branch  0 never executed
branch  1 never executed
call    2 never executed
        -:  609:    }
        -:  610:
    #####:  611:  return score;
        -:  612:}
        -:  613:
function getWinners called 0 returned 0% blocks executed 0%
    #####:  614:int getWinners(int players[MAX_PLAYERS], struct gameState *state) {
        -:  615:  int i;	
        -:  616:  int j;
        -:  617:  int highScore;
        -:  618:  int currentPlayer;
        -:  619:
        -:  620:  //get score for each player
    #####:  621:  for (i = 0; i < MAX_PLAYERS; i++)
branch  0 never executed
branch  1 never executed
        -:  622:    {
        -:  623:      //set unused player scores to -9999
    #####:  624:      if (i >= state->numPlayers)
branch  0 never executed
branch  1 never executed
        -:  625:	{
    #####:  626:	  players[i] = -9999;
        -:  627:	}
        -:  628:      else
        -:  629:	{
    #####:  630:	  players[i] = scoreFor (i, state);
call    0 never executed
        -:  631:	}
        -:  632:    }
        -:  633:
        -:  634:  //find highest score
    #####:  635:  j = 0;
    #####:  636:  for (i = 0; i < MAX_PLAYERS; i++)
branch  0 never executed
branch  1 never executed
        -:  637:    {
    #####:  638:      if (players[i] > players[j])
branch  0 never executed
branch  1 never executed
        -:  639:	{
    #####:  640:	  j = i;
        -:  641:	}
        -:  642:    }
    #####:  643:  highScore = players[j];
        -:  644:
        -:  645:  //add 1 to players who had less turns
    #####:  646:  currentPlayer = whoseTurn(state);
call    0 never executed
    #####:  647:  for (i = 0; i < MAX_PLAYERS; i++)
branch  0 never executed
branch  1 never executed
        -:  648:    {
    #####:  649:      if ( players[i] == highScore && i > currentPlayer )
branch  0 never executed
branch  1 never executed
branch  2 never executed
branch  3 never executed
        -:  650:	{
    #####:  651:	  players[i]++;
        -:  652:	}
        -:  653:    }
        -:  654:
        -:  655:  //find new highest score
    #####:  656:  j = 0;
    #####:  657:  for (i = 0; i < MAX_PLAYERS; i++)
branch  0 never executed
branch  1 never executed
        -:  658:    {
    #####:  659:      if ( players[i] > players[j] )
branch  0 never executed
branch  1 never executed
        -:  660:	{
    #####:  661:	  j = i;
        -:  662:	}
        -:  663:    }
    #####:  664:  highScore = players[j];
        -:  665:
        -:  666:  //set winners in array to 1 and rest to 0
    #####:  667:  for (i = 0; i < MAX_PLAYERS; i++)
branch  0 never executed
branch  1 never executed
        -:  668:    {
    #####:  669:      if ( players[i] == highScore )
branch  0 never executed
branch  1 never executed
        -:  670:	{
    #####:  671:	  players[i] = 1;
        -:  672:	}
        -:  673:      else
        -:  674:	{
    #####:  675:	  players[i] = 0;
        -:  676:	}
        -:  677:    }
        -:  678:
    #####:  679:  return 0;
        -:  680:}
        -:  681:
function drawCard called 1649500 returned 100% blocks executed 100%
  1649500:  682:int drawCard(int player, struct gameState *state)
        -:  683:{	int count;
        -:  684:  int deckCounter;
  1649500:  685:  if (state->deckCount[player] <= 0){//Deck is empty
branch  0 taken 2% (fallthrough)
branch  1 taken 98%
    40028:  686:    printf("Empty");
call    0 returned 100%
        -:  687:    //Step 1 Shuffle the discard pile back into a deck
        -:  688:    int i;
        -:  689:    //Move discard to deck
   890568:  690:    for (i = 0; i < state->discardCount[player];i++){
branch  0 taken 96%
branch  1 taken 4% (fallthrough)
   850540:  691:      state->deck[player][i] = state->discard[player][i];
   850540:  692:      state->discard[player][i] = -1;
        -:  693:    }
        -:  694:
    40028:  695:    state->deckCount[player] = state->discardCount[player];
    40028:  696:    state->discardCount[player] = 0;//Reset discard
        -:  697:
        -:  698:    //Shufffle the deck
    40028:  699:    shuffle(player, state);//Shuffle the deck up and make it so that we can draw
call    0 returned 100%
        -:  700:   
    40028:  701:    if (DEBUG){//Debug statements
        -:  702:      printf("Deck count now: %d\n", state->deckCount[player]);
        -:  703:    }
        -:  704:    
    40028:  705:    state->discardCount[player] = 0;
        -:  706:
        -:  707:    //Step 2 Draw Card
    40028:  708:    count = state->handCount[player];//Get current player's hand count
        -:  709:    
    40028:  710:    if (DEBUG){//Debug statements
        -:  711:      printf("Current hand count: %d\n", count);
        -:  712:    }
        -:  713:    
    40028:  714:    deckCounter = state->deckCount[player];//Create a holder for the deck count
        -:  715:
    40028:  716:    if (deckCounter == 0)
branch  0 taken 8% (fallthrough)
branch  1 taken 92%
     3110:  717:      return -1;
        -:  718:
    36918:  719:    state->hand[player][count] = state->deck[player][deckCounter - 1];//Add card to hand
    36918:  720:    state->deckCount[player]--;
    36918:  721:    state->handCount[player]++;//Increment hand count
        -:  722:  }
        -:  723:
        -:  724:  else{
  1609472:  725:    int count = state->handCount[player];//Get current hand count for player
        -:  726:    int deckCounter;
  1609472:  727:    if (DEBUG){//Debug statements
        -:  728:      printf("Current hand count: %d\n", count);
        -:  729:    }
        -:  730:
  1609472:  731:    deckCounter = state->deckCount[player];//Create holder for the deck count
  1609472:  732:    state->hand[player][count] = state->deck[player][deckCounter - 1];//Add card to the hand
  1609472:  733:    state->deckCount[player]--;
  1609472:  734:    state->handCount[player]++;//Increment hand count
        -:  735:  }
        -:  736:
  1646390:  737:  return 0;
        -:  738:}
        -:  739:
function getCost called 0 returned 0% blocks executed 0%
    #####:  740:int getCost(int cardNumber)
        -:  741:{
    #####:  742:  switch( cardNumber ) 
branch  0 never executed
branch  1 never executed
branch  2 never executed
branch  3 never executed
branch  4 never executed
branch  5 never executed
branch  6 never executed
branch  7 never executed
branch  8 never executed
branch  9 never executed
branch 10 never executed
branch 11 never executed
branch 12 never executed
branch 13 never executed
branch 14 never executed
branch 15 never executed
branch 16 never executed
branch 17 never executed
branch 18 never executed
branch 19 never executed
branch 20 never executed
branch 21 never executed
branch 22 never executed
branch 23 never executed
branch 24 never executed
branch 25 never executed
branch 26 never executed
branch 27 never executed
        -:  743:    {
        -:  744:    case curse:
    #####:  745:      return 0;
        -:  746:    case estate:
    #####:  747:      return 2;
        -:  748:    case duchy:
    #####:  749:      return 5;
        -:  750:    case province:
    #####:  751:      return 8;
        -:  752:    case copper:
    #####:  753:      return 0;
        -:  754:    case silver:
    #####:  755:      return 3;
        -:  756:    case gold:
    #####:  757:      return 6;
        -:  758:    case adventurer:
    #####:  759:      return 6;
        -:  760:    case council_room:
    #####:  761:      return 5;
        -:  762:    case feast:
    #####:  763:      return 4;
        -:  764:    case gardens:
    #####:  765:      return 4;
        -:  766:    case mine:
    #####:  767:      return 5;
        -:  768:    case remodel:
    #####:  769:      return 4;
        -:  770:    case smithy:
    #####:  771:      return 4;
        -:  772:    case village:
    #####:  773:      return 3;
        -:  774:    case baron:
    #####:  775:      return 4;
        -:  776:    case great_hall:
    #####:  777:      return 3;
        -:  778:    case minion:
    #####:  779:      return 5;
        -:  780:    case steward:
    #####:  781:      return 3;
        -:  782:    case tribute:
    #####:  783:      return 5;
        -:  784:    case ambassador:
    #####:  785:      return 3;
        -:  786:    case cutpurse:
    #####:  787:      return 4;
        -:  788:    case embargo: 
    #####:  789:      return 2;
        -:  790:    case outpost:
    #####:  791:      return 5;
        -:  792:    case salvager:
    #####:  793:      return 4;
        -:  794:    case sea_hag:
    #####:  795:      return 4;
        -:  796:    case treasure_map:
    #####:  797:      return 4;
        -:  798:    }
        -:  799:	
    #####:  800:  return -1;
        -:  801:}
        -:  802:
function cardEffect called 101000 returned 100% blocks executed 3%
   101000:  803:int cardEffect(int card, int choice1, int choice2, int choice3, struct gameState *state, int handPos, int *bonus)
        -:  804:{
        -:  805:  int i;
        -:  806:  int j;
        -:  807:  int k;
        -:  808:  int x;
        -:  809:  int index;
   101000:  810:  int currentPlayer = whoseTurn(state);
call    0 returned 100%
   101000:  811:  int nextPlayer = currentPlayer + 1;
        -:  812:
        -:  813:  //int tributeRevealedCards[2] = {-1, -1};
        -:  814:  int temphand[MAX_HAND];// moved above the if statement
        -:  815:  //int drawntreasure=0;
        -:  816:  //int cardDrawn;
        -:  817:  //int z = 0;// this is the counter for the temp hand
   101000:  818:  if (nextPlayer > (state->numPlayers - 1)){
branch  0 taken 35% (fallthrough)
branch  1 taken 65%
    35319:  819:    nextPlayer = 0;
        -:  820:  }
        -:  821:  
        -:  822:	
        -:  823:  //uses switch to select card and perform actions
   101000:  824:  switch( card ) 
branch  0 taken 100%
branch  1 taken 0%
branch  2 taken 0%
branch  3 taken 0%
branch  4 taken 0%
branch  5 taken 0%
branch  6 taken 0%
branch  7 taken 0%
branch  8 taken 0%
branch  9 taken 0%
branch 10 taken 0%
branch 11 taken 0%
branch 12 taken 0%
branch 13 taken 0%
branch 14 taken 0%
branch 15 taken 0%
branch 16 taken 0%
branch 17 taken 0%
branch 18 taken 0%
branch 19 taken 0%
branch 20 taken 0%
        -:  825:    {
        -:  826:    case adventurer:
        -:  827:     /* while(drawntreasure<2){
        -:  828:	if (state->deckCount[currentPlayer] <1){//if the deck is empty we need to shuffle discard and add to deck
        -:  829:	  shuffle(currentPlayer, state);
        -:  830:	}
        -:  831:	drawCard(currentPlayer, state);
        -:  832:	cardDrawn = state->hand[currentPlayer][state->handCount[currentPlayer]-1];//top card of hand is most recently drawn card.
        -:  833:	if (cardDrawn == copper || cardDrawn == silver || cardDrawn == gold)
        -:  834:	  drawntreasure++;
        -:  835:	else{
        -:  836:	  temphand[z]=cardDrawn;
        -:  837:	  state->handCount[currentPlayer]--; //this should just remove the top card (the most recently drawn one).
        -:  838:	  z++;
        -:  839:	}
        -:  840:      }
        -:  841:      while(z-1>=0){
        -:  842:	state->discard[currentPlayer][state->discardCount[currentPlayer]++]=temphand[z-1]; // discard all cards in play that have been drawn
        -:  843:	z=z-1;
        -:  844:      }
        -:  845:	  */
        -:  846:	
   101000:  847:	return adventurerCard(choice1, choice2, choice3, state, handPos, bonus);
call    0 returned 100%
        -:  848:		
        -:  849:			
        -:  850:    case council_room:
        -:  851:      //+4 Cards
        -:  852:      /*for (i = 0; i < 4; i++)
        -:  853:	{
        -:  854:	  drawCard(currentPlayer, state);
        -:  855:	}
        -:  856:			
        -:  857:      //+1 Buy
        -:  858:      state->numBuys++;
        -:  859:			
        -:  860:      //Each other player draws a card
        -:  861:      for (i = 0; i < state->numPlayers; i++)
        -:  862:	{
        -:  863:	  if ( i != currentPlayer )
        -:  864:	    {
        -:  865:	      drawCard(i, state);
        -:  866:	    }
        -:  867:	}
        -:  868:			
        -:  869:      //put played card in played card pile
        -:  870:      discardCard(handPos, currentPlayer, state, 0);
        -:  871:			
        -:  872:      return 0;
        -:  873:		
        -:  874:	*/
    #####:  875:		return council_roomCard(choice1, choice2, choice3, state, handPos, bonus);
call    0 never executed
        -:  876:		
        -:  877:    case feast:
        -:  878:      //gain card with cost up to 5
        -:  879:      //Backup hand
    #####:  880:      for (i = 0; i <= state->handCount[currentPlayer]; i++){
branch  0 never executed
branch  1 never executed
    #####:  881:	temphand[i] = state->hand[currentPlayer][i];//Backup card
    #####:  882:	state->hand[currentPlayer][i] = -1;//Set to nothing
        -:  883:      }
        -:  884:      //Backup hand
        -:  885:
        -:  886:      //Update Coins for Buy
    #####:  887:      updateCoins(currentPlayer, state, 5);
call    0 never executed
    #####:  888:      x = 1;//Condition to loop on
    #####:  889:      while( x == 1) {//Buy one card
branch  0 never executed
branch  1 never executed
    #####:  890:	if (supplyCount(choice1, state) <= 0){
call    0 never executed
branch  1 never executed
branch  2 never executed
    #####:  891:	  if (DEBUG)
        -:  892:	    printf("None of that card left, sorry!\n");
        -:  893:
    #####:  894:	  if (DEBUG){
        -:  895:	    printf("Cards Left: %d\n", supplyCount(choice1, state));
        -:  896:	  }
        -:  897:	}
    #####:  898:	else if (state->coins < getCost(choice1)){
call    0 never executed
branch  1 never executed
branch  2 never executed
    #####:  899:	  printf("That card is too expensive!\n");
call    0 never executed
        -:  900:
    #####:  901:	  if (DEBUG){
        -:  902:	    printf("Coins: %d < %d\n", state->coins, getCost(choice1));
        -:  903:	  }
        -:  904:	}
        -:  905:	else{
        -:  906:
    #####:  907:	  if (DEBUG){
        -:  908:	    printf("Deck Count: %d\n", state->handCount[currentPlayer] + state->deckCount[currentPlayer] + state->discardCount[currentPlayer]);
        -:  909:	  }
        -:  910:
    #####:  911:	  gainCard(choice1, state, 0, currentPlayer);//Gain the card
call    0 never executed
    #####:  912:	  x = 0;//No more buying cards
        -:  913:
    #####:  914:	  if (DEBUG){
        -:  915:	    printf("Deck Count: %d\n", state->handCount[currentPlayer] + state->deckCount[currentPlayer] + state->discardCount[currentPlayer]);
        -:  916:	  }
        -:  917:
        -:  918:	}
        -:  919:      }     
        -:  920:
        -:  921:      //Reset Hand
    #####:  922:      for (i = 0; i <= state->handCount[currentPlayer]; i++){
branch  0 never executed
branch  1 never executed
    #####:  923:	state->hand[currentPlayer][i] = temphand[i];
    #####:  924:	temphand[i] = -1;
        -:  925:      }
        -:  926:      //Reset Hand
        -:  927:      			
    #####:  928:      return 0;
        -:  929:			
        -:  930:    case gardens:
    #####:  931:      return -1;
        -:  932:			
        -:  933:    case mine:
    #####:  934:      j = state->hand[currentPlayer][choice1];  //store card we will trash
        -:  935:
    #####:  936:      if (state->hand[currentPlayer][choice1] < copper || state->hand[currentPlayer][choice1] > gold)
branch  0 never executed
branch  1 never executed
branch  2 never executed
branch  3 never executed
        -:  937:	{
    #####:  938:	  return -1;
        -:  939:	}
        -:  940:		
    #####:  941:      if (choice2 > treasure_map || choice2 < curse)
branch  0 never executed
branch  1 never executed
branch  2 never executed
branch  3 never executed
        -:  942:	{
    #####:  943:	  return -1;
        -:  944:	}
        -:  945:
    #####:  946:      if ( (getCost(state->hand[currentPlayer][choice1]) + 3) > getCost(choice2) )
call    0 never executed
call    1 never executed
branch  2 never executed
branch  3 never executed
        -:  947:	{
    #####:  948:	  return -1;
        -:  949:	}
        -:  950:
    #####:  951:      gainCard(choice2, state, 2, currentPlayer);
call    0 never executed
        -:  952:
        -:  953:      //discard card from hand
    #####:  954:      discardCard(handPos, currentPlayer, state, 0);
call    0 never executed
        -:  955:
        -:  956:      //discard trashed card
    #####:  957:      for (i = 0; i < state->handCount[currentPlayer]; i++)
branch  0 never executed
branch  1 never executed
        -:  958:	{
    #####:  959:	  if (state->hand[currentPlayer][i] == j)
branch  0 never executed
branch  1 never executed
        -:  960:	    {
    #####:  961:	      discardCard(i, currentPlayer, state, 0);			
call    0 never executed
    #####:  962:	      break;
        -:  963:	    }
        -:  964:	}
        -:  965:			
    #####:  966:      return 0;
        -:  967:			
        -:  968:    case remodel:
    #####:  969:      j = state->hand[currentPlayer][choice1];  //store card we will trash
        -:  970:
    #####:  971:      if ( (getCost(state->hand[currentPlayer][choice1]) + 2) > getCost(choice2) )
call    0 never executed
call    1 never executed
branch  2 never executed
branch  3 never executed
        -:  972:	{
    #####:  973:	  return -1;
        -:  974:	}
        -:  975:
    #####:  976:      gainCard(choice2, state, 0, currentPlayer);
call    0 never executed
        -:  977:
        -:  978:      //discard card from hand
    #####:  979:      discardCard(handPos, currentPlayer, state, 0);
call    0 never executed
        -:  980:
        -:  981:      //discard trashed card
    #####:  982:      for (i = 0; i < state->handCount[currentPlayer]; i++)
branch  0 never executed
branch  1 never executed
        -:  983:	{
    #####:  984:	  if (state->hand[currentPlayer][i] == j)
branch  0 never executed
branch  1 never executed
        -:  985:	    {
    #####:  986:	      discardCard(i, currentPlayer, state, 0);			
call    0 never executed
    #####:  987:	      break;
        -:  988:	    }
        -:  989:	}
        -:  990:
        -:  991:
    #####:  992:      return 0;
        -:  993:		
        -:  994:    case smithy:
        -:  995:      /*
        -:  996:	  //+3 Cards
        -:  997:      for (i = 0; i < 3; i++)
        -:  998:	{
        -:  999:	  drawCard(currentPlayer, state);
        -: 1000:	}
        -: 1001:			
        -: 1002:      //discard card from hand
        -: 1003:      discardCard(handPos, currentPlayer, state, 0);
        -: 1004:    */
    #####: 1005:		return smithyCard(choice1, choice2, choice3, state, handPos, bonus);
call    0 never executed
        -: 1006:		
        -: 1007:    case village:
        -: 1008:      //+1 Card
    #####: 1009:      drawCard(currentPlayer, state);
call    0 never executed
        -: 1010:			
        -: 1011:      //+2 Actions
    #####: 1012:      state->numActions = state->numActions + 2;
        -: 1013:			
        -: 1014:      //discard played card from hand
    #####: 1015:      discardCard(handPos, currentPlayer, state, 0);
call    0 never executed
    #####: 1016:      return 0;
        -: 1017:		
        -: 1018:    case baron:
    #####: 1019:      state->numBuys++;//Increase buys by 1!
    #####: 1020:      if (choice1 > 0){//Boolean true or going to discard an estate
branch  0 never executed
branch  1 never executed
    #####: 1021:	int p = 0;//Iterator for hand!
    #####: 1022:	int card_not_discarded = 1;//Flag for discard set!
    #####: 1023:	while(card_not_discarded){
branch  0 never executed
branch  1 never executed
    #####: 1024:	  if (state->hand[currentPlayer][p] == estate){//Found an estate card!
branch  0 never executed
branch  1 never executed
    #####: 1025:	    state->coins += 4;//Add 4 coins to the amount of coins
    #####: 1026:	    state->discard[currentPlayer][state->discardCount[currentPlayer]] = state->hand[currentPlayer][p];
    #####: 1027:	    state->discardCount[currentPlayer]++;
    #####: 1028:	    for (;p < state->handCount[currentPlayer]; p++){
branch  0 never executed
branch  1 never executed
    #####: 1029:	      state->hand[currentPlayer][p] = state->hand[currentPlayer][p+1];
        -: 1030:	    }
    #####: 1031:	    state->hand[currentPlayer][state->handCount[currentPlayer]] = -1;
    #####: 1032:	    state->handCount[currentPlayer]--;
    #####: 1033:	    card_not_discarded = 0;//Exit the loop
        -: 1034:	  }
    #####: 1035:	  else if (p > state->handCount[currentPlayer]){
branch  0 never executed
branch  1 never executed
    #####: 1036:	    if(DEBUG) {
        -: 1037:	      printf("No estate cards in your hand, invalid choice\n");
        -: 1038:	      printf("Must gain an estate if there are any\n");
        -: 1039:	    }
    #####: 1040:	    if (supplyCount(estate, state) > 0){
call    0 never executed
branch  1 never executed
branch  2 never executed
    #####: 1041:	      gainCard(estate, state, 0, currentPlayer);
call    0 never executed
    #####: 1042:	      state->supplyCount[estate]--;//Decrement estates
    #####: 1043:	      if (supplyCount(estate, state) == 0){
call    0 never executed
branch  1 never executed
branch  2 never executed
    #####: 1044:		isGameOver(state);
call    0 never executed
        -: 1045:	      }
        -: 1046:	    }
    #####: 1047:	    card_not_discarded = 0;//Exit the loop
        -: 1048:	  }
        -: 1049:			    
        -: 1050:	  else{
    #####: 1051:	    p++;//Next card
        -: 1052:	  }
        -: 1053:	}
        -: 1054:      }
        -: 1055:			    
        -: 1056:      else{
    #####: 1057:	if (supplyCount(estate, state) > 0){
call    0 never executed
branch  1 never executed
branch  2 never executed
    #####: 1058:	  gainCard(estate, state, 0, currentPlayer);//Gain an estate
call    0 never executed
    #####: 1059:	  state->supplyCount[estate]--;//Decrement Estates
    #####: 1060:	  if (supplyCount(estate, state) == 0){
call    0 never executed
branch  1 never executed
branch  2 never executed
    #####: 1061:	    isGameOver(state);
call    0 never executed
        -: 1062:	  }
        -: 1063:	}
        -: 1064:      }
        -: 1065:	    
        -: 1066:      
    #####: 1067:      return 0;
        -: 1068:		
        -: 1069:    case great_hall:
        -: 1070:      //+1 Card
    #####: 1071:      drawCard(currentPlayer, state);
call    0 never executed
        -: 1072:			
        -: 1073:      //+1 Actions
    #####: 1074:      state->numActions++;
        -: 1075:			
        -: 1076:      //discard card from hand
    #####: 1077:      discardCard(handPos, currentPlayer, state, 0);
call    0 never executed
    #####: 1078:      return 0;
        -: 1079:		
        -: 1080:    case minion:
        -: 1081:      //+1 action
    #####: 1082:      state->numActions++;
        -: 1083:			
        -: 1084:      //discard card from hand
    #####: 1085:      discardCard(handPos, currentPlayer, state, 0);
call    0 never executed
        -: 1086:			
    #####: 1087:      if (choice1)		//+2 coins
branch  0 never executed
branch  1 never executed
        -: 1088:	{
    #####: 1089:	  state->coins = state->coins + 2;
        -: 1090:	}
        -: 1091:			
    #####: 1092:      else if (choice2)		//discard hand, redraw 4, other players with 5+ cards discard hand and draw 4
branch  0 never executed
branch  1 never executed
        -: 1093:	{
        -: 1094:	  //discard hand
    #####: 1095:	  while(numHandCards(state) > 0)
call    0 never executed
branch  1 never executed
branch  2 never executed
        -: 1096:	    {
    #####: 1097:	      discardCard(handPos, currentPlayer, state, 0);
call    0 never executed
        -: 1098:	    }
        -: 1099:				
        -: 1100:	  //draw 4
    #####: 1101:	  for (i = 0; i < 4; i++)
branch  0 never executed
branch  1 never executed
        -: 1102:	    {
    #####: 1103:	      drawCard(currentPlayer, state);
call    0 never executed
        -: 1104:	    }
        -: 1105:				
        -: 1106:	  //other players discard hand and redraw if hand size > 4
    #####: 1107:	  for (i = 0; i < state->numPlayers; i++)
branch  0 never executed
branch  1 never executed
        -: 1108:	    {
    #####: 1109:	      if (i != currentPlayer)
branch  0 never executed
branch  1 never executed
        -: 1110:		{
    #####: 1111:		  if ( state->handCount[i] > 4 )
branch  0 never executed
branch  1 never executed
        -: 1112:		    {
        -: 1113:		      //discard hand
    #####: 1114:		      while( state->handCount[i] > 0 )
branch  0 never executed
branch  1 never executed
        -: 1115:			{
    #####: 1116:			  discardCard(handPos, i, state, 0);
call    0 never executed
        -: 1117:			}
        -: 1118:							
        -: 1119:		      //draw 4
    #####: 1120:		      for (j = 0; j < 4; j++)
branch  0 never executed
branch  1 never executed
        -: 1121:			{
    #####: 1122:			  drawCard(i, state);
call    0 never executed
        -: 1123:			}
        -: 1124:		    }
        -: 1125:		}
        -: 1126:	    }
        -: 1127:				
        -: 1128:	}
    #####: 1129:      return 0;
        -: 1130:		
        -: 1131:    case steward:
        -: 1132:     /* if (choice1 == 1)
        -: 1133:	{
        -: 1134:	  //+2 cards
        -: 1135:	  drawCard(currentPlayer, state);
        -: 1136:	  drawCard(currentPlayer, state);
        -: 1137:	}
        -: 1138:      else if (choice1 == 2)
        -: 1139:	{
        -: 1140:	  //+2 coins
        -: 1141:	  state->coins = state->coins + 2;
        -: 1142:	}
        -: 1143:      else
        -: 1144:	{
        -: 1145:	  //trash 2 cards in hand
        -: 1146:	  discardCard(choice2, currentPlayer, state, 1);
        -: 1147:	  discardCard(choice3, currentPlayer, state, 1);
        -: 1148:	}
        -: 1149:			
        -: 1150:      //discard card from hand
        -: 1151:      discardCard(handPos, currentPlayer, state, 0);
        -: 1152:      return 0;
        -: 1153:	
        -: 1154:	*/
    #####: 1155:		return stewardCard(choice1, choice2, choice3, state, handPos, bonus);
call    0 never executed
        -: 1156:	
        -: 1157:	
        -: 1158:    case tribute:
        -: 1159:	
        -: 1160:	/*
        -: 1161:      if ((state->discardCount[nextPlayer] + state->deckCount[nextPlayer]) <= 1){
        -: 1162:	if (state->deckCount[nextPlayer] > 0){
        -: 1163:	  tributeRevealedCards[0] = state->deck[nextPlayer][state->deckCount[nextPlayer]-1];
        -: 1164:	  state->deckCount[nextPlayer]--;
        -: 1165:	}
        -: 1166:	else if (state->discardCount[nextPlayer] > 0){
        -: 1167:	  tributeRevealedCards[0] = state->discard[nextPlayer][state->discardCount[nextPlayer]-1];
        -: 1168:	  state->discardCount[nextPlayer]--;
        -: 1169:	}
        -: 1170:	else{
        -: 1171:	  //No Card to Reveal
        -: 1172:	  if (DEBUG){
        -: 1173:	    printf("No cards to reveal\n");
        -: 1174:	  }
        -: 1175:	}
        -: 1176:      }
        -: 1177:	    
        -: 1178:      else{
        -: 1179:	if (state->deckCount[nextPlayer] == 0){
        -: 1180:	  for (i = 0; i < state->discardCount[nextPlayer]; i++){
        -: 1181:	    state->deck[nextPlayer][i] = state->discard[nextPlayer][i];//Move to deck
        -: 1182:	    state->deckCount[nextPlayer]++;
        -: 1183:	    state->discard[nextPlayer][i] = -1;
        -: 1184:	    state->discardCount[nextPlayer]--;
        -: 1185:	  }
        -: 1186:			    
        -: 1187:	  shuffle(nextPlayer,state);//Shuffle the deck
        -: 1188:	} 
        -: 1189:	tributeRevealedCards[0] = state->deck[nextPlayer][state->deckCount[nextPlayer]-1];
        -: 1190:	state->deck[nextPlayer][state->deckCount[nextPlayer]--] = -1;
        -: 1191:	state->deckCount[nextPlayer]--;
        -: 1192:	tributeRevealedCards[1] = state->deck[nextPlayer][state->deckCount[nextPlayer]-1];
        -: 1193:	state->deck[nextPlayer][state->deckCount[nextPlayer]--] = -1;
        -: 1194:	state->deckCount[nextPlayer]--;
        -: 1195:      }    
        -: 1196:		       
        -: 1197:      if (tributeRevealedCards[0] == tributeRevealedCards[1]){//If we have a duplicate card, just drop one 
        -: 1198:	state->playedCards[state->playedCardCount] = tributeRevealedCards[1];
        -: 1199:	state->playedCardCount++;
        -: 1200:	tributeRevealedCards[1] = -1;
        -: 1201:      }
        -: 1202:
        -: 1203:      for (i = 0; i <= 2; i ++){
        -: 1204:	if (tributeRevealedCards[i] == copper || tributeRevealedCards[i] == silver || tributeRevealedCards[i] == gold){//Treasure cards
        -: 1205:	  state->coins += 2;
        -: 1206:	}
        -: 1207:		    
        -: 1208:	else if (tributeRevealedCards[i] == estate || tributeRevealedCards[i] == duchy || tributeRevealedCards[i] == province || tributeRevealedCards[i] == gardens || tributeRevealedCards[i] == great_hall){//Victory Card Found
        -: 1209:	  drawCard(currentPlayer, state);
        -: 1210:	  drawCard(currentPlayer, state);
        -: 1211:	}
        -: 1212:	else{//Action Card
        -: 1213:	  state->numActions = state->numActions + 2;
        -: 1214:	}
        -: 1215:      }
        -: 1216:	    
        -: 1217:      return 0;
        -: 1218:		*/
    #####: 1219:		return tributeCard(choice1, choice2, choice3, state, handPos, bonus);
call    0 never executed
        -: 1220:		
        -: 1221:    case ambassador:
    #####: 1222:      j = 0;		//used to check if player has enough cards to discard
        -: 1223:
    #####: 1224:      if (choice2 > 2 || choice2 < 0)
branch  0 never executed
branch  1 never executed
branch  2 never executed
branch  3 never executed
        -: 1225:	{
    #####: 1226:	  return -1;				
        -: 1227:	}
        -: 1228:
    #####: 1229:      if (choice1 == handPos)
branch  0 never executed
branch  1 never executed
        -: 1230:	{
    #####: 1231:	  return -1;
        -: 1232:	}
        -: 1233:
    #####: 1234:      for (i = 0; i < state->handCount[currentPlayer]; i++)
branch  0 never executed
branch  1 never executed
        -: 1235:	{
    #####: 1236:	  if (i != handPos && i == state->hand[currentPlayer][choice1] && i != choice1)
branch  0 never executed
branch  1 never executed
branch  2 never executed
branch  3 never executed
branch  4 never executed
branch  5 never executed
        -: 1237:	    {
    #####: 1238:	      j++;
        -: 1239:	    }
        -: 1240:	}
    #####: 1241:      if (j < choice2)
branch  0 never executed
branch  1 never executed
        -: 1242:	{
    #####: 1243:	  return -1;				
        -: 1244:	}
        -: 1245:
    #####: 1246:      if (DEBUG) 
        -: 1247:	printf("Player %d reveals card number: %d\n", currentPlayer, state->hand[currentPlayer][choice1]);
        -: 1248:
        -: 1249:      //increase supply count for choosen card by amount being discarded
    #####: 1250:      state->supplyCount[state->hand[currentPlayer][choice1]] += choice2;
        -: 1251:			
        -: 1252:      //each other player gains a copy of revealed card
    #####: 1253:      for (i = 0; i < state->numPlayers; i++)
branch  0 never executed
branch  1 never executed
        -: 1254:	{
    #####: 1255:	  if (i != currentPlayer)
branch  0 never executed
branch  1 never executed
        -: 1256:	    {
    #####: 1257:	      gainCard(state->hand[currentPlayer][choice1], state, 0, i);
call    0 never executed
        -: 1258:	    }
        -: 1259:	}
        -: 1260:
        -: 1261:      //discard played card from hand
    #####: 1262:      discardCard(handPos, currentPlayer, state, 0);			
call    0 never executed
        -: 1263:
        -: 1264:      //trash copies of cards returned to supply
    #####: 1265:      for (j = 0; j < choice2; j++)
branch  0 never executed
branch  1 never executed
        -: 1266:	{
    #####: 1267:	  for (i = 0; i < state->handCount[currentPlayer]; i++)
branch  0 never executed
branch  1 never executed
        -: 1268:	    {
    #####: 1269:	      if (state->hand[currentPlayer][i] == state->hand[currentPlayer][choice1])
branch  0 never executed
branch  1 never executed
        -: 1270:		{
    #####: 1271:		  discardCard(i, currentPlayer, state, 1);
call    0 never executed
    #####: 1272:		  break;
        -: 1273:		}
        -: 1274:	    }
        -: 1275:	}			
        -: 1276:
    #####: 1277:      return 0;
        -: 1278:		
        -: 1279:    case cutpurse:
        -: 1280:
    #####: 1281:      updateCoins(currentPlayer, state, 2);
call    0 never executed
    #####: 1282:      for (i = 0; i < state->numPlayers; i++)
branch  0 never executed
branch  1 never executed
        -: 1283:	{
    #####: 1284:	  if (i != currentPlayer)
branch  0 never executed
branch  1 never executed
        -: 1285:	    {
    #####: 1286:	      for (j = 0; j < state->handCount[i]; j++)
branch  0 never executed
branch  1 never executed
        -: 1287:		{
    #####: 1288:		  if (state->hand[i][j] == copper)
branch  0 never executed
branch  1 never executed
        -: 1289:		    {
    #####: 1290:		      discardCard(j, i, state, 0);
call    0 never executed
    #####: 1291:		      break;
        -: 1292:		    }
    #####: 1293:		  if (j == state->handCount[i])
branch  0 never executed
branch  1 never executed
        -: 1294:		    {
    #####: 1295:		      for (k = 0; k < state->handCount[i]; k++)
branch  0 never executed
branch  1 never executed
        -: 1296:			{
    #####: 1297:			  if (DEBUG)
        -: 1298:			    printf("Player %d reveals card number %d\n", i, state->hand[i][k]);
        -: 1299:			}	
    #####: 1300:		      break;
        -: 1301:		    }		
        -: 1302:		}
        -: 1303:					
        -: 1304:	    }
        -: 1305:				
        -: 1306:	}				
        -: 1307:
        -: 1308:      //discard played card from hand
    #####: 1309:      discardCard(handPos, currentPlayer, state, 0);			
call    0 never executed
        -: 1310:
    #####: 1311:      return 0;
        -: 1312:
        -: 1313:		
        -: 1314:    case embargo: 
        -: 1315:      //+2 Coins
    #####: 1316:      state->coins = state->coins + 2;
        -: 1317:			
        -: 1318:      //see if selected pile is in play
    #####: 1319:      if ( state->supplyCount[choice1] == -1 )
branch  0 never executed
branch  1 never executed
        -: 1320:	{
    #####: 1321:	  return -1;
        -: 1322:	}
        -: 1323:			
        -: 1324:      //add embargo token to selected supply pile
    #####: 1325:      state->embargoTokens[choice1]++;
        -: 1326:			
        -: 1327:      //trash card
    #####: 1328:      discardCard(handPos, currentPlayer, state, 1);		
call    0 never executed
    #####: 1329:      return 0;
        -: 1330:		
        -: 1331:    case outpost:
        -: 1332:      //set outpost flag
    #####: 1333:      state->outpostPlayed++;
        -: 1334:			
        -: 1335:      //discard card
    #####: 1336:      discardCard(handPos, currentPlayer, state, 0);
call    0 never executed
    #####: 1337:      return 0;
        -: 1338:		
        -: 1339:    case salvager:
        -: 1340:      //+1 buy
    #####: 1341:      state->numBuys++;
        -: 1342:			
    #####: 1343:      if (choice1)
branch  0 never executed
branch  1 never executed
        -: 1344:	{
        -: 1345:	  //gain coins equal to trashed card
    #####: 1346:	  state->coins = state->coins + getCost( handCard(choice1, state) );
call    0 never executed
call    1 never executed
        -: 1347:	  //trash card
    #####: 1348:	  discardCard(choice1, currentPlayer, state, 1);	
call    0 never executed
        -: 1349:	}
        -: 1350:			
        -: 1351:      //discard card
    #####: 1352:      discardCard(handPos, currentPlayer, state, 0);
call    0 never executed
    #####: 1353:      return 0;
        -: 1354:		
        -: 1355:    case sea_hag:
    #####: 1356:      for (i = 0; i < state->numPlayers; i++){
branch  0 never executed
branch  1 never executed
    #####: 1357:	if (i != currentPlayer){
branch  0 never executed
branch  1 never executed
    #####: 1358:	  state->discard[i][state->discardCount[i]] = state->deck[i][state->deckCount[i]--];			    state->deckCount[i]--;
    #####: 1359:	  state->discardCount[i]++;
    #####: 1360:	  state->deck[i][state->deckCount[i]--] = curse;//Top card now a curse
        -: 1361:	}
        -: 1362:      }
    #####: 1363:      return 0;
        -: 1364:		
        -: 1365:    case treasure_map:
        -: 1366:      //search hand for another treasure_map
    #####: 1367:      index = -1;
    #####: 1368:      for (i = 0; i < state->handCount[currentPlayer]; i++)
branch  0 never executed
branch  1 never executed
        -: 1369:	{
    #####: 1370:	  if (state->hand[currentPlayer][i] == treasure_map && i != handPos)
branch  0 never executed
branch  1 never executed
branch  2 never executed
branch  3 never executed
        -: 1371:	    {
    #####: 1372:	      index = i;
    #####: 1373:	      break;
        -: 1374:	    }
        -: 1375:	}
    #####: 1376:      if (index > -1)
branch  0 never executed
branch  1 never executed
        -: 1377:	{
        -: 1378:	  //trash both treasure cards
    #####: 1379:	  discardCard(handPos, currentPlayer, state, 1);
call    0 never executed
    #####: 1380:	  discardCard(index, currentPlayer, state, 1);
call    0 never executed
        -: 1381:
        -: 1382:	  //gain 4 Gold cards
    #####: 1383:	  for (i = 0; i < 4; i++)
branch  0 never executed
branch  1 never executed
        -: 1384:	    {
    #####: 1385:	      gainCard(gold, state, 1, currentPlayer);
call    0 never executed
        -: 1386:	    }
        -: 1387:				
        -: 1388:	  //return success
    #####: 1389:	  return 1;
        -: 1390:	}
        -: 1391:			
        -: 1392:      //no second treasure_map found in hand
    #####: 1393:      return -1;
        -: 1394:    }
        -: 1395:	
    #####: 1396:  return -1;
        -: 1397:}
        -: 1398:
        -: 1399:
        -: 1400:
function discardCard called 0 returned 0% blocks executed 0%
    #####: 1401:int discardCard(int handPos, int currentPlayer, struct gameState *state, int trashFlag)
        -: 1402:{
        -: 1403:	
        -: 1404:  //if card is not trashed, added to Played pile 
    #####: 1405:  if (trashFlag < 1)
branch  0 never executed
branch  1 never executed
        -: 1406:    {
        -: 1407:      //add card to played pile
    #####: 1408:      state->playedCards[state->playedCardCount] = state->hand[currentPlayer][handPos]; 
    #####: 1409:      state->playedCardCount++;
        -: 1410:    }
        -: 1411:	
        -: 1412:  //set played card to -1
    #####: 1413:  state->hand[currentPlayer][handPos] = -1;
        -: 1414:	
        -: 1415:  //remove card from player's hand
    #####: 1416:  if ( handPos == (state->handCount[currentPlayer] - 1) ) 	//last card in hand array is played
branch  0 never executed
branch  1 never executed
        -: 1417:    {
        -: 1418:      //reduce number of cards in hand
    #####: 1419:      state->handCount[currentPlayer]--;
        -: 1420:    }
    #####: 1421:  else if ( state->handCount[currentPlayer] == 1 ) //only one card in hand
branch  0 never executed
branch  1 never executed
        -: 1422:    {
        -: 1423:      //reduce number of cards in hand
    #####: 1424:      state->handCount[currentPlayer]--;
        -: 1425:    }
        -: 1426:  else 	
        -: 1427:    {
        -: 1428:        //replace discarded card with last card in hand
    #####: 1429:      state->hand[currentPlayer][handPos] = state->hand[currentPlayer][ (state->handCount[currentPlayer] - 1)];
        -: 1430:      //set last card to -1
    #####: 1431:      state->hand[currentPlayer][state->handCount[currentPlayer] - 1] = -1;
        -: 1432:      //reduce number of cards in hand
    #####: 1433:      state->handCount[currentPlayer]--;
        -: 1434:    }
        -: 1435:	
    #####: 1436:  return 0;
        -: 1437:}
        -: 1438:
function gainCard called 0 returned 0% blocks executed 0%
    #####: 1439:int gainCard(int supplyPos, struct gameState *state, int toFlag, int player)
        -: 1440:{
        -: 1441:  //Note: supplyPos is enum of choosen card
        -: 1442:	
        -: 1443:  //check if supply pile is empty (0) or card is not used in game (-1)
    #####: 1444:  if ( supplyCount(supplyPos, state) < 1 )
call    0 never executed
branch  1 never executed
branch  2 never executed
        -: 1445:    {
    #####: 1446:      return -1;
        -: 1447:    }
        -: 1448:	
        -: 1449:  //added card for [whoseTurn] current player:
        -: 1450:  // toFlag = 0 : add to discard
        -: 1451:  // toFlag = 1 : add to deck
        -: 1452:  // toFlag = 2 : add to hand
        -: 1453:
    #####: 1454:  if (toFlag == 1)
branch  0 never executed
branch  1 never executed
        -: 1455:    {
    #####: 1456:      state->deck[ player ][ state->deckCount[player] ] = supplyPos;
    #####: 1457:      state->deckCount[player]++;
        -: 1458:    }
    #####: 1459:  else if (toFlag == 2)
branch  0 never executed
branch  1 never executed
        -: 1460:    {
    #####: 1461:      state->hand[ player ][ state->handCount[player] ] = supplyPos;
    #####: 1462:      state->handCount[player]++;
        -: 1463:    }
        -: 1464:  else
        -: 1465:    {
    #####: 1466:      state->discard[player][ state->discardCount[player] ] = supplyPos;
    #####: 1467:      state->discardCount[player]++;
        -: 1468:    }
        -: 1469:	
        -: 1470:  //decrease number in supply pile
    #####: 1471:  state->supplyCount[supplyPos]--;
        -: 1472:	 
    #####: 1473:  return 0;
        -: 1474:}
        -: 1475:
function updateCoins called 101000 returned 100% blocks executed 80%
   101000: 1476:int updateCoins(int player, struct gameState *state, int bonus)
        -: 1477:{
        -: 1478:  int i;
        -: 1479:	
        -: 1480:  //reset coin count
   101000: 1481:  state->coins = 0;
        -: 1482:
        -: 1483:  //add coins for each Treasure card in player's hand
   606000: 1484:  for (i = 0; i < state->handCount[player]; i++)
branch  0 taken 83%
branch  1 taken 17% (fallthrough)
        -: 1485:    {
   505000: 1486:      if (state->hand[player][i] == copper)
branch  0 taken 70% (fallthrough)
branch  1 taken 30%
        -: 1487:	{
   353544: 1488:	  state->coins += 1;
        -: 1489:	}
   151456: 1490:      else if (state->hand[player][i] == silver)
branch  0 taken 0% (fallthrough)
branch  1 taken 100%
        -: 1491:	{
    #####: 1492:	  state->coins += 2;
        -: 1493:	}
   151456: 1494:      else if (state->hand[player][i] == gold)
branch  0 taken 0% (fallthrough)
branch  1 taken 100%
        -: 1495:	{
    #####: 1496:	  state->coins += 3;
        -: 1497:	}	
        -: 1498:    }	
        -: 1499:
        -: 1500:  //add bonus
   101000: 1501:  state->coins += bonus;
        -: 1502:
   101000: 1503:  return 0;
        -: 1504:}
        -: 1505:
function adventurerCard called 101000 returned 100% blocks executed 100%
   101000: 1506:int adventurerCard(int choice1, int choice2, int choice3, struct gameState *state, int handPos, int *bonus)
        -: 1507:{
        -: 1508:	
   101000: 1509:   int z=0;
        -: 1510:   int cardDrawn;
   101000: 1511:   int drawntreasure=0;
   101000: 1512:   int currentPlayer = whoseTurn(state);
call    0 returned 100%
        -: 1513:   int temphand[MAX_HAND];
        -: 1514:	
   765728: 1515:   while(drawntreasure<2){
branch  0 taken 85%
branch  1 taken 15% (fallthrough)
   563728: 1516:	if (state->deckCount[currentPlayer] <1){//if the deck is empty we need to shuffle discard and add to deck
branch  0 taken 4% (fallthrough)
branch  1 taken 96%
    21820: 1517:	  shuffle(currentPlayer, state);
call    0 returned 100%
        -: 1518:	}
   563728: 1519:	drawCard(currentPlayer, state);
call    0 returned 100%
   563728: 1520:	cardDrawn = state->hand[currentPlayer][state->handCount[currentPlayer]-1];//top card of hand is most recently drawn card.
   765728: 1521:	if (cardDrawn == copper || cardDrawn == silver || cardDrawn == gold)
branch  0 taken 72% (fallthrough)
branch  1 taken 28%
branch  2 taken 95% (fallthrough)
branch  3 taken 5%
branch  4 taken 6% (fallthrough)
branch  5 taken 94%
   202000: 1522:	  drawntreasure++;
        -: 1523:	else{
   361728: 1524:	  temphand[z]=cardDrawn;
   361728: 1525:	  state->handCount[currentPlayer]--; //this should just remove the top card (the most recently drawn one).
   361728: 1526:	  z++;
        -: 1527:	}
        -: 1528:      }
   563728: 1529:      while(z-1>=0){
branch  0 taken 78%
branch  1 taken 22% (fallthrough)
   361728: 1530:	state->discard[currentPlayer][state->discardCount[currentPlayer]++]=temphand[z-1]; // discard all cards in play that have been drawn
   361728: 1531:	z=z-1;
        -: 1532:	      }
        -: 1533:	  
   101000: 1534:	  return 0;
        -: 1535:	  
        -: 1536:}
        -: 1537:
function smithyCard called 0 returned 0% blocks executed 0%
    #####: 1538:int smithyCard(int choice1, int choice2, int choice3, struct gameState *state, int handPos, int *bonus)
        -: 1539:{
        -: 1540:	
        -: 1541:	int i;
    #####: 1542:	int currentPlayer = whoseTurn(state);
call    0 never executed
        -: 1543:	
        -: 1544:	//+3 Cards
    #####: 1545:    for (i = 0; i <= 3; i++)
branch  0 never executed
branch  1 never executed
        -: 1546:	{
    #####: 1547:	  drawCard(currentPlayer, state);
call    0 never executed
        -: 1548:	}
        -: 1549:			
        -: 1550:      //discard card from hand
    #####: 1551:      discardCard(handPos, currentPlayer, state, 0);
call    0 never executed
        -: 1552:	  
    #####: 1553:	return 0;
        -: 1554:}
        -: 1555:
function council_roomCard called 0 returned 0% blocks executed 0%
    #####: 1556:int council_roomCard(int choice1, int choice2, int choice3, struct gameState *state, int handPos, int *bonus)
        -: 1557:{
        -: 1558:	
        -: 1559:	int i;
    #####: 1560:	int currentPlayer = whoseTurn(state);
call    0 never executed
        -: 1561:
        -: 1562:	
        -: 1563:	//+4 Cards
    #####: 1564:      for (i = 0; i < 4; i++)
branch  0 never executed
branch  1 never executed
        -: 1565:	{
    #####: 1566:	  drawCard(currentPlayer, state);
call    0 never executed
        -: 1567:	}
        -: 1568:
        -: 1569:			
        -: 1570:      //+1 Buy
    #####: 1571:      state->numBuys++;
        -: 1572:
        -: 1573:				
        -: 1574:      //Each other player draws a card
    #####: 1575:      for (i = 0; i < state->numPlayers; i++)
branch  0 never executed
branch  1 never executed
        -: 1576:	{
        -: 1577:	 
    #####: 1578:	      drawCard(i, state);
call    0 never executed
        -: 1579:	}
        -: 1580:			
        -: 1581:      //put played card in played card pile
    #####: 1582:      discardCard(handPos, currentPlayer, state, 0);
call    0 never executed
        -: 1583:			
    #####: 1584:      return 0;
        -: 1585:		
        -: 1586:}
        -: 1587:
function stewardCard called 0 returned 0% blocks executed 0%
    #####: 1588:int stewardCard(int choice1, int choice2, int choice3, struct gameState *state, int handPos, int *bonus)
        -: 1589:{
        -: 1590:    
    #####: 1591:	int currentPlayer = whoseTurn(state);
call    0 never executed
        -: 1592:
    #####: 1593:	if (choice1 == 1)
branch  0 never executed
branch  1 never executed
        -: 1594:	{
        -: 1595:	  //+2 cards
    #####: 1596:	  drawCard(currentPlayer, state);
call    0 never executed
    #####: 1597:	  drawCard(currentPlayer, state);
call    0 never executed
        -: 1598:	}
    #####: 1599:      else if (choice1 == 2)
branch  0 never executed
branch  1 never executed
        -: 1600:	{
        -: 1601:	  //+2 coins
    #####: 1602:	  state->coins = state->coins + 2;
        -: 1603:	}
        -: 1604:      else
        -: 1605:	{
        -: 1606:	  //trash 2 cards in hand
    #####: 1607:	  discardCard(choice2, currentPlayer, state, 1);
call    0 never executed
    #####: 1608:	  discardCard(choice3, currentPlayer, state, 1);
call    0 never executed
        -: 1609:	}
        -: 1610:			
    #####: 1611:      return 0;
        -: 1612:}
        -: 1613:	
        -: 1614:
function tributeCard called 0 returned 0% blocks executed 0%
    #####: 1615:int tributeCard(int choice1, int choice2, int choice3, struct gameState *state, int handPos, int *bonus)
        -: 1616:{
        -: 1617:	
        -: 1618:	int i;
    #####: 1619:	int currentPlayer = whoseTurn(state);
call    0 never executed
    #####: 1620:	int nextPlayer = currentPlayer + 1;
    #####: 1621:	int tributeRevealedCards[2] = {-1, -1};
        -: 1622:	
    #####: 1623:	if ((state->discardCount[nextPlayer] + state->deckCount[nextPlayer]) <= 1){
branch  0 never executed
branch  1 never executed
    #####: 1624:	if (state->deckCount[nextPlayer] > 0){
branch  0 never executed
branch  1 never executed
    #####: 1625:	  tributeRevealedCards[0] = state->deck[nextPlayer][state->deckCount[nextPlayer]-1];
    #####: 1626:	  state->deckCount[nextPlayer]--;
        -: 1627:	}
    #####: 1628:	else if (state->discardCount[nextPlayer] > 0){
branch  0 never executed
branch  1 never executed
    #####: 1629:	  tributeRevealedCards[0] = state->discard[nextPlayer][state->discardCount[nextPlayer]-1];
    #####: 1630:	  state->discardCount[nextPlayer]--;
        -: 1631:	}
        -: 1632:	else{
        -: 1633:	  //No Card to Reveal
    #####: 1634:	  if (DEBUG){
        -: 1635:	    printf("No cards to reveal\n");
        -: 1636:	  }
        -: 1637:	}
        -: 1638:      }
        -: 1639:	    
        -: 1640:      else{
    #####: 1641:	if (state->deckCount[nextPlayer] == 0){
branch  0 never executed
branch  1 never executed
    #####: 1642:	  for (i = 0; i < state->discardCount[nextPlayer]; i++){
branch  0 never executed
branch  1 never executed
    #####: 1643:	    state->deck[nextPlayer][i] = state->discard[nextPlayer][i];//Move to deck
    #####: 1644:	    state->deckCount[nextPlayer]++;
    #####: 1645:	    state->discard[nextPlayer][i] = -1;
    #####: 1646:	    state->discardCount[nextPlayer]--;
        -: 1647:	  }
        -: 1648:			    
    #####: 1649:	  shuffle(nextPlayer,state);//Shuffle the deck
call    0 never executed
        -: 1650:	} 
    #####: 1651:	tributeRevealedCards[0] = state->deck[nextPlayer][state->deckCount[nextPlayer]-1];
    #####: 1652:	state->deck[nextPlayer][state->deckCount[nextPlayer]--] = -1;
    #####: 1653:	state->deckCount[nextPlayer]--;
    #####: 1654:	tributeRevealedCards[1] = state->deck[nextPlayer][state->deckCount[nextPlayer]-1];
    #####: 1655:	state->deck[nextPlayer][state->deckCount[nextPlayer]--] = -1;
    #####: 1656:	state->deckCount[nextPlayer]--;
        -: 1657:      }    
        -: 1658:		       
    #####: 1659:      if (tributeRevealedCards[0] == tributeRevealedCards[1]){//If we have a duplicate card, just drop one 
branch  0 never executed
branch  1 never executed
    #####: 1660:	state->playedCards[state->playedCardCount] = tributeRevealedCards[1];
    #####: 1661:	state->playedCardCount++;
    #####: 1662:	tributeRevealedCards[1] = -1;
        -: 1663:      }
        -: 1664:
    #####: 1665:      for (i = 0; i <= 2; i ++){
branch  0 never executed
branch  1 never executed
    #####: 1666:	if (tributeRevealedCards[i] == copper || tributeRevealedCards[i] == silver || tributeRevealedCards[i] == gold){//Treasure cards
branch  0 never executed
branch  1 never executed
branch  2 never executed
branch  3 never executed
branch  4 never executed
branch  5 never executed
    #####: 1667:	  state->coins += 2;
        -: 1668:	}
        -: 1669:		    
    #####: 1670:	else if (tributeRevealedCards[i] == estate || tributeRevealedCards[i] == duchy || tributeRevealedCards[i] == province || tributeRevealedCards[i] == gardens || tributeRevealedCards[i] == great_hall){//Victory Card Found
branch  0 never executed
branch  1 never executed
branch  2 never executed
branch  3 never executed
branch  4 never executed
branch  5 never executed
branch  6 never executed
branch  7 never executed
branch  8 never executed
branch  9 never executed
    #####: 1671:	  drawCard(currentPlayer, state);
call    0 never executed
    #####: 1672:	  drawCard(currentPlayer, state);
call    0 never executed
        -: 1673:	}
        -: 1674:	else{//Action Card
    #####: 1675:	  state->numActions = state->numActions + 2;
        -: 1676:	}
        -: 1677:      }
        -: 1678:	    
    #####: 1679:      return 0;
        -: 1680:}		
        -: 1681://end of dominion.c
        -: 1682:
