        -:    0:Source:dominion.c
        -:    0:Graph:dominion.gcno
        -:    0:Data:dominion.gcda
        -:    0:Runs:40
        -:    0:Programs:14
        -:    1:#include "dominion.h"
        -:    2:#include "dominion_helpers.h"
        -:    3:#include "rngs.h"
        -:    4:#include <stdio.h>
        -:    5:#include <math.h>
        -:    6:#include <stdlib.h>
        -:    7:
function compare called 1140199 returned 100% blocks executed 100%
  1140199:    8:int compare(const void* a, const void* b) {
  1140199:    9:  if (*(int*)a > *(int*)b)
branch  0 taken 37% (fallthrough)
branch  1 taken 63%
   424844:   10:    return 1;
   715355:   11:  if (*(int*)a < *(int*)b)
branch  0 taken 59% (fallthrough)
branch  1 taken 41%
   423934:   12:    return -1;
   291421:   13:  return 0;
        -:   14:}
        -:   15:
function newGame called 0 returned 0% blocks executed 0%
    #####:   16:struct gameState* newGame() {
    #####:   17:  struct gameState* g = malloc(sizeof(struct gameState));
    #####:   18:  return g;
        -:   19:}
        -:   20:
function kingdomCards called 0 returned 0% blocks executed 0%
    #####:   21:int* kingdomCards(int k1, int k2, int k3, int k4, int k5, int k6, int k7,
        -:   22:                  int k8, int k9, int k10) {
    #####:   23:  int* k = malloc(10 * sizeof(int));
    #####:   24:  k[0] = k1;
    #####:   25:  k[1] = k2;
    #####:   26:  k[2] = k3;
    #####:   27:  k[3] = k4;
    #####:   28:  k[4] = k5;
    #####:   29:  k[5] = k6;
    #####:   30:  k[6] = k7;
    #####:   31:  k[7] = k8;
    #####:   32:  k[8] = k9;
    #####:   33:  k[9] = k10;
    #####:   34:  return k;
        -:   35:}
        -:   36:
function initializeGame called 40 returned 100% blocks executed 88%
       40:   37:int initializeGame(int numPlayers, int kingdomCards[10], int randomSeed,
        -:   38:                   struct gameState *state) {
        -:   39:
        -:   40:  int i;
        -:   41:  int j;
        -:   42:  int it;
        -:   43:  //set up random number generator
       40:   44:  SelectStream(1);
call    0 returned 100%
       40:   45:  PutSeed((long)randomSeed);
call    0 returned 100%
        -:   46:
        -:   47:  //check number of players
       40:   48:  if (numPlayers > MAX_PLAYERS || numPlayers < 2)
branch  0 taken 100% (fallthrough)
branch  1 taken 0%
branch  2 taken 0% (fallthrough)
branch  3 taken 100%
        -:   49:  {
    #####:   50:    return -1;
        -:   51:  }
        -:   52:
        -:   53:  //set number of players
       40:   54:  state->numPlayers = numPlayers;
        -:   55:
        -:   56:  //check selected kingdom cards are different
      440:   57:  for (i = 0; i < 10; i++)
branch  0 taken 91%
branch  1 taken 9% (fallthrough)
        -:   58:  {
     4400:   59:    for (j = 0; j < 10; j++)
branch  0 taken 91%
branch  1 taken 9% (fallthrough)
        -:   60:    {
     4000:   61:      if (j != i && kingdomCards[j] == kingdomCards[i])
branch  0 taken 90% (fallthrough)
branch  1 taken 10%
branch  2 taken 0% (fallthrough)
branch  3 taken 100%
        -:   62:      {
    #####:   63:        return -1;
        -:   64:      }
        -:   65:    }
        -:   66:  }
        -:   67:
        -:   68:
        -:   69:  //initialize supply
        -:   70:  ///////////////////////////////
        -:   71:
        -:   72:  //set number of Curse cards
       40:   73:  if (numPlayers == 2)
branch  0 taken 100% (fallthrough)
branch  1 taken 0%
        -:   74:  {
       40:   75:    state->supplyCount[curse] = 10;
        -:   76:  }
    #####:   77:  else if (numPlayers == 3)
branch  0 never executed
branch  1 never executed
        -:   78:  {
    #####:   79:    state->supplyCount[curse] = 20;
        -:   80:  }
        -:   81:  else
        -:   82:  {
    #####:   83:    state->supplyCount[curse] = 30;
        -:   84:  }
        -:   85:
        -:   86:  //set number of Victory cards
       40:   87:  if (numPlayers == 2)
branch  0 taken 100% (fallthrough)
branch  1 taken 0%
        -:   88:  {
       40:   89:    state->supplyCount[estate] = 8;
       40:   90:    state->supplyCount[duchy] = 8;
       40:   91:    state->supplyCount[province] = 8;
        -:   92:  }
        -:   93:  else
        -:   94:  {
    #####:   95:    state->supplyCount[estate] = 12;
    #####:   96:    state->supplyCount[duchy] = 12;
    #####:   97:    state->supplyCount[province] = 12;
        -:   98:  }
        -:   99:
        -:  100:  //set number of Treasure cards
       40:  101:  state->supplyCount[copper] = 60 - (7 * numPlayers);
       40:  102:  state->supplyCount[silver] = 40;
       40:  103:  state->supplyCount[gold] = 30;
        -:  104:
        -:  105:  //set number of Kingdom cards
      840:  106:  for (i = adventurer; i <= treasure_map; i++)       	//loop all cards
branch  0 taken 95%
branch  1 taken 5% (fallthrough)
        -:  107:  {
     6600:  108:    for (j = 0; j < 10; j++)           		//loop chosen cards
branch  0 taken 94%
branch  1 taken 6% (fallthrough)
        -:  109:    {
     6200:  110:      if (kingdomCards[j] == i)
branch  0 taken 6% (fallthrough)
branch  1 taken 94%
        -:  111:      {
        -:  112:        //check if card is a 'Victory' Kingdom card
      400:  113:        if (kingdomCards[j] == great_hall || kingdomCards[j] == gardens)
branch  0 taken 100% (fallthrough)
branch  1 taken 0%
branch  2 taken 10% (fallthrough)
branch  3 taken 90%
        -:  114:        {
       80:  115:          if (numPlayers == 2){
branch  0 taken 100% (fallthrough)
branch  1 taken 0%
       40:  116:            state->supplyCount[i] = 8;
        -:  117:          }
    #####:  118:          else{ state->supplyCount[i] = 12; }
        -:  119:        }
        -:  120:        else
        -:  121:        {
      360:  122:          state->supplyCount[i] = 10;
        -:  123:        }
      400:  124:        break;
        -:  125:      }
        -:  126:      else    //card is not in the set choosen for the game
        -:  127:      {
     5800:  128:        state->supplyCount[i] = -1;
        -:  129:      }
        -:  130:    }
        -:  131:
        -:  132:  }
        -:  133:
        -:  134:  ////////////////////////
        -:  135:  //supply intilization complete
        -:  136:
        -:  137:  //set player decks
      120:  138:  for (i = 0; i < numPlayers; i++)
branch  0 taken 67%
branch  1 taken 33% (fallthrough)
        -:  139:  {
       80:  140:    state->deckCount[i] = 0;
      320:  141:    for (j = 0; j < 3; j++)
branch  0 taken 75%
branch  1 taken 25% (fallthrough)
        -:  142:    {
      240:  143:      state->deck[i][j] = estate;
      240:  144:      state->deckCount[i]++;
        -:  145:    }
      640:  146:    for (j = 3; j < 10; j++)
branch  0 taken 88%
branch  1 taken 13% (fallthrough)
        -:  147:    {
      560:  148:      state->deck[i][j] = copper;
      560:  149:      state->deckCount[i]++;
        -:  150:    }
        -:  151:  }
        -:  152:
        -:  153:  //shuffle player decks
      120:  154:  for (i = 0; i < numPlayers; i++)
branch  0 taken 67%
branch  1 taken 33% (fallthrough)
        -:  155:  {
       80:  156:    if ( shuffle(i, state) < 0 )
call    0 returned 100%
branch  1 taken 0% (fallthrough)
branch  2 taken 100%
        -:  157:    {
    #####:  158:      return -1;
        -:  159:    }
        -:  160:  }
        -:  161:
        -:  162:  //draw player hands
      120:  163:  for (i = 0; i < numPlayers; i++)
branch  0 taken 67%
branch  1 taken 33% (fallthrough)
        -:  164:  {
        -:  165:    //initialize hand size to zero
       80:  166:    state->handCount[i] = 0;
       80:  167:    state->discardCount[i] = 0;
        -:  168:    //draw 5 cards
        -:  169:    // for (j = 0; j < 5; j++)
        -:  170:    //	{
        -:  171:    //	  drawCard(i, state);
        -:  172:    //	}
        -:  173:  }
        -:  174:
        -:  175:  //set embargo tokens to 0 for all supply piles
     1120:  176:  for (i = 0; i <= treasure_map; i++)
branch  0 taken 96%
branch  1 taken 4% (fallthrough)
        -:  177:  {
     1080:  178:    state->embargoTokens[i] = 0;
        -:  179:  }
        -:  180:
        -:  181:  //initialize first player's turn
       40:  182:  state->outpostPlayed = 0;
       40:  183:  state->phase = 0;
       40:  184:  state->numActions = 1;
       40:  185:  state->numBuys = 1;
       40:  186:  state->playedCardCount = 0;
       40:  187:  state->whoseTurn = 0;
       40:  188:  state->handCount[state->whoseTurn] = 0;
        -:  189:  //int it; move to top
        -:  190:
        -:  191:  //Moved draw cards to here, only drawing at the start of a turn
      240:  192:  for (it = 0; it < 5; it++){
branch  0 taken 83%
branch  1 taken 17% (fallthrough)
      200:  193:    drawCard(state->whoseTurn, state);
call    0 returned 100%
        -:  194:  }
        -:  195:
       40:  196:  updateCoins(state->whoseTurn, state, 0);
call    0 returned 100%
        -:  197:
       40:  198:  return 0;
        -:  199:}
        -:  200:
function shuffle called 279845 returned 100% blocks executed 100%
   279845:  201:int shuffle(int player, struct gameState *state) {
        -:  202:
        -:  203:
        -:  204:  int newDeck[MAX_DECK];
   279845:  205:  int newDeckPos = 0;
        -:  206:  int card;
        -:  207:  int i;
        -:  208:
   279845:  209:  if (state->deckCount[player] < 1)
branch  0 taken 78% (fallthrough)
branch  1 taken 22%
   219029:  210:    return -1;
    60816:  211:  qsort ((void*)(state->deck[player]), state->deckCount[player], sizeof(int), compare);
call    0 returned 100%
        -:  212:  /* SORT CARDS IN DECK TO ENSURE DETERMINISM! */
        -:  213:
   482388:  214:  while (state->deckCount[player] > 0) {
branch  0 taken 86%
branch  1 taken 14% (fallthrough)
   360756:  215:    card = floor(Random() * state->deckCount[player]);
call    0 returned 100%
   360756:  216:    newDeck[newDeckPos] = state->deck[player][card];
   360756:  217:    newDeckPos++;
 22683701:  218:    for (i = card; i < state->deckCount[player]-1; i++) {
branch  0 taken 98%
branch  1 taken 2% (fallthrough)
 22322945:  219:      state->deck[player][i] = state->deck[player][i+1];
        -:  220:    }
   360756:  221:    state->deckCount[player]--;
        -:  222:  }
   421572:  223:  for (i = 0; i < newDeckPos; i++) {
branch  0 taken 86%
branch  1 taken 14% (fallthrough)
   360756:  224:    state->deck[player][i] = newDeck[i];
   360756:  225:    state->deckCount[player]++;
        -:  226:  }
        -:  227:
    60816:  228:  return 0;
        -:  229:}
        -:  230:
function playCard called 0 returned 0% blocks executed 0%
    #####:  231:int playCard(int handPos, int choice1, int choice2, int choice3, struct gameState *state)
        -:  232:{
        -:  233:  int card;
    #####:  234:  int coin_bonus = 0; 		//tracks coins gain from actions
        -:  235:
        -:  236:  //check if it is the right phase
    #####:  237:  if (state->phase != 0)
branch  0 never executed
branch  1 never executed
        -:  238:  {
    #####:  239:    return -1;
        -:  240:  }
        -:  241:
        -:  242:  //check if player has enough actions
    #####:  243:  if ( state->numActions < 1 )
branch  0 never executed
branch  1 never executed
        -:  244:  {
    #####:  245:    return -1;
        -:  246:  }
        -:  247:
        -:  248:  //get card played
    #####:  249:  card = handCard(handPos, state);
call    0 never executed
        -:  250:
        -:  251:  //check if selected card is an action
    #####:  252:  if ( card < adventurer || card > treasure_map )
branch  0 never executed
branch  1 never executed
branch  2 never executed
branch  3 never executed
        -:  253:  {
    #####:  254:    return -1;
        -:  255:  }
        -:  256:
        -:  257:  //play card
    #####:  258:  if ( cardEffect(card, choice1, choice2, choice3, state, handPos, &coin_bonus) < 0 )
call    0 never executed
branch  1 never executed
branch  2 never executed
        -:  259:  {
    #####:  260:    return -1;
        -:  261:  }
        -:  262:
        -:  263:  //reduce number of actions
    #####:  264:  state->numActions--;
        -:  265:
        -:  266:  //update coins (Treasure cards may be added with card draws)
    #####:  267:  updateCoins(state->whoseTurn, state, coin_bonus);
call    0 never executed
        -:  268:
    #####:  269:  return 0;
        -:  270:}
        -:  271:
function buyCard called 0 returned 0% blocks executed 0%
    #####:  272:int buyCard(int supplyPos, struct gameState *state) {
        -:  273:  int who;
        -:  274:  if (DEBUG){
        -:  275:    printf("Entering buyCard...\n");
        -:  276:  }
        -:  277:
        -:  278:  // I don't know what to do about the phase thing.
        -:  279:
    #####:  280:  who = state->whoseTurn;
        -:  281:
    #####:  282:  if (state->numBuys < 1){
branch  0 never executed
branch  1 never executed
        -:  283:    if (DEBUG)
        -:  284:      printf("You do not have any buys left\n");
    #####:  285:    return -1;
    #####:  286:  } else if (supplyCount(supplyPos, state) <1){
call    0 never executed
branch  1 never executed
branch  2 never executed
        -:  287:    if (DEBUG)
        -:  288:      printf("There are not any of that type of card left\n");
    #####:  289:    return -1;
    #####:  290:  } else if (state->coins < getCost(supplyPos)){
call    0 never executed
branch  1 never executed
branch  2 never executed
        -:  291:    if (DEBUG)
        -:  292:      printf("You do not have enough money to buy that. You have %d coins.\n", state->coins);
    #####:  293:    return -1;
        -:  294:  } else {
    #####:  295:    state->phase=1;
        -:  296:    //state->supplyCount[supplyPos]--;
    #####:  297:    gainCard(supplyPos, state, 0, who); //card goes in discard, this might be wrong.. (2 means goes into hand, 0 goes into discard)
call    0 never executed
        -:  298:
    #####:  299:    state->coins = (state->coins) - (getCost(supplyPos));
call    0 never executed
    #####:  300:    state->numBuys--;
        -:  301:    if (DEBUG)
        -:  302:      printf("You bought card number %d for %d coins. You now have %d buys and %d coins.\n", supplyPos, getCost(supplyPos), state->numBuys, state->coins);
        -:  303:  }
        -:  304:
        -:  305:  //state->discard[who][state->discardCount[who]] = supplyPos;
        -:  306:  //state->discardCount[who]++;
        -:  307:
    #####:  308:  return 0;
        -:  309:}
        -:  310:
function numHandCards called 0 returned 0% blocks executed 0%
    #####:  311:int numHandCards(struct gameState *state) {
    #####:  312:  return state->handCount[ whoseTurn(state) ];
call    0 never executed
        -:  313:}
        -:  314:
function handCard called 0 returned 0% blocks executed 0%
    #####:  315:int handCard(int handPos, struct gameState *state) {
    #####:  316:  int currentPlayer = whoseTurn(state);
call    0 never executed
    #####:  317:  return state->hand[currentPlayer][handPos];
        -:  318:}
        -:  319:
function supplyCount called 312 returned 100% blocks executed 100%
      312:  320:int supplyCount(int card, struct gameState *state) {
      312:  321:  return state->supplyCount[card];
        -:  322:}
        -:  323:
function fullDeckCount called 4803 returned 100% blocks executed 94%
     4803:  324:int fullDeckCount(int player, int card, struct gameState *state) {
        -:  325:  int i;
     4803:  326:  int count = 0;
        -:  327:
  1926003:  328:  for (i = 0; i < state->deckCount[player]; i++)
branch  0 taken 99%
branch  1 taken 1% (fallthrough)
        -:  329:  {
  1921200:  330:    if (state->deck[player][i] == card) count++;
branch  0 taken 0% (fallthrough)
branch  1 taken 100%
        -:  331:  }
        -:  332:
  2406303:  333:  for (i = 0; i < state->handCount[player]; i++)
branch  0 taken 99%
branch  1 taken 1% (fallthrough)
        -:  334:  {
  2401500:  335:    if (state->hand[player][i] == card) count++;
branch  0 taken 1% (fallthrough)
branch  1 taken 99%
        -:  336:  }
        -:  337:
  1445703:  338:  for (i = 0; i < state->discardCount[player]; i++)
branch  0 taken 99%
branch  1 taken 1% (fallthrough)
        -:  339:  {
  1440900:  340:    if (state->discard[player][i] == card) count++;
branch  0 taken 33% (fallthrough)
branch  1 taken 67%
        -:  341:  }
        -:  342:
     4803:  343:  return count;
        -:  344:}
        -:  345:
function whoseTurn called 24 returned 100% blocks executed 100%
       24:  346:int whoseTurn(struct gameState *state) {
       24:  347:  return state->whoseTurn;
        -:  348:}
        -:  349:
function endTurn called 0 returned 0% blocks executed 0%
    #####:  350:int endTurn(struct gameState *state) {
        -:  351:  int k;
        -:  352:  int i;
    #####:  353:  int currentPlayer = whoseTurn(state);
call    0 never executed
        -:  354:
        -:  355:  //Discard hand
    #####:  356:  for (i = 0; i < state->handCount[currentPlayer]; i++){
branch  0 never executed
branch  1 never executed
    #####:  357:    state->discard[currentPlayer][state->discardCount[currentPlayer]++] = state->hand[currentPlayer][i];//Discard
    #####:  358:    state->hand[currentPlayer][i] = -1;//Set card to -1
        -:  359:  }
    #####:  360:  state->handCount[currentPlayer] = 0;//Reset hand count
        -:  361:
        -:  362:  //Code for determining the player
    #####:  363:  if (currentPlayer < (state->numPlayers - 1)){
branch  0 never executed
branch  1 never executed
    #####:  364:    state->whoseTurn = currentPlayer + 1;//Still safe to increment
        -:  365:  }
        -:  366:  else{
    #####:  367:    state->whoseTurn = 0;//Max player has been reached, loop back around to player 1
        -:  368:  }
        -:  369:
    #####:  370:  state->outpostPlayed = 0;
    #####:  371:  state->phase = 0;
    #####:  372:  state->numActions = 1;
    #####:  373:  state->coins = 0;
    #####:  374:  state->numBuys = 1;
    #####:  375:  state->playedCardCount = 0;
    #####:  376:  state->handCount[state->whoseTurn] = 0;
        -:  377:
        -:  378:  //int k; move to top
        -:  379:  //Next player draws hand
    #####:  380:  for (k = 0; k < 5; k++){
branch  0 never executed
branch  1 never executed
    #####:  381:    drawCard(state->whoseTurn, state);//Draw a card
call    0 never executed
        -:  382:  }
        -:  383:
        -:  384:  //Update money
    #####:  385:  updateCoins(state->whoseTurn, state , 0);
call    0 never executed
        -:  386:
    #####:  387:  return 0;
        -:  388:}
        -:  389:
function isGameOver called 0 returned 0% blocks executed 0%
    #####:  390:int isGameOver(struct gameState *state) {
        -:  391:  int i;
        -:  392:  int j;
        -:  393:
        -:  394:  //if stack of Province cards is empty, the game ends
    #####:  395:  if (state->supplyCount[province] == 0)
branch  0 never executed
branch  1 never executed
        -:  396:  {
    #####:  397:    return 1;
        -:  398:  }
        -:  399:
        -:  400:  //if three supply pile are at 0, the game ends
    #####:  401:  j = 0;
    #####:  402:  for (i = 0; i < 25; i++)
branch  0 never executed
branch  1 never executed
        -:  403:  {
    #####:  404:    if (state->supplyCount[i] == 0)
branch  0 never executed
branch  1 never executed
        -:  405:    {
    #####:  406:      j++;
        -:  407:    }
        -:  408:  }
    #####:  409:  if ( j >= 3)
branch  0 never executed
branch  1 never executed
        -:  410:  {
    #####:  411:    return 1;
        -:  412:  }
        -:  413:
    #####:  414:  return 0;
        -:  415:}
        -:  416:
function scoreFor called 24 returned 100% blocks executed 100%
       24:  417:int scoreFor (int player, struct gameState *state) {
        -:  418:
        -:  419:  int i;
       24:  420:  int score = 0;
        -:  421:  //score from hand
    12024:  422:  for (i = 0; i < state->handCount[player]; i++)
branch  0 taken 99%
branch  1 taken 1% (fallthrough)
        -:  423:  {
    12000:  424:    if (state->hand[player][i] == curse) { score = score - 1; };
branch  0 taken 17% (fallthrough)
branch  1 taken 83%
    12000:  425:    if (state->hand[player][i] == estate) { score = score + 1; };
branch  0 taken 17% (fallthrough)
branch  1 taken 83%
    12000:  426:    if (state->hand[player][i] == duchy) { score = score + 3; };
branch  0 taken 17% (fallthrough)
branch  1 taken 83%
    12000:  427:    if (state->hand[player][i] == province) { score = score + 6; };
branch  0 taken 17% (fallthrough)
branch  1 taken 83%
    12000:  428:    if (state->hand[player][i] == great_hall) { score = score + 1; };
branch  0 taken 17% (fallthrough)
branch  1 taken 83%
    12000:  429:    if (state->hand[player][i] == gardens) { score = score + ( fullDeckCount(player, 0, state) / 10 ); };
branch  0 taken 17% (fallthrough)
branch  1 taken 83%
call    2 returned 100%
        -:  430:  }
        -:  431:
        -:  432:  //score from discard
     7224:  433:  for (i = 0; i < state->discardCount[player]; i++)
branch  0 taken 99%
branch  1 taken 1% (fallthrough)
        -:  434:  {
     7200:  435:    if (state->discard[player][i] == curse) { score = score - 1; };
branch  0 taken 17% (fallthrough)
branch  1 taken 83%
     7200:  436:    if (state->discard[player][i] == estate) { score = score + 1; };
branch  0 taken 17% (fallthrough)
branch  1 taken 83%
     7200:  437:    if (state->discard[player][i] == duchy) { score = score + 3; };
branch  0 taken 17% (fallthrough)
branch  1 taken 83%
     7200:  438:    if (state->discard[player][i] == province) { score = score + 6; };
branch  0 taken 17% (fallthrough)
branch  1 taken 83%
     7200:  439:    if (state->discard[player][i] == great_hall) { score = score + 1; };
branch  0 taken 17% (fallthrough)
branch  1 taken 83%
     7200:  440:    if (state->discard[player][i] == gardens) { score = score + ( fullDeckCount(player, 0, state) / 10 ); };
branch  0 taken 17% (fallthrough)
branch  1 taken 83%
call    2 returned 100%
        -:  441:  }
        -:  442:
        -:  443:  //score from deck
     9624:  444:  for (i = 0; i < state->deckCount[player]; i++)
branch  0 taken 99%
branch  1 taken 1% (fallthrough)
        -:  445:  {
     9600:  446:    if (state->deck[player][i] == curse) { score = score - 1; };
branch  0 taken 17% (fallthrough)
branch  1 taken 83%
     9600:  447:    if (state->deck[player][i] == estate) { score = score + 1; };
branch  0 taken 17% (fallthrough)
branch  1 taken 83%
     9600:  448:    if (state->deck[player][i] == duchy) { score = score + 3; };
branch  0 taken 17% (fallthrough)
branch  1 taken 83%
     9600:  449:    if (state->deck[player][i] == province) { score = score + 6; };
branch  0 taken 17% (fallthrough)
branch  1 taken 83%
     9600:  450:    if (state->deck[player][i] == great_hall) { score = score + 1; };
branch  0 taken 17% (fallthrough)
branch  1 taken 83%
     9600:  451:    if (state->deck[player][i] == gardens) { score = score + ( fullDeckCount(player, 0, state) / 10 ); };
branch  0 taken 17% (fallthrough)
branch  1 taken 83%
call    2 returned 100%
        -:  452:  }
        -:  453:
       24:  454:  return score;
        -:  455:}
        -:  456:
function getWinners called 0 returned 0% blocks executed 0%
    #####:  457:int getWinners(int players[MAX_PLAYERS], struct gameState *state) {
        -:  458:  int i;
        -:  459:  int j;
        -:  460:  int highScore;
        -:  461:  int currentPlayer;
        -:  462:
        -:  463:  //get score for each player
    #####:  464:  for (i = 0; i < MAX_PLAYERS; i++)
branch  0 never executed
branch  1 never executed
        -:  465:  {
        -:  466:    //set unused player scores to -9999
    #####:  467:    if (i >= state->numPlayers)
branch  0 never executed
branch  1 never executed
        -:  468:    {
    #####:  469:      players[i] = -9999;
        -:  470:    }
        -:  471:    else
        -:  472:    {
    #####:  473:      players[i] = scoreFor (i, state);
call    0 never executed
        -:  474:    }
        -:  475:  }
        -:  476:
        -:  477:  //find highest score
    #####:  478:  j = 0;
    #####:  479:  for (i = 0; i < MAX_PLAYERS; i++)
branch  0 never executed
branch  1 never executed
        -:  480:  {
    #####:  481:    if (players[i] > players[j])
branch  0 never executed
branch  1 never executed
        -:  482:    {
    #####:  483:      j = i;
        -:  484:    }
        -:  485:  }
    #####:  486:  highScore = players[j];
        -:  487:
        -:  488:  //add 1 to players who had less turns
    #####:  489:  currentPlayer = whoseTurn(state);
call    0 never executed
    #####:  490:  for (i = 0; i < MAX_PLAYERS; i++)
branch  0 never executed
branch  1 never executed
        -:  491:  {
    #####:  492:    if ( players[i] == highScore && i > currentPlayer )
branch  0 never executed
branch  1 never executed
branch  2 never executed
branch  3 never executed
        -:  493:    {
    #####:  494:      players[i]++;
        -:  495:    }
        -:  496:  }
        -:  497:
        -:  498:  //find new highest score
    #####:  499:  j = 0;
    #####:  500:  for (i = 0; i < MAX_PLAYERS; i++)
branch  0 never executed
branch  1 never executed
        -:  501:  {
    #####:  502:    if ( players[i] > players[j] )
branch  0 never executed
branch  1 never executed
        -:  503:    {
    #####:  504:      j = i;
        -:  505:    }
        -:  506:  }
    #####:  507:  highScore = players[j];
        -:  508:
        -:  509:  //set winners in array to 1 and rest to 0
    #####:  510:  for (i = 0; i < MAX_PLAYERS; i++)
branch  0 never executed
branch  1 never executed
        -:  511:  {
    #####:  512:    if ( players[i] == highScore )
branch  0 never executed
branch  1 never executed
        -:  513:    {
    #####:  514:      players[i] = 1;
        -:  515:    }
        -:  516:    else
        -:  517:    {
    #####:  518:      players[i] = 0;
        -:  519:    }
        -:  520:  }
        -:  521:
    #####:  522:  return 0;
        -:  523:}
        -:  524:
function drawCard called 21030668 returned 100% blocks executed 100%
 21030668:  525:int drawCard(int player, struct gameState *state)
        -:  526:{
        -:  527:
        -:  528:  int count;
        -:  529:  int deckCounter;
        -:  530:
        -:  531:  ///Deck is empty
 21030668:  532:  if (state->deckCount[player] <= 0){
branch  0 taken 1% (fallthrough)
branch  1 taken 99%
        -:  533:
        -:  534:    //Step 1 Shuffle the discard pile back into a deck
        -:  535:    int i;
        -:  536:    //Move discard to deck
   537428:  537:    for (i = 0; i < state->discardCount[player];i++){
branch  0 taken 67%
branch  1 taken 33% (fallthrough)
   359956:  538:      state->deck[player][i] = state->discard[player][i];
   359956:  539:      state->discard[player][i] = -1;
        -:  540:    }
        -:  541:
   177472:  542:    state->deckCount[player] = state->discardCount[player];
   177472:  543:    state->discardCount[player] = 0;//Reset discard
        -:  544:
        -:  545:    //Shufffle the deck
   177472:  546:    shuffle(player, state);//Shuffle the deck up and make it so that we can draw
call    0 returned 100%
        -:  547:
        -:  548:    if (DEBUG){//Debug statements
        -:  549:      printf("Deck count now: %d\n", state->deckCount[player]);
        -:  550:    }
        -:  551:
   177472:  552:    state->discardCount[player] = 0;
        -:  553:
        -:  554:    //Step 2 Draw Card
   177472:  555:    count = state->handCount[player];//Get current player's hand count
        -:  556:
        -:  557:    if (DEBUG){//Debug statements
        -:  558:      printf("Current hand count: %d\n", count);
        -:  559:    }
        -:  560:
   177472:  561:    deckCounter = state->deckCount[player];//Create a holder for the deck count
        -:  562:
   177472:  563:    if (deckCounter == 0)
branch  0 taken 66% (fallthrough)
branch  1 taken 34%
   116736:  564:      return -1;
        -:  565:
    60736:  566:    state->hand[player][count] = state->deck[player][deckCounter - 1];//Add card to hand
    60736:  567:    state->deckCount[player]--;
    60736:  568:    state->handCount[player]++;//Increment hand count
        -:  569:  }
        -:  570:
        -:  571:    ///DECK HAS CARDS!
        -:  572:  else{
 20853196:  573:    int count = state->handCount[player];//Get current hand count for player
        -:  574:    int deckCounter;
        -:  575:    if (DEBUG){//Debug statements
        -:  576:      printf("Current hand count: %d\n", count);
        -:  577:    }
        -:  578:
 20853196:  579:    deckCounter = state->deckCount[player];//Create holder for the deck count
 20853196:  580:    state->hand[player][count] = state->deck[player][deckCounter - 1];//Add card to the hand
 20853196:  581:    state->deckCount[player]--;
 20853196:  582:    state->handCount[player]++;//Increment hand count
        -:  583:  }
        -:  584:
 20913932:  585:  return 0;
        -:  586:}
        -:  587:
function getCost called 0 returned 0% blocks executed 0%
    #####:  588:int getCost(int cardNumber)
        -:  589:{
    #####:  590:  switch( cardNumber )
branch  0 never executed
branch  1 never executed
branch  2 never executed
branch  3 never executed
branch  4 never executed
branch  5 never executed
branch  6 never executed
branch  7 never executed
branch  8 never executed
branch  9 never executed
branch 10 never executed
branch 11 never executed
branch 12 never executed
branch 13 never executed
branch 14 never executed
branch 15 never executed
branch 16 never executed
branch 17 never executed
branch 18 never executed
branch 19 never executed
branch 20 never executed
branch 21 never executed
branch 22 never executed
branch 23 never executed
branch 24 never executed
branch 25 never executed
branch 26 never executed
branch 27 never executed
        -:  591:  {
        -:  592:    case curse:
    #####:  593:      return 0;
        -:  594:    case estate:
    #####:  595:      return 2;
        -:  596:    case duchy:
    #####:  597:      return 5;
        -:  598:    case province:
    #####:  599:      return 8;
        -:  600:    case copper:
    #####:  601:      return 0;
        -:  602:    case silver:
    #####:  603:      return 3;
        -:  604:    case gold:
    #####:  605:      return 6;
        -:  606:    case adventurer:
    #####:  607:      return 6;
        -:  608:    case council_room:
    #####:  609:      return 5;
        -:  610:    case feast:
    #####:  611:      return 4;
        -:  612:    case gardens:
    #####:  613:      return 4;
        -:  614:    case mine:
    #####:  615:      return 5;
        -:  616:    case remodel:
    #####:  617:      return 4;
        -:  618:    case smithy:
    #####:  619:      return 4;
        -:  620:    case village:
    #####:  621:      return 3;
        -:  622:    case baron:
    #####:  623:      return 4;
        -:  624:    case great_hall:
    #####:  625:      return 3;
        -:  626:    case minion:
    #####:  627:      return 5;
        -:  628:    case steward:
    #####:  629:      return 3;
        -:  630:    case tribute:
    #####:  631:      return 5;
        -:  632:    case ambassador:
    #####:  633:      return 3;
        -:  634:    case cutpurse:
    #####:  635:      return 4;
        -:  636:    case embargo:
    #####:  637:      return 2;
        -:  638:    case outpost:
    #####:  639:      return 5;
        -:  640:    case salvager:
    #####:  641:      return 4;
        -:  642:    case sea_hag:
    #####:  643:      return 4;
        -:  644:    case treasure_map:
    #####:  645:      return 4;
        -:  646:  }
        -:  647:
    #####:  648:  return -1;
        -:  649:}
        -:  650:
function adventurerCard called 200012 returned 100% blocks executed 100%
   200012:  651:int adventurerCard( struct gameState * state, int currentPlayer ){
        -:  652:
        -:  653:  //local vars that I have the feeling need to be adapted
        -:  654:  //somehowe else b/c they get reused for every card...hmm class and constructor time?
   200012:  655:  int z = 0;
        -:  656:
        -:  657:  int cardDrawn;
        -:  658:  int temphand[MAX_HAND];
   200012:  659:  int drawntreasure = 0;
        -:  660:
 20830448:  661:  while (drawntreasure<2){
branch  0 taken 99%
branch  1 taken 1% (fallthrough)
        -:  662:
 20430424:  663:    if (state->deckCount[currentPlayer] <1){//if the deck is empty we need to shuffle discard and add to deck
branch  0 taken 1% (fallthrough)
branch  1 taken 99%
   102293:  664:      shuffle(currentPlayer, state);
call    0 returned 100%
        -:  665:    }
        -:  666:
 20430424:  667:    drawCard(currentPlayer, state);
call    0 returned 100%
        -:  668:
 20430424:  669:    cardDrawn = state->hand[currentPlayer][state->handCount[currentPlayer] - 1];//top card of hand is most recently drawn card.
        -:  670:
 20430424:  671:    if (cardDrawn == copper || cardDrawn == silver || cardDrawn == gold)
branch  0 taken 99% (fallthrough)
branch  1 taken 1%
branch  2 taken 99% (fallthrough)
branch  3 taken 1%
branch  4 taken 1% (fallthrough)
branch  5 taken 99%
   400024:  672:      drawntreasure++;
        -:  673:
        -:  674:    else{
 20030400:  675:      temphand[z] = cardDrawn;
 20030400:  676:      state->handCount[currentPlayer]--; //this should just remove the top card (the most recently drawn one).
 20030400:  677:      z++;
        -:  678:    }
        -:  679:
        -:  680:  }
 20429921:  681:  while (z - 1 >= 0){
branch  0 taken 99%
branch  1 taken 1% (fallthrough)
 20029897:  682:    state->discard[currentPlayer][state->discardCount[currentPlayer]++] = temphand[z - 1]; // discard all cards in play that have been drawn
 20029897:  683:    z = z - 1;
        -:  684:  }
   200012:  685:  return 0;
        -:  686:}
        -:  687:
        -:  688:
function councilRoomCard called 4 returned 100% blocks executed 100%
        4:  689:int councilRoomCard(struct gameState * state, int currentPlayer, int handPos){
        -:  690:
        -:  691:  int i;
        -:  692:
        -:  693:  //+4 Cards
       20:  694:  for (i = 0; i < 4; i++)
branch  0 taken 80%
branch  1 taken 20% (fallthrough)
        -:  695:  {
       16:  696:    drawCard(currentPlayer, state);
call    0 returned 100%
        -:  697:  }
        -:  698:
        -:  699:  //+1 Buy
        4:  700:  state->numBuys++;
        -:  701:
        -:  702:  //Each other player draws a card
       12:  703:  for (i=0; i < state->numPlayers; i++)
branch  0 taken 67%
branch  1 taken 33% (fallthrough)
        -:  704:  {
        8:  705:    if (i != currentPlayer)
branch  0 taken 50% (fallthrough)
branch  1 taken 50%
        -:  706:    {
        4:  707:      drawCard(i, state);
call    0 returned 100%
        -:  708:    }
        -:  709:  }
        -:  710:
        -:  711:  //put played card in played card pile
        4:  712:  discardCard(handPos, currentPlayer, state, 0);
call    0 returned 100%
        -:  713:
        4:  714:  return 0;
        -:  715:
        -:  716:}
        -:  717:
function smithyCard called 200004 returned 100% blocks executed 100%
   200004:  718:int smithyCard(struct gameState * state, int handPos, int currentPlayer){
        -:  719:
        -:  720:
        -:  721:  int i;
        -:  722:  //+3 Cards
   800016:  723:  for (i = 0; i < 3; i++)
branch  0 taken 75%
branch  1 taken 25% (fallthrough)
        -:  724:  {
   600012:  725:    drawCard(currentPlayer, state);
call    0 returned 100%
        -:  726:  }
        -:  727:
        -:  728:  //discard card from hand
   200004:  729:  discardCard(handPos, currentPlayer, state, 0);
call    0 returned 100%
        -:  730:
   200004:  731:  return 0;
        -:  732:
        -:  733:}
        -:  734:
function villageCard called 0 returned 0% blocks executed 0%
    #####:  735:int villageCard(struct gameState* state, int handPos){
        -:  736:
    #####:  737:  int currentPlayer = whoseTurn(state);
call    0 never executed
        -:  738:
        -:  739:  //+1 Card
    #####:  740:  drawCard(currentPlayer, state);
call    0 never executed
        -:  741:
        -:  742:  //+2 Actions
    #####:  743:  state->numActions = state->numActions + 2;
        -:  744:
        -:  745:  //discard played card from hand
    #####:  746:  discardCard(handPos, currentPlayer, state, 0);
call    0 never executed
    #####:  747:  return 0;
        -:  748:}
        -:  749:
function baronCard called 0 returned 0% blocks executed 0%
    #####:  750:int baronCard(struct gameState *state, int choice1){
    #####:  751:  int currentPlayer = whoseTurn(state);
call    0 never executed
        -:  752:
    #####:  753:  state->numBuys++;//Increase buys by 1!
    #####:  754:  if (choice1 > 0){//Boolean true or going to discard an estate
branch  0 never executed
branch  1 never executed
        -:  755:
    #####:  756:    int p = 0;//Iterator for hand!
    #####:  757:    int card_not_discarded = 0;//Flag for discard set!
        -:  758:
    #####:  759:    while (card_not_discarded){
branch  0 never executed
branch  1 never executed
    #####:  760:      if (state->hand[currentPlayer][p] == estate){//Found an estate card!
branch  0 never executed
branch  1 never executed
    #####:  761:        state->coins += 4;//Add 4 coins to the amount of coins
    #####:  762:        state->discard[currentPlayer][state->discardCount[currentPlayer]] = state->hand[currentPlayer][p];
    #####:  763:        state->discardCount[currentPlayer]++;
    #####:  764:        for (; p < state->handCount[currentPlayer]; p++){
branch  0 never executed
branch  1 never executed
    #####:  765:          state->hand[currentPlayer][p] = state->hand[currentPlayer][p + 1];
        -:  766:        }
    #####:  767:        state->hand[currentPlayer][state->handCount[currentPlayer]] = -1;
    #####:  768:        state->handCount[currentPlayer]--;
    #####:  769:        card_not_discarded = 0;//Exit the loop
        -:  770:      }
    #####:  771:      else if (p > state->handCount[currentPlayer]){
branch  0 never executed
branch  1 never executed
        -:  772:        if (DEBUG) {
        -:  773:          printf("No estate cards in your hand, invalid choice\n");
        -:  774:          printf("Must gain an estate if there are any\n");
        -:  775:        }
    #####:  776:        if (supplyCount(estate, state) > 0){
call    0 never executed
branch  1 never executed
branch  2 never executed
    #####:  777:          gainCard(estate, state, 0, currentPlayer);
call    0 never executed
    #####:  778:          state->supplyCount[estate]--;//Decrement estates
    #####:  779:          if (supplyCount(estate, state) == 0){
call    0 never executed
branch  1 never executed
branch  2 never executed
    #####:  780:            isGameOver(state);
call    0 never executed
        -:  781:          }
        -:  782:        }
    #####:  783:        card_not_discarded = 0;//Exit the loop
        -:  784:      }
        -:  785:
        -:  786:      else{
    #####:  787:        p++;//Next card
        -:  788:      }
        -:  789:    }
        -:  790:  }
        -:  791:
        -:  792:  else{
    #####:  793:    if (supplyCount(estate, state) > 0){
call    0 never executed
branch  1 never executed
branch  2 never executed
    #####:  794:      gainCard(estate, state, 0, currentPlayer);//Gain an estate
call    0 never executed
    #####:  795:      state->supplyCount[estate]--;//Decrement Estates
    #####:  796:      if (supplyCount(estate, state) == 0){
call    0 never executed
branch  1 never executed
branch  2 never executed
    #####:  797:        isGameOver(state);
call    0 never executed
        -:  798:      }
        -:  799:    }
        -:  800:  }
        -:  801:
        -:  802:
    #####:  803:  return 0;
        -:  804:
        -:  805:}
        -:  806:
function great_hallCard called 4 returned 100% blocks executed 100%
        4:  807:int great_hallCard(struct gameState *state, int currentPlayer, int handPos){
        -:  808:
        -:  809:  //+1 Card
        4:  810:  drawCard(currentPlayer, state);
call    0 returned 100%
        -:  811:
        -:  812:  //+1 Actions
        4:  813:  state->numActions++;
        -:  814:
        -:  815:  //discard card from hand
        4:  816:  discardCard(handPos, currentPlayer, state, 0);
call    0 returned 100%
        -:  817:
        4:  818:  return 0;
        -:  819:}
        -:  820:
function cardEffect called 0 returned 0% blocks executed 0%
    #####:  821:int cardEffect(int card, int choice1, int choice2, int choice3, struct gameState *state, int handPos, int *bonus)
        -:  822:{
        -:  823:  int i;
        -:  824:  int j;
        -:  825:  int k;
        -:  826:  int x;
        -:  827:  int index;
    #####:  828:  int currentPlayer = whoseTurn(state);
call    0 never executed
    #####:  829:  int nextPlayer = currentPlayer + 1;
        -:  830:
    #####:  831:  int tributeRevealedCards[2] = {-1, -1};
        -:  832:  int temphand[MAX_HAND];// moved above the if statement
    #####:  833:  int drawntreasure=0;
        -:  834:  int cardDrawn;
    #####:  835:  int z = 0;// this is the counter for the temp hand
    #####:  836:  if (nextPlayer > (state->numPlayers - 1)){
branch  0 never executed
branch  1 never executed
    #####:  837:    nextPlayer = 0;
        -:  838:  }
        -:  839:
        -:  840:
        -:  841:  //uses switch to select card and perform actions
    #####:  842:  switch( card )
branch  0 never executed
branch  1 never executed
branch  2 never executed
branch  3 never executed
branch  4 never executed
branch  5 never executed
branch  6 never executed
branch  7 never executed
branch  8 never executed
branch  9 never executed
branch 10 never executed
branch 11 never executed
branch 12 never executed
branch 13 never executed
branch 14 never executed
branch 15 never executed
branch 16 never executed
branch 17 never executed
branch 18 never executed
branch 19 never executed
branch 20 never executed
        -:  843:  {
        -:  844:    case adventurer:
        -:  845:
    #####:  846:      adventurerCard(state, currentPlayer);
call    0 never executed
        -:  847:
        -:  848:
        -:  849:    case council_room:
        -:  850:
    #####:  851:      councilRoomCard(state, currentPlayer ,handPos);
call    0 never executed
        -:  852:
        -:  853:
        -:  854:    case feast:
        -:  855:      //gain card with cost up to 5
        -:  856:      //Backup hand
    #####:  857:      for (i = 0; i <= state->handCount[currentPlayer]; i++){
branch  0 never executed
branch  1 never executed
    #####:  858:        temphand[i] = state->hand[currentPlayer][i];//Backup card
    #####:  859:        state->hand[currentPlayer][i] = -1;//Set to nothing
        -:  860:      }
        -:  861:          //Backup hand
        -:  862:
        -:  863:          //Update Coins for Buy
    #####:  864:          updateCoins(currentPlayer, state, 5);
call    0 never executed
    #####:  865:          x = 1;//Condition to loop on
    #####:  866:          while( x == 1) {//Buy one card
branch  0 never executed
branch  1 never executed
    #####:  867:            if (supplyCount(choice1, state) <= 0){
call    0 never executed
branch  1 never executed
branch  2 never executed
        -:  868:              if (DEBUG)
        -:  869:                printf("None of that card left, sorry!\n");
        -:  870:
        -:  871:              if (DEBUG){
        -:  872:                printf("Cards Left: %d\n", supplyCount(choice1, state));
        -:  873:              }
        -:  874:            }
    #####:  875:            else if (state->coins < getCost(choice1)){
call    0 never executed
branch  1 never executed
branch  2 never executed
    #####:  876:              printf("That card is too expensive!\n");
call    0 never executed
        -:  877:
        -:  878:              if (DEBUG){
        -:  879:                printf("Coins: %d < %d\n", state->coins, getCost(choice1));
        -:  880:              }
        -:  881:            }
        -:  882:            else{
        -:  883:
        -:  884:              if (DEBUG){
        -:  885:                printf("Deck Count: %d\n", state->handCount[currentPlayer] + state->deckCount[currentPlayer] + state->discardCount[currentPlayer]);
        -:  886:              }
        -:  887:
    #####:  888:              gainCard(choice1, state, 0, currentPlayer);//Gain the card
call    0 never executed
    #####:  889:              x = 0;//No more buying cards
        -:  890:
        -:  891:              if (DEBUG){
        -:  892:                printf("Deck Count: %d\n", state->handCount[currentPlayer] + state->deckCount[currentPlayer] + state->discardCount[currentPlayer]);
        -:  893:              }
        -:  894:
        -:  895:            }
        -:  896:          }
        -:  897:
        -:  898:          //Reset Hand
    #####:  899:          for (i = 0; i <= state->handCount[currentPlayer]; i++){
branch  0 never executed
branch  1 never executed
    #####:  900:            state->hand[currentPlayer][i] = temphand[i];
    #####:  901:            temphand[i] = -1;
        -:  902:          }
        -:  903:          //Reset Hand
        -:  904:
    #####:  905:          return 0;
        -:  906:
        -:  907:    case gardens:
    #####:  908:      return -1;
        -:  909:
        -:  910:    case mine:
    #####:  911:      j = state->hand[currentPlayer][choice1];  //store card we will trash
        -:  912:
    #####:  913:          if (state->hand[currentPlayer][choice1] < copper || state->hand[currentPlayer][choice1] > gold)
branch  0 never executed
branch  1 never executed
branch  2 never executed
branch  3 never executed
        -:  914:          {
    #####:  915:            return -1;
        -:  916:          }
        -:  917:
    #####:  918:          if (choice2 > treasure_map || choice2 < curse)
branch  0 never executed
branch  1 never executed
branch  2 never executed
branch  3 never executed
        -:  919:          {
    #####:  920:            return -1;
        -:  921:          }
        -:  922:
    #####:  923:          if ( (getCost(state->hand[currentPlayer][choice1]) + 3) > getCost(choice2) )
call    0 never executed
call    1 never executed
branch  2 never executed
branch  3 never executed
        -:  924:          {
    #####:  925:            return -1;
        -:  926:          }
        -:  927:
    #####:  928:          gainCard(choice2, state, 2, currentPlayer);
call    0 never executed
        -:  929:
        -:  930:          //discard card from hand
    #####:  931:          discardCard(handPos, currentPlayer, state, 0);
call    0 never executed
        -:  932:
        -:  933:          //discard trashed card
    #####:  934:          for (i = 0; i < state->handCount[currentPlayer]; i++)
branch  0 never executed
branch  1 never executed
        -:  935:          {
    #####:  936:            if (state->hand[currentPlayer][i] == j)
branch  0 never executed
branch  1 never executed
        -:  937:            {
    #####:  938:              discardCard(i, currentPlayer, state, 0);
call    0 never executed
    #####:  939:              break;
        -:  940:            }
        -:  941:          }
        -:  942:
    #####:  943:          return 0;
        -:  944:
        -:  945:    case remodel:
    #####:  946:      j = state->hand[currentPlayer][choice1];  //store card we will trash
        -:  947:
    #####:  948:          if ( (getCost(state->hand[currentPlayer][choice1]) + 2) > getCost(choice2) )
call    0 never executed
call    1 never executed
branch  2 never executed
branch  3 never executed
        -:  949:          {
    #####:  950:            return -1;
        -:  951:          }
        -:  952:
    #####:  953:          gainCard(choice2, state, 0, currentPlayer);
call    0 never executed
        -:  954:
        -:  955:          //discard card from hand
    #####:  956:          discardCard(handPos, currentPlayer, state, 0);
call    0 never executed
        -:  957:
        -:  958:          //discard trashed card
    #####:  959:          for (i = 0; i < state->handCount[currentPlayer]; i++)
branch  0 never executed
branch  1 never executed
        -:  960:          {
    #####:  961:            if (state->hand[currentPlayer][i] == j)
branch  0 never executed
branch  1 never executed
        -:  962:            {
    #####:  963:              discardCard(i, currentPlayer, state, 0);
call    0 never executed
    #####:  964:              break;
        -:  965:            }
        -:  966:          }
        -:  967:
        -:  968:
    #####:  969:          return 0;
        -:  970:
        -:  971:    case smithy:
    #####:  972:      smithyCard(state, handPos, currentPlayer);
call    0 never executed
        -:  973:
        -:  974:    case village:
    #####:  975:      villageCard(state, handPos);
call    0 never executed
        -:  976:
        -:  977:    case baron:
    #####:  978:      baronCard(state, choice1);
call    0 never executed
        -:  979:
        -:  980:    case great_hall:
    #####:  981:      great_hallCard(state, currentPlayer, handPos);
call    0 never executed
        -:  982:
        -:  983:    case minion:
        -:  984:      //+1 action
    #####:  985:      state->numActions++;
        -:  986:
        -:  987:          //discard card from hand
    #####:  988:          discardCard(handPos, currentPlayer, state, 0);
call    0 never executed
        -:  989:
    #####:  990:          if (choice1)		//+2 coins
branch  0 never executed
branch  1 never executed
        -:  991:          {
    #####:  992:            state->coins = state->coins + 2;
        -:  993:          }
        -:  994:
    #####:  995:          else if (choice2)		//discard hand, redraw 4, other players with 5+ cards discard hand and draw 4
branch  0 never executed
branch  1 never executed
        -:  996:          {
        -:  997:            //discard hand
    #####:  998:            while(numHandCards(state) > 0)
call    0 never executed
branch  1 never executed
branch  2 never executed
        -:  999:            {
    #####: 1000:              discardCard(handPos, currentPlayer, state, 0);
call    0 never executed
        -: 1001:            }
        -: 1002:
        -: 1003:            //draw 4
    #####: 1004:            for (i = 0; i < 4; i++)
branch  0 never executed
branch  1 never executed
        -: 1005:            {
    #####: 1006:              drawCard(currentPlayer, state);
call    0 never executed
        -: 1007:            }
        -: 1008:
        -: 1009:            //other players discard hand and redraw if hand size > 4
    #####: 1010:            for (i = 0; i < state->numPlayers; i++)
branch  0 never executed
branch  1 never executed
        -: 1011:            {
    #####: 1012:              if (i != currentPlayer)
branch  0 never executed
branch  1 never executed
        -: 1013:              {
    #####: 1014:                if ( state->handCount[i] > 4 )
branch  0 never executed
branch  1 never executed
        -: 1015:                {
        -: 1016:                  //discard hand
    #####: 1017:                  while( state->handCount[i] > 0 )
branch  0 never executed
branch  1 never executed
        -: 1018:                  {
    #####: 1019:                    discardCard(handPos, i, state, 0);
call    0 never executed
        -: 1020:                  }
        -: 1021:
        -: 1022:                  //draw 4
    #####: 1023:                  for (j = 0; j < 4; j++)
branch  0 never executed
branch  1 never executed
        -: 1024:                  {
    #####: 1025:                    drawCard(i, state);
call    0 never executed
        -: 1026:                  }
        -: 1027:                }
        -: 1028:              }
        -: 1029:            }
        -: 1030:
        -: 1031:          }
    #####: 1032:          return 0;
        -: 1033:
        -: 1034:    case steward:
    #####: 1035:      if (choice1 == 1)
branch  0 never executed
branch  1 never executed
        -: 1036:      {
        -: 1037:        //+2 cards
    #####: 1038:        drawCard(currentPlayer, state);
call    0 never executed
    #####: 1039:        drawCard(currentPlayer, state);
call    0 never executed
        -: 1040:      }
    #####: 1041:      else if (choice1 == 2)
branch  0 never executed
branch  1 never executed
        -: 1042:      {
        -: 1043:        //+2 coins
    #####: 1044:        state->coins = state->coins + 2;
        -: 1045:      }
        -: 1046:      else
        -: 1047:      {
        -: 1048:        //trash 2 cards in hand
    #####: 1049:        discardCard(choice2, currentPlayer, state, 1);
call    0 never executed
    #####: 1050:        discardCard(choice3, currentPlayer, state, 1);
call    0 never executed
        -: 1051:      }
        -: 1052:
        -: 1053:          //discard card from hand
    #####: 1054:          discardCard(handPos, currentPlayer, state, 0);
call    0 never executed
    #####: 1055:          return 0;
        -: 1056:
        -: 1057:    case tribute:
    #####: 1058:      if ((state->discardCount[nextPlayer] + state->deckCount[nextPlayer]) <= 1){
branch  0 never executed
branch  1 never executed
    #####: 1059:        if (state->deckCount[nextPlayer] > 0){
branch  0 never executed
branch  1 never executed
    #####: 1060:          tributeRevealedCards[0] = state->deck[nextPlayer][state->deckCount[nextPlayer]-1];
    #####: 1061:          state->deckCount[nextPlayer]--;
        -: 1062:        }
    #####: 1063:        else if (state->discardCount[nextPlayer] > 0){
branch  0 never executed
branch  1 never executed
    #####: 1064:          tributeRevealedCards[0] = state->discard[nextPlayer][state->discardCount[nextPlayer]-1];
    #####: 1065:          state->discardCount[nextPlayer]--;
        -: 1066:        }
        -: 1067:        else{
        -: 1068:          //No Card to Reveal
        -: 1069:          if (DEBUG){
        -: 1070:            printf("No cards to reveal\n");
        -: 1071:          }
        -: 1072:        }
        -: 1073:      }
        -: 1074:
        -: 1075:      else{
    #####: 1076:        if (state->deckCount[nextPlayer] == 0){
branch  0 never executed
branch  1 never executed
    #####: 1077:          for (i = 0; i < state->discardCount[nextPlayer]; i++){
branch  0 never executed
branch  1 never executed
    #####: 1078:            state->deck[nextPlayer][i] = state->discard[nextPlayer][i];//Move to deck
    #####: 1079:            state->deckCount[nextPlayer]++;
    #####: 1080:            state->discard[nextPlayer][i] = -1;
    #####: 1081:            state->discardCount[nextPlayer]--;
        -: 1082:          }
        -: 1083:
    #####: 1084:          shuffle(nextPlayer,state);//Shuffle the deck
call    0 never executed
        -: 1085:        }
    #####: 1086:        tributeRevealedCards[0] = state->deck[nextPlayer][state->deckCount[nextPlayer]-1];
    #####: 1087:        state->deck[nextPlayer][state->deckCount[nextPlayer]--] = -1;
    #####: 1088:        state->deckCount[nextPlayer]--;
    #####: 1089:        tributeRevealedCards[1] = state->deck[nextPlayer][state->deckCount[nextPlayer]-1];
    #####: 1090:        state->deck[nextPlayer][state->deckCount[nextPlayer]--] = -1;
    #####: 1091:        state->deckCount[nextPlayer]--;
        -: 1092:      }
        -: 1093:
    #####: 1094:          if (tributeRevealedCards[0] == tributeRevealedCards[1]){//If we have a duplicate card, just drop one
branch  0 never executed
branch  1 never executed
    #####: 1095:            state->playedCards[state->playedCardCount] = tributeRevealedCards[1];
    #####: 1096:            state->playedCardCount++;
    #####: 1097:            tributeRevealedCards[1] = -1;
        -: 1098:          }
        -: 1099:
    #####: 1100:          for (i = 0; i <= 2; i ++){
branch  0 never executed
branch  1 never executed
    #####: 1101:            if (tributeRevealedCards[i] == copper || tributeRevealedCards[i] == silver || tributeRevealedCards[i] == gold){//Treasure cards
branch  0 never executed
branch  1 never executed
branch  2 never executed
branch  3 never executed
branch  4 never executed
branch  5 never executed
    #####: 1102:              state->coins += 2;
        -: 1103:            }
        -: 1104:
    #####: 1105:            else if (tributeRevealedCards[i] == estate || tributeRevealedCards[i] == duchy || tributeRevealedCards[i] == province || tributeRevealedCards[i] == gardens || tributeRevealedCards[i] == great_hall){//Victory Card Found
branch  0 never executed
branch  1 never executed
branch  2 never executed
branch  3 never executed
branch  4 never executed
branch  5 never executed
branch  6 never executed
branch  7 never executed
branch  8 never executed
branch  9 never executed
    #####: 1106:              drawCard(currentPlayer, state);
call    0 never executed
    #####: 1107:              drawCard(currentPlayer, state);
call    0 never executed
        -: 1108:            }
        -: 1109:            else{//Action Card
    #####: 1110:              state->numActions = state->numActions + 2;
        -: 1111:            }
        -: 1112:          }
        -: 1113:
    #####: 1114:          return 0;
        -: 1115:
        -: 1116:    case ambassador:
    #####: 1117:      j = 0;		//used to check if player has enough cards to discard
        -: 1118:
    #####: 1119:          if (choice2 > 2 || choice2 < 0)
branch  0 never executed
branch  1 never executed
branch  2 never executed
branch  3 never executed
        -: 1120:          {
    #####: 1121:            return -1;
        -: 1122:          }
        -: 1123:
    #####: 1124:          if (choice1 == handPos)
branch  0 never executed
branch  1 never executed
        -: 1125:          {
    #####: 1126:            return -1;
        -: 1127:          }
        -: 1128:
    #####: 1129:          for (i = 0; i < state->handCount[currentPlayer]; i++)
branch  0 never executed
branch  1 never executed
        -: 1130:          {
    #####: 1131:            if (i != handPos && i == state->hand[currentPlayer][choice1] && i != choice1)
branch  0 never executed
branch  1 never executed
branch  2 never executed
branch  3 never executed
branch  4 never executed
branch  5 never executed
        -: 1132:            {
    #####: 1133:              j++;
        -: 1134:            }
        -: 1135:          }
    #####: 1136:          if (j < choice2)
branch  0 never executed
branch  1 never executed
        -: 1137:          {
    #####: 1138:            return -1;
        -: 1139:          }
        -: 1140:
        -: 1141:          if (DEBUG)
        -: 1142:            printf("Player %d reveals card number: %d\n", currentPlayer, state->hand[currentPlayer][choice1]);
        -: 1143:
        -: 1144:          //increase supply count for choosen card by amount being discarded
    #####: 1145:          state->supplyCount[state->hand[currentPlayer][choice1]] += choice2;
        -: 1146:
        -: 1147:          //each other player gains a copy of revealed card
    #####: 1148:          for (i = 0; i < state->numPlayers; i++)
branch  0 never executed
branch  1 never executed
        -: 1149:          {
    #####: 1150:            if (i != currentPlayer)
branch  0 never executed
branch  1 never executed
        -: 1151:            {
    #####: 1152:              gainCard(state->hand[currentPlayer][choice1], state, 0, i);
call    0 never executed
        -: 1153:            }
        -: 1154:          }
        -: 1155:
        -: 1156:          //discard played card from hand
    #####: 1157:          discardCard(handPos, currentPlayer, state, 0);
call    0 never executed
        -: 1158:
        -: 1159:          //trash copies of cards returned to supply
    #####: 1160:          for (j = 0; j < choice2; j++)
branch  0 never executed
branch  1 never executed
        -: 1161:          {
    #####: 1162:            for (i = 0; i < state->handCount[currentPlayer]; i++)
branch  0 never executed
branch  1 never executed
        -: 1163:            {
    #####: 1164:              if (state->hand[currentPlayer][i] == state->hand[currentPlayer][choice1])
branch  0 never executed
branch  1 never executed
        -: 1165:              {
    #####: 1166:                discardCard(i, currentPlayer, state, 1);
call    0 never executed
    #####: 1167:                break;
        -: 1168:              }
        -: 1169:            }
        -: 1170:          }
        -: 1171:
    #####: 1172:          return 0;
        -: 1173:
        -: 1174:    case cutpurse:
        -: 1175:
    #####: 1176:      updateCoins(currentPlayer, state, 2);
call    0 never executed
    #####: 1177:          for (i = 0; i < state->numPlayers; i++)
branch  0 never executed
branch  1 never executed
        -: 1178:          {
    #####: 1179:            if (i != currentPlayer)
branch  0 never executed
branch  1 never executed
        -: 1180:            {
    #####: 1181:              for (j = 0; j < state->handCount[i]; j++)
branch  0 never executed
branch  1 never executed
        -: 1182:              {
    #####: 1183:                if (state->hand[i][j] == copper)
branch  0 never executed
branch  1 never executed
        -: 1184:                {
    #####: 1185:                  discardCard(j, i, state, 0);
call    0 never executed
    #####: 1186:                  break;
        -: 1187:                }
    #####: 1188:                if (j == state->handCount[i])
branch  0 never executed
branch  1 never executed
        -: 1189:                {
    #####: 1190:                  for (k = 0; k < state->handCount[i]; k++)
branch  0 never executed
branch  1 never executed
        -: 1191:                  {
        -: 1192:                    if (DEBUG)
        -: 1193:                      printf("Player %d reveals card number %d\n", i, state->hand[i][k]);
        -: 1194:                  }
    #####: 1195:                  break;
        -: 1196:                }
        -: 1197:              }
        -: 1198:
        -: 1199:            }
        -: 1200:
        -: 1201:          }
        -: 1202:
        -: 1203:          //discard played card from hand
    #####: 1204:          discardCard(handPos, currentPlayer, state, 0);
call    0 never executed
        -: 1205:
    #####: 1206:          return 0;
        -: 1207:
        -: 1208:
        -: 1209:    case embargo:
        -: 1210:      //+2 Coins
    #####: 1211:      state->coins = state->coins + 2;
        -: 1212:
        -: 1213:          //see if selected pile is in play
    #####: 1214:          if ( state->supplyCount[choice1] == -1 )
branch  0 never executed
branch  1 never executed
        -: 1215:          {
    #####: 1216:            return -1;
        -: 1217:          }
        -: 1218:
        -: 1219:          //add embargo token to selected supply pile
    #####: 1220:          state->embargoTokens[choice1]++;
        -: 1221:
        -: 1222:          //trash card
    #####: 1223:          discardCard(handPos, currentPlayer, state, 1);
call    0 never executed
    #####: 1224:          return 0;
        -: 1225:
        -: 1226:    case outpost:
        -: 1227:      //set outpost flag
    #####: 1228:      state->outpostPlayed++;
        -: 1229:
        -: 1230:          //discard card
    #####: 1231:          discardCard(handPos, currentPlayer, state, 0);
call    0 never executed
    #####: 1232:          return 0;
        -: 1233:
        -: 1234:    case salvager:
        -: 1235:      //+1 buy
    #####: 1236:      state->numBuys++;
        -: 1237:
    #####: 1238:          if (choice1)
branch  0 never executed
branch  1 never executed
        -: 1239:          {
        -: 1240:            //gain coins equal to trashed card
    #####: 1241:            state->coins = state->coins + getCost( handCard(choice1, state) );
call    0 never executed
call    1 never executed
        -: 1242:            //trash card
    #####: 1243:            discardCard(choice1, currentPlayer, state, 1);
call    0 never executed
        -: 1244:          }
        -: 1245:
        -: 1246:          //discard card
    #####: 1247:          discardCard(handPos, currentPlayer, state, 0);
call    0 never executed
    #####: 1248:          return 0;
        -: 1249:
        -: 1250:    case sea_hag:
    #####: 1251:      for (i = 0; i < state->numPlayers; i++){
branch  0 never executed
branch  1 never executed
    #####: 1252:        if (i != currentPlayer){
branch  0 never executed
branch  1 never executed
    #####: 1253:          state->discard[i][state->discardCount[i]] = state->deck[i][state->deckCount[i]--];			    state->deckCount[i]--;
    #####: 1254:          state->discardCount[i]++;
    #####: 1255:          state->deck[i][state->deckCount[i]--] = curse;//Top card now a curse
        -: 1256:        }
        -: 1257:      }
    #####: 1258:          return 0;
        -: 1259:
        -: 1260:    case treasure_map:
        -: 1261:      //search hand for another treasure_map
    #####: 1262:      index = -1;
    #####: 1263:          for (i = 0; i < state->handCount[currentPlayer]; i++)
branch  0 never executed
branch  1 never executed
        -: 1264:          {
    #####: 1265:            if (state->hand[currentPlayer][i] == treasure_map && i != handPos)
branch  0 never executed
branch  1 never executed
branch  2 never executed
branch  3 never executed
        -: 1266:            {
    #####: 1267:              index = i;
    #####: 1268:              break;
        -: 1269:            }
        -: 1270:          }
    #####: 1271:          if (index > -1)
branch  0 never executed
branch  1 never executed
        -: 1272:          {
        -: 1273:            //trash both treasure cards
    #####: 1274:            discardCard(handPos, currentPlayer, state, 1);
call    0 never executed
    #####: 1275:            discardCard(index, currentPlayer, state, 1);
call    0 never executed
        -: 1276:
        -: 1277:            //gain 4 Gold cards
    #####: 1278:            for (i = 0; i < 4; i++)
branch  0 never executed
branch  1 never executed
        -: 1279:            {
    #####: 1280:              gainCard(gold, state, 1, currentPlayer);
call    0 never executed
        -: 1281:            }
        -: 1282:
        -: 1283:            //return success
    #####: 1284:            return 1;
        -: 1285:          }
        -: 1286:
        -: 1287:          //no second treasure_map found in hand
    #####: 1288:          return -1;
        -: 1289:  }
        -: 1290:
    #####: 1291:  return -1;
        -: 1292:}
        -: 1293:
function discardCard called 200052 returned 100% blocks executed 100%
   200052: 1294:int discardCard(int handPos, int currentPlayer, struct gameState *state, int trashFlag)
        -: 1295:{
        -: 1296:
        -: 1297:  //if card is not trashed, added to Played pile
   200052: 1298:  if (trashFlag < 1)
branch  0 taken 99% (fallthrough)
branch  1 taken 1%
        -: 1299:  {
        -: 1300:    //add card to played pile
   200024: 1301:    state->playedCards[state->playedCardCount] = state->hand[currentPlayer][handPos];
   200024: 1302:    state->playedCardCount++;
        -: 1303:  }
        -: 1304:
        -: 1305:  //set played card to -1
   200052: 1306:  state->hand[currentPlayer][handPos] = -1;
        -: 1307:
        -: 1308:  //remove card from player's hand
   200052: 1309:  if ( handPos == (state->handCount[currentPlayer] - 1) ) 	//last card in hand array is played
branch  0 taken 1% (fallthrough)
branch  1 taken 99%
        -: 1310:  {
        -: 1311:    //reduce number of cards in hand
       16: 1312:    state->handCount[currentPlayer]--;
        -: 1313:  }
   200036: 1314:  else if ( state->handCount[currentPlayer] == 1 ) //only one card in hand
branch  0 taken 1% (fallthrough)
branch  1 taken 99%
        -: 1315:  {
        -: 1316:    //reduce number of cards in hand
        8: 1317:    state->handCount[currentPlayer]--;
        -: 1318:  }
        -: 1319:  else
        -: 1320:  {
        -: 1321:    //replace discarded card with last card in hand
   200028: 1322:    state->hand[currentPlayer][handPos] = state->hand[currentPlayer][ (state->handCount[currentPlayer] - 1)];
        -: 1323:    //set last card to -1
   200028: 1324:    state->hand[currentPlayer][state->handCount[currentPlayer] - 1] = -1;
        -: 1325:    //reduce number of cards in hand
   200028: 1326:    state->handCount[currentPlayer]--;
        -: 1327:  }
        -: 1328:
   200052: 1329:  return 0;
        -: 1330:}
        -: 1331:
function gainCard called 312 returned 100% blocks executed 100%
      312: 1332:int gainCard(int supplyPos, struct gameState *state, int toFlag, int player)
        -: 1333:{
        -: 1334:  //Note: supplyPos is enum of choosen card
        -: 1335:
        -: 1336:  //check if supply pile is empty (0) or card is not used in game (-1)
      312: 1337:  if ( supplyCount(supplyPos, state) < 1 )
call    0 returned 100%
branch  1 taken 35% (fallthrough)
branch  2 taken 65%
        -: 1338:  {
      108: 1339:    return -1;
        -: 1340:  }
        -: 1341:
        -: 1342:  //added card for [whoseTurn] current player:
        -: 1343:  // toFlag = 0 : add to discard
        -: 1344:  // toFlag = 1 : add to deck
        -: 1345:  // toFlag = 2 : add to hand
        -: 1346:
      204: 1347:  if (toFlag == 1)
branch  0 taken 33% (fallthrough)
branch  1 taken 67%
        -: 1348:  {
       68: 1349:    state->deck[ player ][ state->deckCount[player] ] = supplyPos;
       68: 1350:    state->deckCount[player]++;
        -: 1351:  }
      136: 1352:  else if (toFlag == 2)
branch  0 taken 50% (fallthrough)
branch  1 taken 50%
        -: 1353:  {
       68: 1354:    state->hand[ player ][ state->handCount[player] ] = supplyPos;
       68: 1355:    state->handCount[player]++;
        -: 1356:  }
        -: 1357:  else
        -: 1358:  {
       68: 1359:    state->discard[player][ state->discardCount[player] ] = supplyPos;
       68: 1360:    state->discardCount[player]++;
        -: 1361:  }
        -: 1362:
        -: 1363:  //decrease number in supply pile
      204: 1364:  state->supplyCount[supplyPos]--;
        -: 1365:
      204: 1366:  return 0;
        -: 1367:}
        -: 1368:
function updateCoins called 40 returned 100% blocks executed 82%
       40: 1369:int updateCoins(int player, struct gameState *state, int bonus)
        -: 1370:{
        -: 1371:  int i;
        -: 1372:
        -: 1373:  //reset coin count
       40: 1374:  state->coins = 0;
        -: 1375:
        -: 1376:  //add coins for each Treasure card in player's hand
      240: 1377:  for (i = 0; i < state->handCount[player]; i++)
branch  0 taken 83%
branch  1 taken 17% (fallthrough)
        -: 1378:  {
      200: 1379:    if (state->hand[player][i] == copper)
branch  0 taken 82% (fallthrough)
branch  1 taken 19%
        -: 1380:    {
      163: 1381:      state->coins += 1;
        -: 1382:    }
       37: 1383:    else if (state->hand[player][i] == silver)
branch  0 taken 0% (fallthrough)
branch  1 taken 100%
        -: 1384:    {
    #####: 1385:      state->coins += 2;
        -: 1386:    }
       37: 1387:    else if (state->hand[player][i] == gold)
branch  0 taken 0% (fallthrough)
branch  1 taken 100%
        -: 1388:    {
    #####: 1389:      state->coins += 3;
        -: 1390:    }
        -: 1391:  }
        -: 1392:
        -: 1393:  //add bonus
       40: 1394:  state->coins += bonus;
        -: 1395:
       40: 1396:  return 0;
        -: 1397:}
        -: 1398:
        -: 1399:
        -: 1400://end of dominion.c
        -: 1401:
